[0.012s] Invoking command in '/home/michael/Desktop/HardCodeHeroesMajorProject/auto_rotate/build/auto_rotate': CMAKE_PREFIX_PATH=${CMAKE_PREFIX_PATH}:/home/michael/turtlebot3_ws/install/turtlebot3_teleop:/home/michael/turtlebot3_ws/install/turtlebot3_example:/opt/ros/humble /usr/bin/cmake /home/michael/Desktop/HardCodeHeroesMajorProject/auto_rotate -DCMAKE_INSTALL_PREFIX=/home/michael/Desktop/HardCodeHeroesMajorProject/auto_rotate/install/auto_rotate
[0.273s] -- The C compiler identification is GNU 11.4.0
[0.392s] -- The CXX compiler identification is GNU 11.4.0
[0.401s] -- Detecting C compiler ABI info
[0.471s] -- Detecting C compiler ABI info - done
[0.480s] -- Check for working C compiler: /usr/bin/cc - skipped
[0.480s] -- Detecting C compile features
[0.481s] -- Detecting C compile features - done
[0.486s] -- Detecting CXX compiler ABI info
[0.568s] -- Detecting CXX compiler ABI info - done
[0.578s] -- Check for working CXX compiler: /usr/bin/c++ - skipped
[0.579s] -- Detecting CXX compile features
[0.579s] -- Detecting CXX compile features - done
[0.588s] -- Found ament_cmake: 1.3.10 (/opt/ros/humble/share/ament_cmake/cmake)
[0.817s] -- Found Python3: /usr/bin/python3 (found version "3.10.12") found components: Interpreter 
[0.959s] -- Found rclcpp: 16.0.10 (/opt/ros/humble/share/rclcpp/cmake)
[1.026s] -- Found rosidl_generator_c: 3.1.5 (/opt/ros/humble/share/rosidl_generator_c/cmake)
[1.036s] -- Found rosidl_adapter: 3.1.5 (/opt/ros/humble/share/rosidl_adapter/cmake)
[1.049s] -- Found rosidl_generator_cpp: 3.1.5 (/opt/ros/humble/share/rosidl_generator_cpp/cmake)
[1.066s] -- Using all available rosidl_typesupport_c: rosidl_typesupport_fastrtps_c;rosidl_typesupport_introspection_c
[1.120s] -- Using all available rosidl_typesupport_cpp: rosidl_typesupport_fastrtps_cpp;rosidl_typesupport_introspection_cpp
[1.187s] -- Found rmw_implementation_cmake: 6.1.2 (/opt/ros/humble/share/rmw_implementation_cmake/cmake)
[1.192s] -- Found rmw_fastrtps_cpp: 6.2.7 (/opt/ros/humble/share/rmw_fastrtps_cpp/cmake)
[1.290s] -- Found OpenSSL: /usr/lib/x86_64-linux-gnu/libcrypto.so (found version "3.0.2")  
[1.318s] -- Found FastRTPS: /opt/ros/humble/include  
[1.363s] -- Using RMW implementation 'rmw_fastrtps_cpp' as default
[1.380s] -- Looking for pthread.h
[1.455s] -- Looking for pthread.h - found
[1.456s] -- Performing Test CMAKE_HAVE_LIBC_PTHREAD
[1.567s] -- Performing Test CMAKE_HAVE_LIBC_PTHREAD - Success
[1.568s] -- Found Threads: TRUE  
[1.647s] -- Found geometry_msgs: 4.2.4 (/opt/ros/humble/share/geometry_msgs/cmake)
[1.667s] -- Found nav2_msgs: 1.1.16 (/opt/ros/humble/share/nav2_msgs/cmake)
[1.747s] -- Found tf2_ros: 0.25.7 (/opt/ros/humble/share/tf2_ros/cmake)
[1.847s] -- Found ament_lint_auto: 0.12.11 (/opt/ros/humble/share/ament_lint_auto/cmake)
[1.975s] -- Added test 'cppcheck' to perform static code analysis on C / C++ code
[1.975s] -- Configured cppcheck include dirs: 
[1.976s] -- Configured cppcheck exclude dirs and/or files: 
[1.984s] -- Added test 'flake8' to check Python code syntax and style conventions
[1.993s] -- Added test 'lint_cmake' to check CMake code style
[1.998s] -- Added test 'pep257' to check Python code against some of the docstring style conventions in PEP 257
[2.013s] -- Added test 'uncrustify' to check C / C++ code style
[2.013s] -- Configured uncrustify additional arguments: 
[2.015s] -- Added test 'xmllint' to check XML markup files
[2.018s] -- Configuring done
[2.024s] -- Generating done
[2.027s] -- Build files have been written to: /home/michael/Desktop/HardCodeHeroesMajorProject/auto_rotate/build/auto_rotate
[2.039s] Invoked command in '/home/michael/Desktop/HardCodeHeroesMajorProject/auto_rotate/build/auto_rotate' returned '0': CMAKE_PREFIX_PATH=${CMAKE_PREFIX_PATH}:/home/michael/turtlebot3_ws/install/turtlebot3_teleop:/home/michael/turtlebot3_ws/install/turtlebot3_example:/opt/ros/humble /usr/bin/cmake /home/michael/Desktop/HardCodeHeroesMajorProject/auto_rotate -DCMAKE_INSTALL_PREFIX=/home/michael/Desktop/HardCodeHeroesMajorProject/auto_rotate/install/auto_rotate
[2.040s] Invoking command in '/home/michael/Desktop/HardCodeHeroesMajorProject/auto_rotate/build/auto_rotate': CMAKE_PREFIX_PATH=${CMAKE_PREFIX_PATH}:/home/michael/turtlebot3_ws/install/turtlebot3_teleop:/home/michael/turtlebot3_ws/install/turtlebot3_example:/opt/ros/humble /usr/bin/cmake --build /home/michael/Desktop/HardCodeHeroesMajorProject/auto_rotate/build/auto_rotate -- -j8 -l8
[2.081s] Invoked command in '/home/michael/Desktop/HardCodeHeroesMajorProject/auto_rotate/build/auto_rotate' returned '0': CMAKE_PREFIX_PATH=${CMAKE_PREFIX_PATH}:/home/michael/turtlebot3_ws/install/turtlebot3_teleop:/home/michael/turtlebot3_ws/install/turtlebot3_example:/opt/ros/humble /usr/bin/cmake --build /home/michael/Desktop/HardCodeHeroesMajorProject/auto_rotate/build/auto_rotate -- -j8 -l8
[2.114s] Invoking command in '/home/michael/Desktop/HardCodeHeroesMajorProject/auto_rotate/build/auto_rotate': CMAKE_PREFIX_PATH=${CMAKE_PREFIX_PATH}:/home/michael/turtlebot3_ws/install/turtlebot3_teleop:/home/michael/turtlebot3_ws/install/turtlebot3_example:/opt/ros/humble /usr/bin/cmake --install /home/michael/Desktop/HardCodeHeroesMajorProject/auto_rotate/build/auto_rotate
[2.122s] -- Install configuration: ""
[2.122s] -- Installing: /home/michael/Desktop/HardCodeHeroesMajorProject/auto_rotate/install/auto_rotate/share/ament_index/resource_index/package_run_dependencies/auto_rotate
[2.123s] -- Installing: /home/michael/Desktop/HardCodeHeroesMajorProject/auto_rotate/install/auto_rotate/share/ament_index/resource_index/parent_prefix_path/auto_rotate
[2.123s] -- Installing: /home/michael/Desktop/HardCodeHeroesMajorProject/auto_rotate/install/auto_rotate/share/auto_rotate/environment/ament_prefix_path.sh
[2.123s] -- Installing: /home/michael/Desktop/HardCodeHeroesMajorProject/auto_rotate/install/auto_rotate/share/auto_rotate/environment/ament_prefix_path.dsv
[2.123s] -- Installing: /home/michael/Desktop/HardCodeHeroesMajorProject/auto_rotate/install/auto_rotate/share/auto_rotate/environment/path.sh
[2.123s] -- Installing: /home/michael/Desktop/HardCodeHeroesMajorProject/auto_rotate/install/auto_rotate/share/auto_rotate/environment/path.dsv
[2.124s] -- Installing: /home/michael/Desktop/HardCodeHeroesMajorProject/auto_rotate/install/auto_rotate/share/auto_rotate/local_setup.bash
[2.124s] -- Installing: /home/michael/Desktop/HardCodeHeroesMajorProject/auto_rotate/install/auto_rotate/share/auto_rotate/local_setup.sh
[2.124s] -- Installing: /home/michael/Desktop/HardCodeHeroesMajorProject/auto_rotate/install/auto_rotate/share/auto_rotate/local_setup.zsh
[2.124s] -- Installing: /home/michael/Desktop/HardCodeHeroesMajorProject/auto_rotate/install/auto_rotate/share/auto_rotate/local_setup.dsv
[2.124s] -- Installing: /home/michael/Desktop/HardCodeHeroesMajorProject/auto_rotate/install/auto_rotate/share/auto_rotate/package.dsv
[2.125s] -- Installing: /home/michael/Desktop/HardCodeHeroesMajorProject/auto_rotate/install/auto_rotate/share/ament_index/resource_index/packages/auto_rotate
[2.125s] -- Installing: /home/michael/Desktop/HardCodeHeroesMajorProject/auto_rotate/install/auto_rotate/share/auto_rotate/cmake/auto_rotateConfig.cmake
[2.125s] -- Installing: /home/michael/Desktop/HardCodeHeroesMajorProject/auto_rotate/install/auto_rotate/share/auto_rotate/cmake/auto_rotateConfig-version.cmake
[2.125s] -- Installing: /home/michael/Desktop/HardCodeHeroesMajorProject/auto_rotate/install/auto_rotate/share/auto_rotate/package.xml
[2.128s] Invoked command in '/home/michael/Desktop/HardCodeHeroesMajorProject/auto_rotate/build/auto_rotate' returned '0': CMAKE_PREFIX_PATH=${CMAKE_PREFIX_PATH}:/home/michael/turtlebot3_ws/install/turtlebot3_teleop:/home/michael/turtlebot3_ws/install/turtlebot3_example:/opt/ros/humble /usr/bin/cmake --install /home/michael/Desktop/HardCodeHeroesMajorProject/auto_rotate/build/auto_rotate
