[0.022s] Invoking command in '/home/lucaslapdoglinux/major_prok_ws/HardCodeHeroesMajorProject/build/turtlebot3_gazebo': CMAKE_PREFIX_PATH=${CMAKE_PREFIX_PATH}:/home/lucaslapdoglinux/turtlebot3_ws/install/turtlebot3_teleop:/home/lucaslapdoglinux/turtlebot3_ws/install/turtlebot3_example:/home/lucaslapdoglinux/ros2_practice_ws/install/robot_math:/home/lucaslapdoglinux/ros2_practice_ws/ros2_learners/install/robot_math:/opt/ros/humble /usr/bin/cmake --build /home/lucaslapdoglinux/major_prok_ws/HardCodeHeroesMajorProject/build/turtlebot3_gazebo -- -j8 -l8
[0.068s] -- Found ament_cmake: 1.3.10 (/opt/ros/humble/share/ament_cmake/cmake)
[0.316s] [33mCMake Warning (dev) at /usr/share/cmake-3.22/Modules/FindPackageHandleStandardArgs.cmake:438 (message):
[0.316s]   The package name passed to `find_package_handle_standard_args` (PkgConfig)
[0.317s]   does not match the name of the calling package (gazebo).  This can lead to
[0.317s]   problems in calling code that expects `find_package` result variables
[0.317s]   (e.g., `_FOUND`) to follow a certain pattern.
[0.317s] Call Stack (most recent call first):
[0.317s]   /usr/share/cmake-3.22/Modules/FindPkgConfig.cmake:99 (find_package_handle_standard_args)
[0.317s]   /usr/lib/x86_64-linux-gnu/cmake/gazebo/gazebo-config.cmake:72 (include)
[0.318s]   CMakeLists.txt:23 (find_package)
[0.318s] This warning is for project developers.  Use -Wno-dev to suppress it.
[0.318s] [0m
[0.375s] -- Found DART: /usr/include (Required is at least version "6.6") found components: dart 
[0.439s] -- Found Protobuf: /usr/lib/x86_64-linux-gnu/libprotobuf.so (found version "3.12.4") 
[0.441s] -- Looking for ignition-math6 -- found version 6.15.1
[0.451s] -- Searching for dependencies of ignition-math6
[0.453s] -- Looking for OGRE...
[0.461s] -- Found Ogre Ghadamon (1.9.0)
[0.462s] -- Found OGRE: optimized;/usr/lib/x86_64-linux-gnu/libOgreMain.so;debug;/usr/lib/x86_64-linux-gnu/libOgreMain.so
[0.475s] -- Looking for OGRE_Paging...
[0.475s] -- Found OGRE_Paging: optimized;/usr/lib/x86_64-linux-gnu/libOgrePaging.so;debug;/usr/lib/x86_64-linux-gnu/libOgrePaging.so
[0.476s] -- Looking for OGRE_Terrain...
[0.476s] -- Found OGRE_Terrain: optimized;/usr/lib/x86_64-linux-gnu/libOgreTerrain.so;debug;/usr/lib/x86_64-linux-gnu/libOgreTerrain.so
[0.476s] -- Looking for OGRE_Property...
[0.477s] -- Found OGRE_Property: optimized;/usr/lib/x86_64-linux-gnu/libOgreProperty.so;debug;/usr/lib/x86_64-linux-gnu/libOgreProperty.so
[0.477s] -- Looking for OGRE_RTShaderSystem...
[0.477s] -- Found OGRE_RTShaderSystem: optimized;/usr/lib/x86_64-linux-gnu/libOgreRTShaderSystem.so;debug;/usr/lib/x86_64-linux-gnu/libOgreRTShaderSystem.so
[0.477s] -- Looking for OGRE_Volume...
[0.478s] -- Found OGRE_Volume: optimized;/usr/lib/x86_64-linux-gnu/libOgreVolume.so;debug;/usr/lib/x86_64-linux-gnu/libOgreVolume.so
[0.478s] -- Looking for OGRE_Overlay...
[0.478s] -- Found OGRE_Overlay: optimized;/usr/lib/x86_64-linux-gnu/libOgreOverlay.so;debug;/usr/lib/x86_64-linux-gnu/libOgreOverlay.so
[0.784s] -- Looking for ignition-math6 -- found version 6.15.1
[0.784s] -- Looking for ignition-transport8 -- found version 8.2.1
[0.785s] -- Searching for dependencies of ignition-transport8
[0.810s] -- Found Protobuf: /usr/lib/x86_64-linux-gnu/libprotobuf.so (found suitable version "3.12.4", minimum required is "3") 
[0.824s] -- Config-file not installed for ZeroMQ -- checking for pkg-config
[0.834s] -- Checking for module 'libzmq >= 4'
[0.855s] --   Found libzmq , version 4.3.4
[0.915s] -- Checking for module 'uuid'
[0.938s] --   Found uuid, version 2.37.2
[0.981s] -- Looking for ignition-msgs5 -- found version 5.8.1
[0.982s] -- Searching for dependencies of ignition-msgs5
[1.009s] -- Looking for ignition-math6 -- found version 6.15.1
[1.017s] -- Checking for module 'tinyxml2'
[1.040s] --   Found tinyxml2, version 9.0.0
[1.092s] -- Looking for ignition-msgs5 -- found version 5.8.1
[1.093s] -- Looking for ignition-common3 -- found version 3.14.0
[1.094s] -- Searching for dependencies of ignition-common3
[1.095s] -- Looking for dlfcn.h - found
[1.095s] -- Looking for libdl - found
[1.111s] -- Searching for <ignition-common3> component [graphics]
[1.112s] -- Looking for ignition-common3-graphics -- found version 3.14.0
[1.113s] -- Searching for dependencies of ignition-common3-graphics
[1.113s] -- Looking for ignition-math6 -- found version 6.15.1
[1.116s] -- Looking for ignition-fuel_tools4 -- found version 4.4.0
[1.117s] -- Searching for dependencies of ignition-fuel_tools4
[1.174s] -- Checking for module 'jsoncpp'
[1.195s] --   Found jsoncpp, version 1.9.5
[1.250s] -- Checking for module 'libzip'
[1.269s] --   Found libzip, version 1.7.3
[1.317s] -- Looking for ignition-common3 -- found version 3.14.0
[1.318s] -- Looking for ignition-math6 -- found version 6.15.1
[1.319s] -- Looking for ignition-msgs5 -- found version 5.8.1
[1.323s] -- Found gazebo_ros_pkgs: 3.7.0 (/opt/ros/humble/share/gazebo_ros_pkgs/cmake)
[1.323s] -- Found geometry_msgs: 4.2.4 (/opt/ros/humble/share/geometry_msgs/cmake)
[1.357s] -- Found rosidl_generator_c: 3.1.5 (/opt/ros/humble/share/rosidl_generator_c/cmake)
[1.362s] -- Found rosidl_adapter: 3.1.5 (/opt/ros/humble/share/rosidl_adapter/cmake)
[1.374s] -- Found rosidl_generator_cpp: 3.1.5 (/opt/ros/humble/share/rosidl_generator_cpp/cmake)
[1.392s] -- Using all available rosidl_typesupport_c: rosidl_typesupport_fastrtps_c;rosidl_typesupport_introspection_c
[1.419s] -- Using all available rosidl_typesupport_cpp: rosidl_typesupport_fastrtps_cpp;rosidl_typesupport_introspection_cpp
[1.475s] -- Found nav_msgs: 4.2.4 (/opt/ros/humble/share/nav_msgs/cmake)
[1.499s] -- Found nav2_msgs: 1.1.16 (/opt/ros/humble/share/nav2_msgs/cmake)
[1.560s] -- Found rclcpp: 16.0.10 (/opt/ros/humble/share/rclcpp/cmake)
[1.607s] -- Found rmw_implementation_cmake: 6.1.2 (/opt/ros/humble/share/rmw_implementation_cmake/cmake)
[1.611s] -- Found rmw_fastrtps_cpp: 6.2.7 (/opt/ros/humble/share/rmw_fastrtps_cpp/cmake)
[1.801s] -- Using RMW implementation 'rmw_fastrtps_cpp' as default
[1.878s] -- Found rclcpp_action: 16.0.10 (/opt/ros/humble/share/rclcpp_action/cmake)
[1.899s] -- Found sensor_msgs: 4.2.4 (/opt/ros/humble/share/sensor_msgs/cmake)
[1.944s] -- Found tf2: 0.25.8 (/opt/ros/humble/share/tf2/cmake)
[1.955s] -- Found tf2_ros: 0.25.8 (/opt/ros/humble/share/tf2_ros/cmake)
[2.077s] -- Found tf2_geometry_msgs: 0.25.8 (/opt/ros/humble/share/tf2_geometry_msgs/cmake)
[2.083s] -- Found eigen3_cmake_module: 0.1.1 (/opt/ros/humble/share/eigen3_cmake_module/cmake)
[2.086s] -- Ensuring Eigen3 include directory is part of orocos-kdl CMake target
[2.091s] -- Found visualization_msgs: 4.2.4 (/opt/ros/humble/share/visualization_msgs/cmake)
[2.137s] gmake: *** [Makefile:525: cmake_check_build_system] Interrupt
[2.140s] Invoked command in '/home/lucaslapdoglinux/major_prok_ws/HardCodeHeroesMajorProject/build/turtlebot3_gazebo' returned '-2': CMAKE_PREFIX_PATH=${CMAKE_PREFIX_PATH}:/home/lucaslapdoglinux/turtlebot3_ws/install/turtlebot3_teleop:/home/lucaslapdoglinux/turtlebot3_ws/install/turtlebot3_example:/home/lucaslapdoglinux/ros2_practice_ws/install/robot_math:/home/lucaslapdoglinux/ros2_practice_ws/ros2_learners/install/robot_math:/opt/ros/humble /usr/bin/cmake --build /home/lucaslapdoglinux/major_prok_ws/HardCodeHeroesMajorProject/build/turtlebot3_gazebo -- -j8 -l8
