[0.016s] Invoking command in '/home/lucaslapdoglinux/major_prok_ws/HardCodeHeroesMajorProject/build/turtlebot3_gazebo': CMAKE_PREFIX_PATH=${CMAKE_PREFIX_PATH}:/home/lucaslapdoglinux/turtlebot3_ws/install/turtlebot3_teleop:/home/lucaslapdoglinux/turtlebot3_ws/install/turtlebot3_example:/home/lucaslapdoglinux/ros2_practice_ws/install/robot_math:/home/lucaslapdoglinux/ros2_practice_ws/ros2_learners/install/robot_math:/opt/ros/humble /usr/bin/cmake --build /home/lucaslapdoglinux/major_prok_ws/HardCodeHeroesMajorProject/build/turtlebot3_gazebo -- -j8 -l8
[0.049s] -- Found ament_cmake: 1.3.10 (/opt/ros/humble/share/ament_cmake/cmake)
[0.203s] [33mCMake Warning (dev) at /usr/share/cmake-3.22/Modules/FindPackageHandleStandardArgs.cmake:438 (message):
[0.203s]   The package name passed to `find_package_handle_standard_args` (PkgConfig)
[0.203s]   does not match the name of the calling package (gazebo).  This can lead to
[0.203s]   problems in calling code that expects `find_package` result variables
[0.203s]   (e.g., `_FOUND`) to follow a certain pattern.
[0.203s] Call Stack (most recent call first):
[0.203s]   /usr/share/cmake-3.22/Modules/FindPkgConfig.cmake:99 (find_package_handle_standard_args)
[0.203s]   /usr/lib/x86_64-linux-gnu/cmake/gazebo/gazebo-config.cmake:72 (include)
[0.203s]   CMakeLists.txt:23 (find_package)
[0.203s] This warning is for project developers.  Use -Wno-dev to suppress it.
[0.203s] [0m
[0.231s] -- Found DART: /usr/include (Required is at least version "6.6") found components: dart 
[0.282s] -- Found Protobuf: /usr/lib/x86_64-linux-gnu/libprotobuf.so (found version "3.12.4") 
[0.284s] -- Looking for ignition-math6 -- found version 6.15.1
[0.293s] -- Searching for dependencies of ignition-math6
[0.295s] -- Looking for OGRE...
[0.302s] -- Found Ogre Ghadamon (1.9.0)
[0.302s] -- Found OGRE: optimized;/usr/lib/x86_64-linux-gnu/libOgreMain.so;debug;/usr/lib/x86_64-linux-gnu/libOgreMain.so
[0.315s] -- Looking for OGRE_Paging...
[0.315s] -- Found OGRE_Paging: optimized;/usr/lib/x86_64-linux-gnu/libOgrePaging.so;debug;/usr/lib/x86_64-linux-gnu/libOgrePaging.so
[0.315s] -- Looking for OGRE_Terrain...
[0.315s] -- Found OGRE_Terrain: optimized;/usr/lib/x86_64-linux-gnu/libOgreTerrain.so;debug;/usr/lib/x86_64-linux-gnu/libOgreTerrain.so
[0.315s] -- Looking for OGRE_Property...
[0.315s] -- Found OGRE_Property: optimized;/usr/lib/x86_64-linux-gnu/libOgreProperty.so;debug;/usr/lib/x86_64-linux-gnu/libOgreProperty.so
[0.315s] -- Looking for OGRE_RTShaderSystem...
[0.316s] -- Found OGRE_RTShaderSystem: optimized;/usr/lib/x86_64-linux-gnu/libOgreRTShaderSystem.so;debug;/usr/lib/x86_64-linux-gnu/libOgreRTShaderSystem.so
[0.316s] -- Looking for OGRE_Volume...
[0.316s] -- Found OGRE_Volume: optimized;/usr/lib/x86_64-linux-gnu/libOgreVolume.so;debug;/usr/lib/x86_64-linux-gnu/libOgreVolume.so
[0.316s] -- Looking for OGRE_Overlay...
[0.316s] -- Found OGRE_Overlay: optimized;/usr/lib/x86_64-linux-gnu/libOgreOverlay.so;debug;/usr/lib/x86_64-linux-gnu/libOgreOverlay.so
[0.558s] -- Looking for ignition-math6 -- found version 6.15.1
[0.559s] -- Looking for ignition-transport8 -- found version 8.2.1
[0.559s] -- Searching for dependencies of ignition-transport8
[0.583s] -- Found Protobuf: /usr/lib/x86_64-linux-gnu/libprotobuf.so (found suitable version "3.12.4", minimum required is "3") 
[0.598s] -- Config-file not installed for ZeroMQ -- checking for pkg-config
[0.603s] -- Checking for module 'libzmq >= 4'
[0.620s] --   Found libzmq , version 4.3.4
[0.661s] -- Checking for module 'uuid'
[0.678s] --   Found uuid, version 2.37.2
[0.709s] -- Looking for ignition-msgs5 -- found version 5.8.1
[0.709s] -- Searching for dependencies of ignition-msgs5
[0.732s] -- Looking for ignition-math6 -- found version 6.15.1
[0.737s] -- Checking for module 'tinyxml2'
[0.751s] --   Found tinyxml2, version 9.0.0
[0.785s] -- Looking for ignition-msgs5 -- found version 5.8.1
[0.785s] -- Looking for ignition-common3 -- found version 3.14.0
[0.786s] -- Searching for dependencies of ignition-common3
[0.786s] -- Looking for dlfcn.h - found
[0.786s] -- Looking for libdl - found
[0.798s] -- Searching for <ignition-common3> component [graphics]
[0.799s] -- Looking for ignition-common3-graphics -- found version 3.14.0
[0.799s] -- Searching for dependencies of ignition-common3-graphics
[0.800s] -- Looking for ignition-math6 -- found version 6.15.1
[0.801s] -- Looking for ignition-fuel_tools4 -- found version 4.4.0
[0.802s] -- Searching for dependencies of ignition-fuel_tools4
[0.846s] -- Checking for module 'jsoncpp'
[0.859s] --   Found jsoncpp, version 1.9.5
[0.897s] -- Checking for module 'libzip'
[0.910s] --   Found libzip, version 1.7.3
[0.942s] -- Looking for ignition-common3 -- found version 3.14.0
[0.942s] -- Looking for ignition-math6 -- found version 6.15.1
[0.942s] -- Looking for ignition-msgs5 -- found version 5.8.1
[0.945s] -- Found gazebo_ros_pkgs: 3.7.0 (/opt/ros/humble/share/gazebo_ros_pkgs/cmake)
[0.946s] -- Found geometry_msgs: 4.2.4 (/opt/ros/humble/share/geometry_msgs/cmake)
[0.975s] -- Found rosidl_generator_c: 3.1.5 (/opt/ros/humble/share/rosidl_generator_c/cmake)
[0.979s] -- Found rosidl_adapter: 3.1.5 (/opt/ros/humble/share/rosidl_adapter/cmake)
[0.988s] -- Found rosidl_generator_cpp: 3.1.5 (/opt/ros/humble/share/rosidl_generator_cpp/cmake)
[1.002s] -- Using all available rosidl_typesupport_c: rosidl_typesupport_fastrtps_c;rosidl_typesupport_introspection_c
[1.020s] -- Using all available rosidl_typesupport_cpp: rosidl_typesupport_fastrtps_cpp;rosidl_typesupport_introspection_cpp
[1.066s] -- Found visualization_msgs: 4.2.4 (/opt/ros/humble/share/visualization_msgs/cmake)
[1.110s] -- Found nav_msgs: 4.2.4 (/opt/ros/humble/share/nav_msgs/cmake)
[1.131s] -- Found rclcpp: 16.0.10 (/opt/ros/humble/share/rclcpp/cmake)
[1.171s] -- Found rmw_implementation_cmake: 6.1.2 (/opt/ros/humble/share/rmw_implementation_cmake/cmake)
[1.175s] -- Found rmw_fastrtps_cpp: 6.2.7 (/opt/ros/humble/share/rmw_fastrtps_cpp/cmake)
[1.302s] -- Using RMW implementation 'rmw_fastrtps_cpp' as default
[1.357s] -- Found tf2: 0.25.8 (/opt/ros/humble/share/tf2/cmake)
[1.369s] -- Found tf2_ros: 0.25.8 (/opt/ros/humble/share/tf2_ros/cmake)
[1.515s] -- Found tf2_geometry_msgs: 0.25.8 (/opt/ros/humble/share/tf2_geometry_msgs/cmake)
[1.534s] -- Found eigen3_cmake_module: 0.1.1 (/opt/ros/humble/share/eigen3_cmake_module/cmake)
[1.536s] -- Found Eigen3: TRUE (found version "3.4.0") 
[1.536s] -- Ensuring Eigen3 include directory is part of orocos-kdl CMake target
[1.654s] -- Configuring done
[1.660s] [31mCMake Error at CMakeLists.txt:74 (add_executable):
[1.660s]   Cannot find source file:
[1.660s] 
[1.660s]     src/main_window.cpp
[1.660s] 
[1.660s]   Tried extensions .c .C .c++ .cc .cpp .cxx .cu .mpp .m .M .mm .ixx .cppm .h
[1.660s]   .hh .h++ .hm .hpp .hxx .in .txx .f .F .for .f77 .f90 .f95 .f03 .hip .ispc
[1.660s] 
[1.660s] [0m
[1.739s] -- Generating done
[1.742s] [0mCMake Generate step failed.  Build files cannot be regenerated correctly.[0m
[1.755s] gmake: *** [Makefile:498: cmake_check_build_system] Error 1
[1.757s] Invoked command in '/home/lucaslapdoglinux/major_prok_ws/HardCodeHeroesMajorProject/build/turtlebot3_gazebo' returned '2': CMAKE_PREFIX_PATH=${CMAKE_PREFIX_PATH}:/home/lucaslapdoglinux/turtlebot3_ws/install/turtlebot3_teleop:/home/lucaslapdoglinux/turtlebot3_ws/install/turtlebot3_example:/home/lucaslapdoglinux/ros2_practice_ws/install/robot_math:/home/lucaslapdoglinux/ros2_practice_ws/ros2_learners/install/robot_math:/opt/ros/humble /usr/bin/cmake --build /home/lucaslapdoglinux/major_prok_ws/HardCodeHeroesMajorProject/build/turtlebot3_gazebo -- -j8 -l8
