[35m[1mConsolidate compiler generated dependencies of target turtlebot3_shop_keeper[0m
[ 15%] Built target obstacle1
[ 30%] Built target obstacle2
[ 38%] [32mBuilding CXX object CMakeFiles/turtlebot3_shop_keeper.dir/src/InventoryWaypointsNode.cpp.o[0m
[ 46%] [32mBuilding CXX object CMakeFiles/turtlebot3_shop_keeper.dir/src/main.cpp.o[0m
[ 61%] Built target obstacles
[01m[K/home/lucaslapdoglinux/major_prok_ws/HardCodeHeroesMajorProject/turtlebot3_gazebo/src/InventoryWaypointsNode.cpp:[m[K In constructor ‘[01m[KInventoryWaypointsNode::InventoryWaypointsNode()[m[K’:
[01m[K/home/lucaslapdoglinux/major_prok_ws/HardCodeHeroesMajorProject/turtlebot3_gazebo/src/InventoryWaypointsNode.cpp:61:90:[m[K [01;31m[Kerror: [m[Kno match for ‘[01m[Koperator=[m[K’ (operand types are ‘[01m[Kstd::shared_ptr<rclcpp_action::ClientGoalHandle<nav2_msgs::action::NavigateToPose>::WrappedResult>[m[K’ and ‘[01m[Kstd::shared_ptr<rclcpp::Subscription<rclcpp_action::ClientGoalHandle<nav2_msgs::action::NavigateToPose>::WrappedResult, std::allocator<void>, rclcpp_action::ClientGoalHandle<nav2_msgs::action::NavigateToPose>::WrappedResult, rclcpp_action::ClientGoalHandle<nav2_msgs::action::NavigateToPose>::WrappedResult, rclcpp::message_memory_strategy::MessageMemoryStrategy<rclcpp_action::ClientGoalHandle<nav2_msgs::action::NavigateToPose>::WrappedResult, std::allocator<void> > > >[m[K’)
   61 |     std::bind(&InventoryWaypointsNode::goal_result_callback, this, std::placeholders::_1)[01;31m[K)[m[K;
      |                                                                                          [01;31m[K^[m[K
In file included from [01m[K/usr/include/c++/11/memory:77[m[K,
                 from [01m[K/opt/ros/humble/include/rclcpp/rclcpp/rclcpp.hpp:153[m[K,
                 from [01m[K/home/lucaslapdoglinux/major_prok_ws/HardCodeHeroesMajorProject/turtlebot3_gazebo/include/InventoryWaypointsNode.hpp:6[m[K,
                 from [01m[K/home/lucaslapdoglinux/major_prok_ws/HardCodeHeroesMajorProject/turtlebot3_gazebo/src/InventoryWaypointsNode.cpp:4[m[K:
[01m[K/usr/include/c++/11/bits/shared_ptr.h:363:9:[m[K [01;36m[Knote: [m[Kcandidate: ‘[01m[Ktemplate<class _Yp> std::shared_ptr<_Tp>::_Assignable<const std::shared_ptr<_Yp>&> std::shared_ptr<_Tp>::operator=(const std::shared_ptr<_Yp>&) [with _Yp = _Yp; _Tp = rclcpp_action::ClientGoalHandle<nav2_msgs::action::NavigateToPose>::WrappedResult][m[K’
  363 |         [01;36m[Koperator[m[K=(const shared_ptr<_Yp>& __r) noexcept
      |         [01;36m[K^~~~~~~~[m[K
[01m[K/usr/include/c++/11/bits/shared_ptr.h:363:9:[m[K [01;36m[Knote: [m[K  template argument deduction/substitution failed:
/usr/include/c++/11/bits/shared_ptr.h: In substitution of ‘[01m[Ktemplate<class _Tp> template<class _Arg> using _Assignable = typename std::enable_if<std::is_assignable<std::__shared_ptr<_Tp>&, _Arg>::value, std::shared_ptr<_Tp>&>::type [with _Arg = const std::shared_ptr<rclcpp::Subscription<rclcpp_action::ClientGoalHandle<nav2_msgs::action::NavigateToPose>::WrappedResult, std::allocator<void>, rclcpp_action::ClientGoalHandle<nav2_msgs::action::NavigateToPose>::WrappedResult, rclcpp_action::ClientGoalHandle<nav2_msgs::action::NavigateToPose>::WrappedResult, rclcpp::message_memory_strategy::MessageMemoryStrategy<rclcpp_action::ClientGoalHandle<nav2_msgs::action::NavigateToPose>::WrappedResult, std::allocator<void> > > >&; _Tp = rclcpp_action::ClientGoalHandle<nav2_msgs::action::NavigateToPose>::WrappedResult][m[K’:
[01m[K/usr/include/c++/11/bits/shared_ptr.h:363:2:[m[K   required by substitution of ‘[01m[Ktemplate<class _Yp> std::shared_ptr<rclcpp_action::ClientGoalHandle<nav2_msgs::action::NavigateToPose>::WrappedResult>::_Assignable<const std::shared_ptr<_Tp>&> std::shared_ptr<rclcpp_action::ClientGoalHandle<nav2_msgs::action::NavigateToPose>::WrappedResult>::operator=<_Yp>(const std::shared_ptr<_Tp>&) [with _Yp = rclcpp::Subscription<rclcpp_action::ClientGoalHandle<nav2_msgs::action::NavigateToPose>::WrappedResult, std::allocator<void>, rclcpp_action::ClientGoalHandle<nav2_msgs::action::NavigateToPose>::WrappedResult, rclcpp_action::ClientGoalHandle<nav2_msgs::action::NavigateToPose>::WrappedResult, rclcpp::message_memory_strategy::MessageMemoryStrategy<rclcpp_action::ClientGoalHandle<nav2_msgs::action::NavigateToPose>::WrappedResult, std::allocator<void> > >][m[K’
[01m[K/home/lucaslapdoglinux/major_prok_ws/HardCodeHeroesMajorProject/turtlebot3_gazebo/src/InventoryWaypointsNode.cpp:61:90:[m[K   required from here
[01m[K/usr/include/c++/11/bits/shared_ptr.h:130:15:[m[K [01;31m[Kerror: [m[Kno type named ‘[01m[Ktype[m[K’ in ‘[01m[Kstruct std::enable_if<false, std::shared_ptr<rclcpp_action::ClientGoalHandle<nav2_msgs::action::NavigateToPose>::WrappedResult>&>[m[K’
  130 |         using [01;31m[K_Assignable[m[K = typename enable_if<
      |               [01;31m[K^~~~~~~~~~~[m[K
[01m[K/usr/include/c++/11/bits/shared_ptr.h:374:9:[m[K [01;36m[Knote: [m[Kcandidate: ‘[01m[Ktemplate<class _Yp> std::shared_ptr<_Tp>::_Assignable<std::auto_ptr<_Up> > std::shared_ptr<_Tp>::operator=(std::auto_ptr<_Up>&&) [with _Yp = _Yp; _Tp = rclcpp_action::ClientGoalHandle<nav2_msgs::action::NavigateToPose>::WrappedResult][m[K’
  374 |         [01;36m[Koperator[m[K=(auto_ptr<_Yp>&& __r)
      |         [01;36m[K^~~~~~~~[m[K
[01m[K/usr/include/c++/11/bits/shared_ptr.h:374:9:[m[K [01;36m[Knote: [m[K  template argument deduction/substitution failed:
[01m[K/home/lucaslapdoglinux/major_prok_ws/HardCodeHeroesMajorProject/turtlebot3_gazebo/src/InventoryWaypointsNode.cpp:61:90:[m[K [01;36m[Knote: [m[K  ‘[01m[Kstd::shared_ptr<rclcpp::Subscription<rclcpp_action::ClientGoalHandle<nav2_msgs::action::NavigateToPose>::WrappedResult, std::allocator<void>, rclcpp_action::ClientGoalHandle<nav2_msgs::action::NavigateToPose>::WrappedResult, rclcpp_action::ClientGoalHandle<nav2_msgs::action::NavigateToPose>::WrappedResult, rclcpp::message_memory_strategy::MessageMemoryStrategy<rclcpp_action::ClientGoalHandle<nav2_msgs::action::NavigateToPose>::WrappedResult, std::allocator<void> > > >[m[K’ is not derived from ‘[01m[Kstd::auto_ptr<_Up>[m[K’
   61 |     std::bind(&InventoryWaypointsNode::goal_result_callback, this, std::placeholders::_1)[01;36m[K)[m[K;
      |                                                                                          [01;36m[K^[m[K
In file included from [01m[K/usr/include/c++/11/memory:77[m[K,
                 from [01m[K/opt/ros/humble/include/rclcpp/rclcpp/rclcpp.hpp:153[m[K,
                 from [01m[K/home/lucaslapdoglinux/major_prok_ws/HardCodeHeroesMajorProject/turtlebot3_gazebo/include/InventoryWaypointsNode.hpp:6[m[K,
                 from [01m[K/home/lucaslapdoglinux/major_prok_ws/HardCodeHeroesMajorProject/turtlebot3_gazebo/src/InventoryWaypointsNode.cpp:4[m[K:
[01m[K/usr/include/c++/11/bits/shared_ptr.h:391:9:[m[K [01;36m[Knote: [m[Kcandidate: ‘[01m[Ktemplate<class _Yp> std::shared_ptr<_Tp>::_Assignable<std::shared_ptr<_Yp> > std::shared_ptr<_Tp>::operator=(std::shared_ptr<_Yp>&&) [with _Yp = _Yp; _Tp = rclcpp_action::ClientGoalHandle<nav2_msgs::action::NavigateToPose>::WrappedResult][m[K’
  391 |         [01;36m[Koperator[m[K=(shared_ptr<_Yp>&& __r) noexcept
      |         [01;36m[K^~~~~~~~[m[K
[01m[K/usr/include/c++/11/bits/shared_ptr.h:391:9:[m[K [01;36m[Knote: [m[K  template argument deduction/substitution failed:
/usr/include/c++/11/bits/shared_ptr.h: In substitution of ‘[01m[Ktemplate<class _Tp> template<class _Arg> using _Assignable = typename std::enable_if<std::is_assignable<std::__shared_ptr<_Tp>&, _Arg>::value, std::shared_ptr<_Tp>&>::type [with _Arg = std::shared_ptr<rclcpp::Subscription<rclcpp_action::ClientGoalHandle<nav2_msgs::action::NavigateToPose>::WrappedResult, std::allocator<void>, rclcpp_action::ClientGoalHandle<nav2_msgs::action::NavigateToPose>::WrappedResult, rclcpp_action::ClientGoalHandle<nav2_msgs::action::NavigateToPose>::WrappedResult, rclcpp::message_memory_strategy::MessageMemoryStrategy<rclcpp_action::ClientGoalHandle<nav2_msgs::action::NavigateToPose>::WrappedResult, std::allocator<void> > > >; _Tp = rclcpp_action::ClientGoalHandle<nav2_msgs::action::NavigateToPose>::WrappedResult][m[K’:
[01m[K/usr/include/c++/11/bits/shared_ptr.h:391:2:[m[K   required by substitution of ‘[01m[Ktemplate<class _Yp> std::shared_ptr<rclcpp_action::ClientGoalHandle<nav2_msgs::action::NavigateToPose>::WrappedResult>::_Assignable<std::shared_ptr<_Tp> > std::shared_ptr<rclcpp_action::ClientGoalHandle<nav2_msgs::action::NavigateToPose>::WrappedResult>::operator=<_Yp>(std::shared_ptr<_Tp>&&) [with _Yp = rclcpp::Subscription<rclcpp_action::ClientGoalHandle<nav2_msgs::action::NavigateToPose>::WrappedResult, std::allocator<void>, rclcpp_action::ClientGoalHandle<nav2_msgs::action::NavigateToPose>::WrappedResult, rclcpp_action::ClientGoalHandle<nav2_msgs::action::NavigateToPose>::WrappedResult, rclcpp::message_memory_strategy::MessageMemoryStrategy<rclcpp_action::ClientGoalHandle<nav2_msgs::action::NavigateToPose>::WrappedResult, std::allocator<void> > >][m[K’
[01m[K/home/lucaslapdoglinux/major_prok_ws/HardCodeHeroesMajorProject/turtlebot3_gazebo/src/InventoryWaypointsNode.cpp:61:90:[m[K   required from here
[01m[K/usr/include/c++/11/bits/shared_ptr.h:130:15:[m[K [01;31m[Kerror: [m[Kno type named ‘[01m[Ktype[m[K’ in ‘[01m[Kstruct std::enable_if<false, std::shared_ptr<rclcpp_action::ClientGoalHandle<nav2_msgs::action::NavigateToPose>::WrappedResult>&>[m[K’
  130 |         using [01;31m[K_Assignable[m[K = typename enable_if<
      |               [01;31m[K^~~~~~~~~~~[m[K
[01m[K/usr/include/c++/11/bits/shared_ptr.h:399:9:[m[K [01;36m[Knote: [m[Kcandidate: ‘[01m[Ktemplate<class _Yp, class _Del> std::shared_ptr<_Tp>::_Assignable<std::unique_ptr<_Up, _Ep> > std::shared_ptr<_Tp>::operator=(std::unique_ptr<_Up, _Ep>&&) [with _Yp = _Yp; _Del = _Del; _Tp = rclcpp_action::ClientGoalHandle<nav2_msgs::action::NavigateToPose>::WrappedResult][m[K’
  399 |         [01;36m[Koperator[m[K=(unique_ptr<_Yp, _Del>&& __r)
      |         [01;36m[K^~~~~~~~[m[K
[01m[K/usr/include/c++/11/bits/shared_ptr.h:399:9:[m[K [01;36m[Knote: [m[K  template argument deduction/substitution failed:
[01m[K/home/lucaslapdoglinux/major_prok_ws/HardCodeHeroesMajorProject/turtlebot3_gazebo/src/InventoryWaypointsNode.cpp:61:90:[m[K [01;36m[Knote: [m[K  ‘[01m[Kstd::shared_ptr<rclcpp::Subscription<rclcpp_action::ClientGoalHandle<nav2_msgs::action::NavigateToPose>::WrappedResult, std::allocator<void>, rclcpp_action::ClientGoalHandle<nav2_msgs::action::NavigateToPose>::WrappedResult, rclcpp_action::ClientGoalHandle<nav2_msgs::action::NavigateToPose>::WrappedResult, rclcpp::message_memory_strategy::MessageMemoryStrategy<rclcpp_action::ClientGoalHandle<nav2_msgs::action::NavigateToPose>::WrappedResult, std::allocator<void> > > >[m[K’ is not derived from ‘[01m[Kstd::unique_ptr<_Tp, _Dp>[m[K’
   61 |     std::bind(&InventoryWaypointsNode::goal_result_callback, this, std::placeholders::_1)[01;36m[K)[m[K;
      |                                                                                          [01;36m[K^[m[K
In file included from [01m[K/usr/include/c++/11/memory:77[m[K,
                 from [01m[K/opt/ros/humble/include/rclcpp/rclcpp/rclcpp.hpp:153[m[K,
                 from [01m[K/home/lucaslapdoglinux/major_prok_ws/HardCodeHeroesMajorProject/turtlebot3_gazebo/include/InventoryWaypointsNode.hpp:6[m[K,
                 from [01m[K/home/lucaslapdoglinux/major_prok_ws/HardCodeHeroesMajorProject/turtlebot3_gazebo/src/InventoryWaypointsNode.cpp:4[m[K:
[01m[K/usr/include/c++/11/bits/shared_ptr.h:359:19:[m[K [01;36m[Knote: [m[Kcandidate: ‘[01m[Kstd::shared_ptr<_Tp>& std::shared_ptr<_Tp>::operator=(const std::shared_ptr<_Tp>&) [with _Tp = rclcpp_action::ClientGoalHandle<nav2_msgs::action::NavigateToPose>::WrappedResult][m[K’
  359 |       shared_ptr& [01;36m[Koperator[m[K=(const shared_ptr&) noexcept = default;
      |                   [01;36m[K^~~~~~~~[m[K
[01m[K/usr/include/c++/11/bits/shared_ptr.h:359:29:[m[K [01;36m[Knote: [m[K  no known conversion for argument 1 from ‘[01m[Kstd::shared_ptr<rclcpp::Subscription<rclcpp_action::ClientGoalHandle<nav2_msgs::action::NavigateToPose>::WrappedResult, std::allocator<void>, rclcpp_action::ClientGoalHandle<nav2_msgs::action::NavigateToPose>::WrappedResult, rclcpp_action::ClientGoalHandle<nav2_msgs::action::NavigateToPose>::WrappedResult, rclcpp::message_memory_strategy::MessageMemoryStrategy<rclcpp_action::ClientGoalHandle<nav2_msgs::action::NavigateToPose>::WrappedResult, std::allocator<void> > > >[m[K’ to ‘[01m[Kconst std::shared_ptr<rclcpp_action::ClientGoalHandle<nav2_msgs::action::NavigateToPose>::WrappedResult>&[m[K’
  359 |       shared_ptr& operator=([01;36m[Kconst shared_ptr&[m[K) noexcept = default;
      |                             [01;36m[K^~~~~~~~~~~~~~~~~[m[K
[01m[K/usr/include/c++/11/bits/shared_ptr.h:383:7:[m[K [01;36m[Knote: [m[Kcandidate: ‘[01m[Kstd::shared_ptr<_Tp>& std::shared_ptr<_Tp>::operator=(std::shared_ptr<_Tp>&&) [with _Tp = rclcpp_action::ClientGoalHandle<nav2_msgs::action::NavigateToPose>::WrappedResult][m[K’
  383 |       [01;36m[Koperator[m[K=(shared_ptr&& __r) noexcept
      |       [01;36m[K^~~~~~~~[m[K
[01m[K/usr/include/c++/11/bits/shared_ptr.h:383:30:[m[K [01;36m[Knote: [m[K  no known conversion for argument 1 from ‘[01m[Kstd::shared_ptr<rclcpp::Subscription<rclcpp_action::ClientGoalHandle<nav2_msgs::action::NavigateToPose>::WrappedResult, std::allocator<void>, rclcpp_action::ClientGoalHandle<nav2_msgs::action::NavigateToPose>::WrappedResult, rclcpp_action::ClientGoalHandle<nav2_msgs::action::NavigateToPose>::WrappedResult, rclcpp::message_memory_strategy::MessageMemoryStrategy<rclcpp_action::ClientGoalHandle<nav2_msgs::action::NavigateToPose>::WrappedResult, std::allocator<void> > > >[m[K’ to ‘[01m[Kstd::shared_ptr<rclcpp_action::ClientGoalHandle<nav2_msgs::action::NavigateToPose>::WrappedResult>&&[m[K’
  383 |       operator=([01;36m[Kshared_ptr&& __r[m[K) noexcept
      |                 [01;36m[K~~~~~~~~~~~~~^~~[m[K
gmake[2]: *** [CMakeFiles/turtlebot3_shop_keeper.dir/build.make:90: CMakeFiles/turtlebot3_shop_keeper.dir/src/InventoryWaypointsNode.cpp.o] Error 1
gmake[1]: *** [CMakeFiles/Makefile2:143: CMakeFiles/turtlebot3_shop_keeper.dir/all] Error 2
gmake: *** [Makefile:146: all] Error 2
