[0.007s] Invoking command in '/home/peter/turtlebot3_ws/src/shape_detector/build/shape_detector': /usr/bin/cmake --build /home/peter/turtlebot3_ws/src/shape_detector/build/shape_detector -- -j20 -l20
[0.046s] [100%] Built target shape_detector
[0.056s] Invoked command in '/home/peter/turtlebot3_ws/src/shape_detector/build/shape_detector' returned '0': /usr/bin/cmake --build /home/peter/turtlebot3_ws/src/shape_detector/build/shape_detector -- -j20 -l20
[0.130s] Invoking command in '/home/peter/turtlebot3_ws/src/shape_detector/build/shape_detector': /usr/bin/cmake --install /home/peter/turtlebot3_ws/src/shape_detector/build/shape_detector
[0.139s] -- Install configuration: ""
[0.139s] -- Up-to-date: /home/peter/turtlebot3_ws/src/shape_detector/install/shape_detector/lib/shape_detector/shape_detector
[0.139s] -- Up-to-date: /home/peter/turtlebot3_ws/src/shape_detector/install/shape_detector/share/ament_index/resource_index/package_run_dependencies/shape_detector
[0.139s] -- Up-to-date: /home/peter/turtlebot3_ws/src/shape_detector/install/shape_detector/share/ament_index/resource_index/parent_prefix_path/shape_detector
[0.139s] -- Up-to-date: /home/peter/turtlebot3_ws/src/shape_detector/install/shape_detector/share/shape_detector/environment/ament_prefix_path.sh
[0.139s] -- Up-to-date: /home/peter/turtlebot3_ws/src/shape_detector/install/shape_detector/share/shape_detector/environment/ament_prefix_path.dsv
[0.139s] -- Up-to-date: /home/peter/turtlebot3_ws/src/shape_detector/install/shape_detector/share/shape_detector/environment/path.sh
[0.139s] -- Up-to-date: /home/peter/turtlebot3_ws/src/shape_detector/install/shape_detector/share/shape_detector/environment/path.dsv
[0.139s] -- Up-to-date: /home/peter/turtlebot3_ws/src/shape_detector/install/shape_detector/share/shape_detector/local_setup.bash
[0.139s] -- Up-to-date: /home/peter/turtlebot3_ws/src/shape_detector/install/shape_detector/share/shape_detector/local_setup.sh
[0.139s] -- Up-to-date: /home/peter/turtlebot3_ws/src/shape_detector/install/shape_detector/share/shape_detector/local_setup.zsh
[0.139s] -- Up-to-date: /home/peter/turtlebot3_ws/src/shape_detector/install/shape_detector/share/shape_detector/local_setup.dsv
[0.139s] -- Installing: /home/peter/turtlebot3_ws/src/shape_detector/install/shape_detector/share/shape_detector/package.dsv
[0.139s] -- Up-to-date: /home/peter/turtlebot3_ws/src/shape_detector/install/shape_detector/share/ament_index/resource_index/packages/shape_detector
[0.139s] -- Up-to-date: /home/peter/turtlebot3_ws/src/shape_detector/install/shape_detector/share/shape_detector/cmake/shape_detectorConfig.cmake
[0.139s] -- Up-to-date: /home/peter/turtlebot3_ws/src/shape_detector/install/shape_detector/share/shape_detector/cmake/shape_detectorConfig-version.cmake
[0.139s] -- Up-to-date: /home/peter/turtlebot3_ws/src/shape_detector/install/shape_detector/share/shape_detector/package.xml
[0.140s] Invoked command in '/home/peter/turtlebot3_ws/src/shape_detector/build/shape_detector' returned '0': /usr/bin/cmake --install /home/peter/turtlebot3_ws/src/shape_detector/build/shape_detector
