[0.020s] Invoking command in '/home/lucaslapdoglinux/major_prok_ws/HardCodeHeroesMajorProject/build/turtlebot3_navigation': CMAKE_PREFIX_PATH=${CMAKE_PREFIX_PATH}:/home/lucaslapdoglinux/turtlebot3_ws/install/turtlebot3_teleop:/home/lucaslapdoglinux/turtlebot3_ws/install/turtlebot3_example:/home/lucaslapdoglinux/ros2_practice_ws/install/robot_math:/home/lucaslapdoglinux/ros2_practice_ws/ros2_learners/install/robot_math:/opt/ros/humble /usr/bin/cmake --build /home/lucaslapdoglinux/major_prok_ws/HardCodeHeroesMajorProject/build/turtlebot3_navigation -- -j8 -l8
[0.050s] -- Found ament_cmake: 1.3.10 (/opt/ros/humble/share/ament_cmake/cmake)
[0.215s] [33mCMake Warning (dev) at /usr/share/cmake-3.22/Modules/FindPackageHandleStandardArgs.cmake:438 (message):
[0.215s]   The package name passed to `find_package_handle_standard_args` (PkgConfig)
[0.215s]   does not match the name of the calling package (gazebo).  This can lead to
[0.215s]   problems in calling code that expects `find_package` result variables
[0.215s]   (e.g., `_FOUND`) to follow a certain pattern.
[0.216s] Call Stack (most recent call first):
[0.216s]   /usr/share/cmake-3.22/Modules/FindPkgConfig.cmake:99 (find_package_handle_standard_args)
[0.216s]   /usr/lib/x86_64-linux-gnu/cmake/gazebo/gazebo-config.cmake:72 (include)
[0.216s]   CMakeLists.txt:20 (find_package)
[0.216s] This warning is for project developers.  Use -Wno-dev to suppress it.
[0.216s] [0m
[0.246s] -- Found DART: /usr/include (Required is at least version "6.6") found components: dart 
[0.284s] -- Found Protobuf: /usr/lib/x86_64-linux-gnu/libprotobuf.so (found version "3.12.4") 
[0.287s] -- Looking for ignition-math6 -- found version 6.15.1
[0.294s] -- Searching for dependencies of ignition-math6
[0.296s] -- Looking for OGRE...
[0.302s] -- Found Ogre Ghadamon (1.9.0)
[0.302s] -- Found OGRE: optimized;/usr/lib/x86_64-linux-gnu/libOgreMain.so;debug;/usr/lib/x86_64-linux-gnu/libOgreMain.so
[0.312s] -- Looking for OGRE_Paging...
[0.312s] -- Found OGRE_Paging: optimized;/usr/lib/x86_64-linux-gnu/libOgrePaging.so;debug;/usr/lib/x86_64-linux-gnu/libOgrePaging.so
[0.312s] -- Looking for OGRE_Terrain...
[0.313s] -- Found OGRE_Terrain: optimized;/usr/lib/x86_64-linux-gnu/libOgreTerrain.so;debug;/usr/lib/x86_64-linux-gnu/libOgreTerrain.so
[0.313s] -- Looking for OGRE_Property...
[0.313s] -- Found OGRE_Property: optimized;/usr/lib/x86_64-linux-gnu/libOgreProperty.so;debug;/usr/lib/x86_64-linux-gnu/libOgreProperty.so
[0.313s] -- Looking for OGRE_RTShaderSystem...
[0.313s] -- Found OGRE_RTShaderSystem: optimized;/usr/lib/x86_64-linux-gnu/libOgreRTShaderSystem.so;debug;/usr/lib/x86_64-linux-gnu/libOgreRTShaderSystem.so
[0.313s] -- Looking for OGRE_Volume...
[0.313s] -- Found OGRE_Volume: optimized;/usr/lib/x86_64-linux-gnu/libOgreVolume.so;debug;/usr/lib/x86_64-linux-gnu/libOgreVolume.so
[0.314s] -- Looking for OGRE_Overlay...
[0.314s] -- Found OGRE_Overlay: optimized;/usr/lib/x86_64-linux-gnu/libOgreOverlay.so;debug;/usr/lib/x86_64-linux-gnu/libOgreOverlay.so
[0.557s] -- Looking for ignition-math6 -- found version 6.15.1
[0.557s] -- Looking for ignition-transport8 -- found version 8.2.1
[0.557s] -- Searching for dependencies of ignition-transport8
[0.579s] -- Found Protobuf: /usr/lib/x86_64-linux-gnu/libprotobuf.so (found suitable version "3.12.4", minimum required is "3") 
[0.594s] -- Config-file not installed for ZeroMQ -- checking for pkg-config
[0.600s] -- Checking for module 'libzmq >= 4'
[0.615s] --   Found libzmq , version 4.3.4
[0.660s] -- Checking for module 'uuid'
[0.680s] --   Found uuid, version 2.37.2
[0.718s] -- Looking for ignition-msgs5 -- found version 5.8.1
[0.719s] -- Searching for dependencies of ignition-msgs5
[0.744s] -- Looking for ignition-math6 -- found version 6.15.1
[0.749s] -- Checking for module 'tinyxml2'
[0.763s] --   Found tinyxml2, version 9.0.0
[0.802s] -- Looking for ignition-msgs5 -- found version 5.8.1
[0.803s] -- Looking for ignition-common3 -- found version 3.14.0
[0.804s] -- Searching for dependencies of ignition-common3
[0.804s] -- Looking for dlfcn.h - found
[0.804s] -- Looking for libdl - found
[0.816s] -- Searching for <ignition-common3> component [graphics]
[0.817s] -- Looking for ignition-common3-graphics -- found version 3.14.0
[0.817s] -- Searching for dependencies of ignition-common3-graphics
[0.818s] -- Looking for ignition-math6 -- found version 6.15.1
[0.820s] -- Looking for ignition-fuel_tools4 -- found version 4.4.0
[0.820s] -- Searching for dependencies of ignition-fuel_tools4
[0.865s] -- Checking for module 'jsoncpp'
[0.880s] --   Found jsoncpp, version 1.9.5
[0.924s] -- Checking for module 'libzip'
[0.941s] --   Found libzip, version 1.7.3
[0.976s] -- Looking for ignition-common3 -- found version 3.14.0
[0.976s] -- Looking for ignition-math6 -- found version 6.15.1
[0.977s] -- Looking for ignition-msgs5 -- found version 5.8.1
[0.979s] -- Found gazebo_ros_pkgs: 3.7.0 (/opt/ros/humble/share/gazebo_ros_pkgs/cmake)
[0.980s] -- Found geometry_msgs: 4.2.4 (/opt/ros/humble/share/geometry_msgs/cmake)
[1.007s] -- Found rosidl_generator_c: 3.1.5 (/opt/ros/humble/share/rosidl_generator_c/cmake)
[1.010s] -- Found rosidl_adapter: 3.1.5 (/opt/ros/humble/share/rosidl_adapter/cmake)
[1.021s] -- Found rosidl_generator_cpp: 3.1.5 (/opt/ros/humble/share/rosidl_generator_cpp/cmake)
[1.035s] -- Using all available rosidl_typesupport_c: rosidl_typesupport_fastrtps_c;rosidl_typesupport_introspection_c
[1.053s] -- Using all available rosidl_typesupport_cpp: rosidl_typesupport_fastrtps_cpp;rosidl_typesupport_introspection_cpp
[1.101s] -- Found nav_msgs: 4.2.4 (/opt/ros/humble/share/nav_msgs/cmake)
[1.122s] -- Found nav2_msgs: 1.1.16 (/opt/ros/humble/share/nav2_msgs/cmake)
[1.180s] -- Found rclcpp: 16.0.10 (/opt/ros/humble/share/rclcpp/cmake)
[1.216s] -- Found rmw_implementation_cmake: 6.1.2 (/opt/ros/humble/share/rmw_implementation_cmake/cmake)
[1.220s] -- Found rmw_fastrtps_cpp: 6.2.7 (/opt/ros/humble/share/rmw_fastrtps_cpp/cmake)
[1.350s] -- Using RMW implementation 'rmw_fastrtps_cpp' as default
[1.398s] -- Found rclcpp_action: 16.0.10 (/opt/ros/humble/share/rclcpp_action/cmake)
[1.409s] -- Found sensor_msgs: 4.2.4 (/opt/ros/humble/share/sensor_msgs/cmake)
[1.432s] -- Found tf2: 0.25.8 (/opt/ros/humble/share/tf2/cmake)
[1.438s] -- Found tf2_ros: 0.25.8 (/opt/ros/humble/share/tf2_ros/cmake)
[1.500s] -- Found tf2_geometry_msgs: 0.25.8 (/opt/ros/humble/share/tf2_geometry_msgs/cmake)
[1.504s] -- Found eigen3_cmake_module: 0.1.1 (/opt/ros/humble/share/eigen3_cmake_module/cmake)
[1.505s] -- Ensuring Eigen3 include directory is part of orocos-kdl CMake target
[1.588s] -- Configuring done
[1.605s] -- Generating done
[1.608s] -- Build files have been written to: /home/lucaslapdoglinux/major_prok_ws/HardCodeHeroesMajorProject/build/turtlebot3_navigation
[1.644s] [35m[1mConsolidate compiler generated dependencies of target turtlebot3_shop_navigator[0m
[1.672s] [ 50%] [32mBuilding CXX object CMakeFiles/turtlebot3_shop_navigator.dir/src/GoalNavigatorNode.cpp.o[0m
[1.672s] [ 50%] [32mBuilding CXX object CMakeFiles/turtlebot3_shop_navigator.dir/src/main.cpp.o[0m
[1.673s] [ 75%] [32mBuilding CXX object CMakeFiles/turtlebot3_shop_navigator.dir/src/MotionController.cpp.o[0m
[25.903s] [100%] [32m[1mLinking CXX executable turtlebot3_shop_navigator[0m
[27.733s] [100%] Built target turtlebot3_shop_navigator
[27.748s] Invoked command in '/home/lucaslapdoglinux/major_prok_ws/HardCodeHeroesMajorProject/build/turtlebot3_navigation' returned '0': CMAKE_PREFIX_PATH=${CMAKE_PREFIX_PATH}:/home/lucaslapdoglinux/turtlebot3_ws/install/turtlebot3_teleop:/home/lucaslapdoglinux/turtlebot3_ws/install/turtlebot3_example:/home/lucaslapdoglinux/ros2_practice_ws/install/robot_math:/home/lucaslapdoglinux/ros2_practice_ws/ros2_learners/install/robot_math:/opt/ros/humble /usr/bin/cmake --build /home/lucaslapdoglinux/major_prok_ws/HardCodeHeroesMajorProject/build/turtlebot3_navigation -- -j8 -l8
[27.805s] Invoking command in '/home/lucaslapdoglinux/major_prok_ws/HardCodeHeroesMajorProject/build/turtlebot3_navigation': CMAKE_PREFIX_PATH=${CMAKE_PREFIX_PATH}:/home/lucaslapdoglinux/turtlebot3_ws/install/turtlebot3_teleop:/home/lucaslapdoglinux/turtlebot3_ws/install/turtlebot3_example:/home/lucaslapdoglinux/ros2_practice_ws/install/robot_math:/home/lucaslapdoglinux/ros2_practice_ws/ros2_learners/install/robot_math:/opt/ros/humble /usr/bin/cmake --install /home/lucaslapdoglinux/major_prok_ws/HardCodeHeroesMajorProject/build/turtlebot3_navigation
[27.818s] -- Install configuration: ""
[27.818s] -- Installing: /home/lucaslapdoglinux/major_prok_ws/HardCodeHeroesMajorProject/install/turtlebot3_navigation/lib/turtlebot3_navigation/turtlebot3_shop_navigator
[27.825s] -- Set runtime path of "/home/lucaslapdoglinux/major_prok_ws/HardCodeHeroesMajorProject/install/turtlebot3_navigation/lib/turtlebot3_navigation/turtlebot3_shop_navigator" to ""
[27.826s] -- Up-to-date: /home/lucaslapdoglinux/major_prok_ws/HardCodeHeroesMajorProject/install/turtlebot3_navigation/include/
[27.826s] -- Up-to-date: /home/lucaslapdoglinux/major_prok_ws/HardCodeHeroesMajorProject/install/turtlebot3_navigation/include//turtlebot3_navigation
[27.826s] -- Up-to-date: /home/lucaslapdoglinux/major_prok_ws/HardCodeHeroesMajorProject/install/turtlebot3_navigation/include//turtlebot3_navigation/MotionController.hpp
[27.826s] -- Up-to-date: /home/lucaslapdoglinux/major_prok_ws/HardCodeHeroesMajorProject/install/turtlebot3_navigation/include//turtlebot3_navigation/GoalNavigatorNode.hpp
[27.826s] -- Up-to-date: /home/lucaslapdoglinux/major_prok_ws/HardCodeHeroesMajorProject/install/turtlebot3_navigation/include//turtlebot3_navigation/Constants.hpp
[27.827s] -- Up-to-date: /home/lucaslapdoglinux/major_prok_ws/HardCodeHeroesMajorProject/install/turtlebot3_navigation/share/ament_index/resource_index/package_run_dependencies/turtlebot3_navigation
[27.827s] -- Up-to-date: /home/lucaslapdoglinux/major_prok_ws/HardCodeHeroesMajorProject/install/turtlebot3_navigation/share/ament_index/resource_index/parent_prefix_path/turtlebot3_navigation
[27.827s] -- Installing: /home/lucaslapdoglinux/major_prok_ws/HardCodeHeroesMajorProject/install/turtlebot3_navigation/share/turtlebot3_navigation/environment/ament_prefix_path.sh
[27.827s] -- Installing: /home/lucaslapdoglinux/major_prok_ws/HardCodeHeroesMajorProject/install/turtlebot3_navigation/share/turtlebot3_navigation/environment/ament_prefix_path.dsv
[27.827s] -- Installing: /home/lucaslapdoglinux/major_prok_ws/HardCodeHeroesMajorProject/install/turtlebot3_navigation/share/turtlebot3_navigation/environment/path.sh
[27.828s] -- Installing: /home/lucaslapdoglinux/major_prok_ws/HardCodeHeroesMajorProject/install/turtlebot3_navigation/share/turtlebot3_navigation/environment/path.dsv
[27.828s] -- Up-to-date: /home/lucaslapdoglinux/major_prok_ws/HardCodeHeroesMajorProject/install/turtlebot3_navigation/share/turtlebot3_navigation/local_setup.bash
[27.828s] -- Up-to-date: /home/lucaslapdoglinux/major_prok_ws/HardCodeHeroesMajorProject/install/turtlebot3_navigation/share/turtlebot3_navigation/local_setup.sh
[27.828s] -- Up-to-date: /home/lucaslapdoglinux/major_prok_ws/HardCodeHeroesMajorProject/install/turtlebot3_navigation/share/turtlebot3_navigation/local_setup.zsh
[27.828s] -- Installing: /home/lucaslapdoglinux/major_prok_ws/HardCodeHeroesMajorProject/install/turtlebot3_navigation/share/turtlebot3_navigation/local_setup.dsv
[27.829s] -- Installing: /home/lucaslapdoglinux/major_prok_ws/HardCodeHeroesMajorProject/install/turtlebot3_navigation/share/turtlebot3_navigation/package.dsv
[27.829s] -- Up-to-date: /home/lucaslapdoglinux/major_prok_ws/HardCodeHeroesMajorProject/install/turtlebot3_navigation/share/ament_index/resource_index/packages/turtlebot3_navigation
[27.829s] -- Up-to-date: /home/lucaslapdoglinux/major_prok_ws/HardCodeHeroesMajorProject/install/turtlebot3_navigation/share/turtlebot3_navigation/cmake/ament_cmake_export_include_directories-extras.cmake
[27.829s] -- Up-to-date: /home/lucaslapdoglinux/major_prok_ws/HardCodeHeroesMajorProject/install/turtlebot3_navigation/share/turtlebot3_navigation/cmake/ament_cmake_export_dependencies-extras.cmake
[27.829s] -- Up-to-date: /home/lucaslapdoglinux/major_prok_ws/HardCodeHeroesMajorProject/install/turtlebot3_navigation/share/turtlebot3_navigation/cmake/turtlebot3_navigationConfig.cmake
[27.830s] -- Up-to-date: /home/lucaslapdoglinux/major_prok_ws/HardCodeHeroesMajorProject/install/turtlebot3_navigation/share/turtlebot3_navigation/cmake/turtlebot3_navigationConfig-version.cmake
[27.830s] -- Up-to-date: /home/lucaslapdoglinux/major_prok_ws/HardCodeHeroesMajorProject/install/turtlebot3_navigation/share/turtlebot3_navigation/package.xml
[27.832s] Invoked command in '/home/lucaslapdoglinux/major_prok_ws/HardCodeHeroesMajorProject/build/turtlebot3_navigation' returned '0': CMAKE_PREFIX_PATH=${CMAKE_PREFIX_PATH}:/home/lucaslapdoglinux/turtlebot3_ws/install/turtlebot3_teleop:/home/lucaslapdoglinux/turtlebot3_ws/install/turtlebot3_example:/home/lucaslapdoglinux/ros2_practice_ws/install/robot_math:/home/lucaslapdoglinux/ros2_practice_ws/ros2_learners/install/robot_math:/opt/ros/humble /usr/bin/cmake --install /home/lucaslapdoglinux/major_prok_ws/HardCodeHeroesMajorProject/build/turtlebot3_navigation
