[0.445s] DEBUG:colcon:Command line arguments: ['/usr/bin/colcon', 'build', '--allow-overriding', 'turtlebot3_gazebo']
[0.446s] DEBUG:colcon:Parsed command line arguments: Namespace(log_base=None, log_level=None, verb_name='build', build_base='build', install_base='install', merge_install=False, symlink_install=False, test_result_base=None, continue_on_error=False, executor='parallel', parallel_workers=8, event_handlers=None, ignore_user_meta=False, metas=['./colcon.meta'], base_paths=['.'], packages_ignore=None, packages_ignore_regex=None, paths=None, packages_up_to=None, packages_up_to_regex=None, packages_above=None, packages_above_and_dependencies=None, packages_above_depth=None, packages_select_by_dep=None, packages_skip_by_dep=None, packages_skip_up_to=None, packages_select_build_failed=False, packages_skip_build_finished=False, packages_select_test_failures=False, packages_skip_test_passed=False, packages_select=None, packages_skip=None, packages_select_regex=None, packages_skip_regex=None, packages_start=None, packages_end=None, allow_overriding=['turtlebot3_gazebo'], cmake_args=None, cmake_target=None, cmake_target_skip_unavailable=False, cmake_clean_cache=False, cmake_clean_first=False, cmake_force_configure=False, ament_cmake_args=None, catkin_cmake_args=None, catkin_skip_building_tests=False, mixin_files=None, mixin=None, verb_parser=<colcon_mixin.mixin.mixin_argument.MixinArgumentDecorator object at 0x7a56637133a0>, verb_extension=<colcon_core.verb.build.BuildVerb object at 0x7a5663712ef0>, main=<bound method BuildVerb.main of <colcon_core.verb.build.BuildVerb object at 0x7a5663712ef0>>, mixin_verb=('build',))
[1.558s] Level 1:colcon.colcon_core.package_discovery:discover_packages(colcon_meta) check parameters
[1.559s] Level 1:colcon.colcon_core.package_discovery:discover_packages(recursive) check parameters
[1.563s] Level 1:colcon.colcon_core.package_discovery:discover_packages(ignore) check parameters
[1.563s] Level 1:colcon.colcon_core.package_discovery:discover_packages(path) check parameters
[1.564s] Level 1:colcon.colcon_core.package_discovery:discover_packages(colcon_meta) discover
[1.564s] Level 1:colcon.colcon_core.package_discovery:discover_packages(recursive) discover
[1.564s] INFO:colcon.colcon_core.package_discovery:Crawling recursively for packages in '/home/lucaslapdoglinux/major_prok_ws/HardCodeHeroesMajorProject'
[1.565s] Level 1:colcon.colcon_core.package_identification:_identify(.) by extensions ['ignore', 'ignore_ament_install']
[1.566s] Level 1:colcon.colcon_core.package_identification:_identify(.) by extension 'ignore'
[1.567s] Level 1:colcon.colcon_core.package_identification:_identify(.) by extension 'ignore_ament_install'
[1.567s] Level 1:colcon.colcon_core.package_identification:_identify(.) by extensions ['colcon_pkg']
[1.567s] Level 1:colcon.colcon_core.package_identification:_identify(.) by extension 'colcon_pkg'
[1.568s] Level 1:colcon.colcon_core.package_identification:_identify(.) by extensions ['colcon_meta']
[1.568s] Level 1:colcon.colcon_core.package_identification:_identify(.) by extension 'colcon_meta'
[1.568s] Level 1:colcon.colcon_core.package_identification:_identify(.) by extensions ['ros']
[1.568s] Level 1:colcon.colcon_core.package_identification:_identify(.) by extension 'ros'
[1.637s] Level 1:colcon.colcon_core.package_identification:_identify(.) by extensions ['cmake', 'python']
[1.637s] Level 1:colcon.colcon_core.package_identification:_identify(.) by extension 'cmake'
[1.637s] Level 1:colcon.colcon_core.package_identification:_identify(.) by extension 'python'
[1.638s] Level 1:colcon.colcon_core.package_identification:_identify(.) by extensions ['python_setup_py']
[1.638s] Level 1:colcon.colcon_core.package_identification:_identify(.) by extension 'python_setup_py'
[1.638s] Level 1:colcon.colcon_core.package_identification:_identify(Meeting_minutes) by extensions ['ignore', 'ignore_ament_install']
[1.639s] Level 1:colcon.colcon_core.package_identification:_identify(Meeting_minutes) by extension 'ignore'
[1.639s] Level 1:colcon.colcon_core.package_identification:_identify(Meeting_minutes) by extension 'ignore_ament_install'
[1.640s] Level 1:colcon.colcon_core.package_identification:_identify(Meeting_minutes) by extensions ['colcon_pkg']
[1.640s] Level 1:colcon.colcon_core.package_identification:_identify(Meeting_minutes) by extension 'colcon_pkg'
[1.640s] Level 1:colcon.colcon_core.package_identification:_identify(Meeting_minutes) by extensions ['colcon_meta']
[1.640s] Level 1:colcon.colcon_core.package_identification:_identify(Meeting_minutes) by extension 'colcon_meta'
[1.640s] Level 1:colcon.colcon_core.package_identification:_identify(Meeting_minutes) by extensions ['ros']
[1.641s] Level 1:colcon.colcon_core.package_identification:_identify(Meeting_minutes) by extension 'ros'
[1.641s] Level 1:colcon.colcon_core.package_identification:_identify(Meeting_minutes) by extensions ['cmake', 'python']
[1.641s] Level 1:colcon.colcon_core.package_identification:_identify(Meeting_minutes) by extension 'cmake'
[1.642s] Level 1:colcon.colcon_core.package_identification:_identify(Meeting_minutes) by extension 'python'
[1.642s] Level 1:colcon.colcon_core.package_identification:_identify(Meeting_minutes) by extensions ['python_setup_py']
[1.642s] Level 1:colcon.colcon_core.package_identification:_identify(Meeting_minutes) by extension 'python_setup_py'
[1.643s] Level 1:colcon.colcon_core.package_identification:_identify(build) by extensions ['ignore', 'ignore_ament_install']
[1.644s] Level 1:colcon.colcon_core.package_identification:_identify(build) by extension 'ignore'
[1.644s] Level 1:colcon.colcon_core.package_identification:_identify(build) ignored
[1.645s] Level 1:colcon.colcon_core.package_identification:_identify(install) by extensions ['ignore', 'ignore_ament_install']
[1.646s] Level 1:colcon.colcon_core.package_identification:_identify(install) by extension 'ignore'
[1.646s] Level 1:colcon.colcon_core.package_identification:_identify(install) ignored
[1.647s] Level 1:colcon.colcon_core.package_identification:_identify(log) by extensions ['ignore', 'ignore_ament_install']
[1.648s] Level 1:colcon.colcon_core.package_identification:_identify(log) by extension 'ignore'
[1.648s] Level 1:colcon.colcon_core.package_identification:_identify(log) ignored
[1.648s] Level 1:colcon.colcon_core.package_identification:_identify(turtlebot3_gazebo) by extensions ['ignore', 'ignore_ament_install']
[1.649s] Level 1:colcon.colcon_core.package_identification:_identify(turtlebot3_gazebo) by extension 'ignore'
[1.649s] Level 1:colcon.colcon_core.package_identification:_identify(turtlebot3_gazebo) by extension 'ignore_ament_install'
[1.650s] Level 1:colcon.colcon_core.package_identification:_identify(turtlebot3_gazebo) by extensions ['colcon_pkg']
[1.650s] Level 1:colcon.colcon_core.package_identification:_identify(turtlebot3_gazebo) by extension 'colcon_pkg'
[1.650s] Level 1:colcon.colcon_core.package_identification:_identify(turtlebot3_gazebo) by extensions ['colcon_meta']
[1.650s] Level 1:colcon.colcon_core.package_identification:_identify(turtlebot3_gazebo) by extension 'colcon_meta'
[1.650s] Level 1:colcon.colcon_core.package_identification:_identify(turtlebot3_gazebo) by extensions ['ros']
[1.651s] Level 1:colcon.colcon_core.package_identification:_identify(turtlebot3_gazebo) by extension 'ros'
[1.698s] DEBUG:colcon.colcon_core.package_identification:Package 'turtlebot3_gazebo' with type 'ros.ament_cmake' and name 'turtlebot3_gazebo'
[1.698s] Level 1:colcon.colcon_core.package_discovery:discover_packages(recursive) using defaults
[1.699s] Level 1:colcon.colcon_core.package_discovery:discover_packages(ignore) discover
[1.699s] Level 1:colcon.colcon_core.package_discovery:discover_packages(ignore) using defaults
[1.699s] Level 1:colcon.colcon_core.package_discovery:discover_packages(path) discover
[1.699s] Level 1:colcon.colcon_core.package_discovery:discover_packages(path) using defaults
[1.778s] Level 1:colcon.colcon_core.package_discovery:discover_packages(prefix_path) check parameters
[1.778s] Level 1:colcon.colcon_core.package_discovery:discover_packages(prefix_path) discover
[1.785s] DEBUG:colcon.colcon_installed_package_information.package_discovery:Found 2 installed packages in /home/lucaslapdoglinux/major_prok_ws/install
[1.795s] DEBUG:colcon.colcon_installed_package_information.package_discovery:Found 492 installed packages in /opt/ros/humble
[1.811s] Level 1:colcon.colcon_core.package_discovery:discover_packages(prefix_path) using defaults
[2.146s] Level 5:colcon.colcon_core.verb:set package 'turtlebot3_gazebo' build argument 'cmake_args' from command line to 'None'
[2.146s] Level 5:colcon.colcon_core.verb:set package 'turtlebot3_gazebo' build argument 'cmake_target' from command line to 'None'
[2.146s] Level 5:colcon.colcon_core.verb:set package 'turtlebot3_gazebo' build argument 'cmake_target_skip_unavailable' from command line to 'False'
[2.146s] Level 5:colcon.colcon_core.verb:set package 'turtlebot3_gazebo' build argument 'cmake_clean_cache' from command line to 'False'
[2.146s] Level 5:colcon.colcon_core.verb:set package 'turtlebot3_gazebo' build argument 'cmake_clean_first' from command line to 'False'
[2.147s] Level 5:colcon.colcon_core.verb:set package 'turtlebot3_gazebo' build argument 'cmake_force_configure' from command line to 'False'
[2.147s] Level 5:colcon.colcon_core.verb:set package 'turtlebot3_gazebo' build argument 'ament_cmake_args' from command line to 'None'
[2.147s] Level 5:colcon.colcon_core.verb:set package 'turtlebot3_gazebo' build argument 'catkin_cmake_args' from command line to 'None'
[2.147s] Level 5:colcon.colcon_core.verb:set package 'turtlebot3_gazebo' build argument 'catkin_skip_building_tests' from command line to 'False'
[2.147s] DEBUG:colcon.colcon_core.verb:Building package 'turtlebot3_gazebo' with the following arguments: {'ament_cmake_args': None, 'build_base': '/home/lucaslapdoglinux/major_prok_ws/HardCodeHeroesMajorProject/build/turtlebot3_gazebo', 'catkin_cmake_args': None, 'catkin_skip_building_tests': False, 'cmake_args': None, 'cmake_clean_cache': False, 'cmake_clean_first': False, 'cmake_force_configure': False, 'cmake_target': None, 'cmake_target_skip_unavailable': False, 'install_base': '/home/lucaslapdoglinux/major_prok_ws/HardCodeHeroesMajorProject/install/turtlebot3_gazebo', 'merge_install': False, 'path': '/home/lucaslapdoglinux/major_prok_ws/HardCodeHeroesMajorProject/turtlebot3_gazebo', 'symlink_install': False, 'test_result_base': None}
[2.148s] INFO:colcon.colcon_core.executor:Executing jobs using 'parallel' executor
[2.151s] DEBUG:colcon.colcon_parallel_executor.executor.parallel:run_until_complete
[2.152s] INFO:colcon.colcon_ros.task.ament_cmake.build:Building ROS package in '/home/lucaslapdoglinux/major_prok_ws/HardCodeHeroesMajorProject/turtlebot3_gazebo' with build type 'ament_cmake'
[2.153s] INFO:colcon.colcon_cmake.task.cmake.build:Building CMake package in '/home/lucaslapdoglinux/major_prok_ws/HardCodeHeroesMajorProject/turtlebot3_gazebo'
[2.163s] INFO:colcon.colcon_core.plugin_system:Skipping extension 'colcon_core.shell.bat': Not used on non-Windows systems
[2.164s] INFO:colcon.colcon_core.shell:Skip shell extension 'powershell' for command environment: Not usable outside of PowerShell
[2.164s] DEBUG:colcon.colcon_core.shell:Skip shell extension 'dsv' for command environment
[2.214s] DEBUG:colcon.colcon_core.event_handler.log_command:Invoking command in '/home/lucaslapdoglinux/major_prok_ws/HardCodeHeroesMajorProject/build/turtlebot3_gazebo': CMAKE_PREFIX_PATH=${CMAKE_PREFIX_PATH}:/opt/ros/humble /usr/bin/cmake --build /home/lucaslapdoglinux/major_prok_ws/HardCodeHeroesMajorProject/build/turtlebot3_gazebo -- -j8 -l8
[38.256s] DEBUG:colcon.colcon_core.event_handler.log_command:Invoked command in '/home/lucaslapdoglinux/major_prok_ws/HardCodeHeroesMajorProject/build/turtlebot3_gazebo' returned '0': CMAKE_PREFIX_PATH=${CMAKE_PREFIX_PATH}:/opt/ros/humble /usr/bin/cmake --build /home/lucaslapdoglinux/major_prok_ws/HardCodeHeroesMajorProject/build/turtlebot3_gazebo -- -j8 -l8
[38.398s] DEBUG:colcon.colcon_core.event_handler.log_command:Invoking command in '/home/lucaslapdoglinux/major_prok_ws/HardCodeHeroesMajorProject/build/turtlebot3_gazebo': CMAKE_PREFIX_PATH=${CMAKE_PREFIX_PATH}:/opt/ros/humble /usr/bin/cmake --install /home/lucaslapdoglinux/major_prok_ws/HardCodeHeroesMajorProject/build/turtlebot3_gazebo
[38.476s] Level 1:colcon.colcon_core.environment:create_environment_scripts_only(turtlebot3_gazebo)
[38.482s] DEBUG:colcon.colcon_core.event_handler.log_command:Invoked command in '/home/lucaslapdoglinux/major_prok_ws/HardCodeHeroesMajorProject/build/turtlebot3_gazebo' returned '0': CMAKE_PREFIX_PATH=${CMAKE_PREFIX_PATH}:/opt/ros/humble /usr/bin/cmake --install /home/lucaslapdoglinux/major_prok_ws/HardCodeHeroesMajorProject/build/turtlebot3_gazebo
[38.488s] Level 1:colcon.colcon_core.environment:checking '/home/lucaslapdoglinux/major_prok_ws/HardCodeHeroesMajorProject/install/turtlebot3_gazebo' for CMake module files
[38.489s] Level 1:colcon.colcon_core.environment:checking '/home/lucaslapdoglinux/major_prok_ws/HardCodeHeroesMajorProject/install/turtlebot3_gazebo' for CMake config files
[38.491s] Level 1:colcon.colcon_core.shell:create_environment_hook('turtlebot3_gazebo', 'cmake_prefix_path')
[38.492s] INFO:colcon.colcon_core.shell:Creating environment hook '/home/lucaslapdoglinux/major_prok_ws/HardCodeHeroesMajorProject/install/turtlebot3_gazebo/share/turtlebot3_gazebo/hook/cmake_prefix_path.ps1'
[38.494s] INFO:colcon.colcon_core.shell:Creating environment descriptor '/home/lucaslapdoglinux/major_prok_ws/HardCodeHeroesMajorProject/install/turtlebot3_gazebo/share/turtlebot3_gazebo/hook/cmake_prefix_path.dsv'
[38.495s] INFO:colcon.colcon_core.shell:Creating environment hook '/home/lucaslapdoglinux/major_prok_ws/HardCodeHeroesMajorProject/install/turtlebot3_gazebo/share/turtlebot3_gazebo/hook/cmake_prefix_path.sh'
[38.497s] Level 1:colcon.colcon_core.environment:checking '/home/lucaslapdoglinux/major_prok_ws/HardCodeHeroesMajorProject/install/turtlebot3_gazebo/lib'
[38.497s] Level 1:colcon.colcon_core.environment:checking '/home/lucaslapdoglinux/major_prok_ws/HardCodeHeroesMajorProject/install/turtlebot3_gazebo/bin'
[38.497s] Level 1:colcon.colcon_core.environment:checking '/home/lucaslapdoglinux/major_prok_ws/HardCodeHeroesMajorProject/install/turtlebot3_gazebo/lib/pkgconfig/turtlebot3_gazebo.pc'
[38.498s] Level 1:colcon.colcon_core.environment:checking '/home/lucaslapdoglinux/major_prok_ws/HardCodeHeroesMajorProject/install/turtlebot3_gazebo/lib/python3.10/site-packages'
[38.498s] Level 1:colcon.colcon_core.environment:checking '/home/lucaslapdoglinux/major_prok_ws/HardCodeHeroesMajorProject/install/turtlebot3_gazebo/bin'
[38.499s] INFO:colcon.colcon_core.shell:Creating package script '/home/lucaslapdoglinux/major_prok_ws/HardCodeHeroesMajorProject/install/turtlebot3_gazebo/share/turtlebot3_gazebo/package.ps1'
[38.502s] INFO:colcon.colcon_core.shell:Creating package descriptor '/home/lucaslapdoglinux/major_prok_ws/HardCodeHeroesMajorProject/install/turtlebot3_gazebo/share/turtlebot3_gazebo/package.dsv'
[38.503s] INFO:colcon.colcon_core.shell:Creating package script '/home/lucaslapdoglinux/major_prok_ws/HardCodeHeroesMajorProject/install/turtlebot3_gazebo/share/turtlebot3_gazebo/package.sh'
[38.505s] INFO:colcon.colcon_core.shell:Creating package script '/home/lucaslapdoglinux/major_prok_ws/HardCodeHeroesMajorProject/install/turtlebot3_gazebo/share/turtlebot3_gazebo/package.bash'
[38.507s] INFO:colcon.colcon_core.shell:Creating package script '/home/lucaslapdoglinux/major_prok_ws/HardCodeHeroesMajorProject/install/turtlebot3_gazebo/share/turtlebot3_gazebo/package.zsh'
[38.509s] Level 1:colcon.colcon_core.environment:create_file_with_runtime_dependencies(/home/lucaslapdoglinux/major_prok_ws/HardCodeHeroesMajorProject/install/turtlebot3_gazebo/share/colcon-core/packages/turtlebot3_gazebo)
[38.678s] Level 1:colcon.colcon_core.environment:create_environment_scripts_only(turtlebot3_gazebo)
[38.679s] Level 1:colcon.colcon_core.environment:checking '/home/lucaslapdoglinux/major_prok_ws/HardCodeHeroesMajorProject/install/turtlebot3_gazebo' for CMake module files
[38.681s] Level 1:colcon.colcon_core.environment:checking '/home/lucaslapdoglinux/major_prok_ws/HardCodeHeroesMajorProject/install/turtlebot3_gazebo' for CMake config files
[38.686s] Level 1:colcon.colcon_core.shell:create_environment_hook('turtlebot3_gazebo', 'cmake_prefix_path')
[38.687s] INFO:colcon.colcon_core.shell:Creating environment hook '/home/lucaslapdoglinux/major_prok_ws/HardCodeHeroesMajorProject/install/turtlebot3_gazebo/share/turtlebot3_gazebo/hook/cmake_prefix_path.ps1'
[38.688s] INFO:colcon.colcon_core.shell:Creating environment descriptor '/home/lucaslapdoglinux/major_prok_ws/HardCodeHeroesMajorProject/install/turtlebot3_gazebo/share/turtlebot3_gazebo/hook/cmake_prefix_path.dsv'
[38.689s] INFO:colcon.colcon_core.shell:Creating environment hook '/home/lucaslapdoglinux/major_prok_ws/HardCodeHeroesMajorProject/install/turtlebot3_gazebo/share/turtlebot3_gazebo/hook/cmake_prefix_path.sh'
[38.691s] Level 1:colcon.colcon_core.environment:checking '/home/lucaslapdoglinux/major_prok_ws/HardCodeHeroesMajorProject/install/turtlebot3_gazebo/lib'
[38.691s] Level 1:colcon.colcon_core.environment:checking '/home/lucaslapdoglinux/major_prok_ws/HardCodeHeroesMajorProject/install/turtlebot3_gazebo/bin'
[38.691s] Level 1:colcon.colcon_core.environment:checking '/home/lucaslapdoglinux/major_prok_ws/HardCodeHeroesMajorProject/install/turtlebot3_gazebo/lib/pkgconfig/turtlebot3_gazebo.pc'
[38.692s] Level 1:colcon.colcon_core.environment:checking '/home/lucaslapdoglinux/major_prok_ws/HardCodeHeroesMajorProject/install/turtlebot3_gazebo/lib/python3.10/site-packages'
[38.692s] Level 1:colcon.colcon_core.environment:checking '/home/lucaslapdoglinux/major_prok_ws/HardCodeHeroesMajorProject/install/turtlebot3_gazebo/bin'
[38.693s] INFO:colcon.colcon_core.shell:Creating package script '/home/lucaslapdoglinux/major_prok_ws/HardCodeHeroesMajorProject/install/turtlebot3_gazebo/share/turtlebot3_gazebo/package.ps1'
[38.695s] INFO:colcon.colcon_core.shell:Creating package descriptor '/home/lucaslapdoglinux/major_prok_ws/HardCodeHeroesMajorProject/install/turtlebot3_gazebo/share/turtlebot3_gazebo/package.dsv'
[38.696s] INFO:colcon.colcon_core.shell:Creating package script '/home/lucaslapdoglinux/major_prok_ws/HardCodeHeroesMajorProject/install/turtlebot3_gazebo/share/turtlebot3_gazebo/package.sh'
[38.700s] INFO:colcon.colcon_core.shell:Creating package script '/home/lucaslapdoglinux/major_prok_ws/HardCodeHeroesMajorProject/install/turtlebot3_gazebo/share/turtlebot3_gazebo/package.bash'
[38.702s] INFO:colcon.colcon_core.shell:Creating package script '/home/lucaslapdoglinux/major_prok_ws/HardCodeHeroesMajorProject/install/turtlebot3_gazebo/share/turtlebot3_gazebo/package.zsh'
[38.704s] Level 1:colcon.colcon_core.environment:create_file_with_runtime_dependencies(/home/lucaslapdoglinux/major_prok_ws/HardCodeHeroesMajorProject/install/turtlebot3_gazebo/share/colcon-core/packages/turtlebot3_gazebo)
[38.705s] DEBUG:colcon.colcon_parallel_executor.executor.parallel:closing loop
[38.705s] DEBUG:colcon.colcon_parallel_executor.executor.parallel:loop closed
[38.706s] DEBUG:colcon.colcon_parallel_executor.executor.parallel:run_until_complete finished with '0'
[38.706s] DEBUG:colcon.colcon_core.event_reactor:joining thread
[38.724s] INFO:colcon.colcon_core.plugin_system:Skipping extension 'colcon_notification.desktop_notification.terminal_notifier': Not used on non-Darwin systems
[38.724s] INFO:colcon.colcon_core.plugin_system:Skipping extension 'colcon_notification.desktop_notification.win32': Not used on non-Windows systems
[38.724s] INFO:colcon.colcon_notification.desktop_notification:Sending desktop notification using 'notify2'
[38.766s] DEBUG:colcon.colcon_core.event_reactor:joined thread
[38.767s] INFO:colcon.colcon_core.shell:Creating prefix script '/home/lucaslapdoglinux/major_prok_ws/HardCodeHeroesMajorProject/install/local_setup.ps1'
[38.770s] INFO:colcon.colcon_core.shell:Creating prefix util module '/home/lucaslapdoglinux/major_prok_ws/HardCodeHeroesMajorProject/install/_local_setup_util_ps1.py'
[38.779s] INFO:colcon.colcon_core.shell:Creating prefix chain script '/home/lucaslapdoglinux/major_prok_ws/HardCodeHeroesMajorProject/install/setup.ps1'
[38.784s] INFO:colcon.colcon_core.shell:Creating prefix script '/home/lucaslapdoglinux/major_prok_ws/HardCodeHeroesMajorProject/install/local_setup.sh'
[38.787s] INFO:colcon.colcon_core.shell:Creating prefix util module '/home/lucaslapdoglinux/major_prok_ws/HardCodeHeroesMajorProject/install/_local_setup_util_sh.py'
[38.791s] INFO:colcon.colcon_core.shell:Creating prefix chain script '/home/lucaslapdoglinux/major_prok_ws/HardCodeHeroesMajorProject/install/setup.sh'
[38.796s] INFO:colcon.colcon_core.shell:Creating prefix script '/home/lucaslapdoglinux/major_prok_ws/HardCodeHeroesMajorProject/install/local_setup.bash'
[38.799s] INFO:colcon.colcon_core.shell:Creating prefix chain script '/home/lucaslapdoglinux/major_prok_ws/HardCodeHeroesMajorProject/install/setup.bash'
[38.806s] INFO:colcon.colcon_core.shell:Creating prefix script '/home/lucaslapdoglinux/major_prok_ws/HardCodeHeroesMajorProject/install/local_setup.zsh'
[38.808s] INFO:colcon.colcon_core.shell:Creating prefix chain script '/home/lucaslapdoglinux/major_prok_ws/HardCodeHeroesMajorProject/install/setup.zsh'
