[0.024s] Invoking command in '/home/lucaslapdoglinux/major_prok_ws/HardCodeHeroesMajorProject/build/turtlebot3_gazebo': CMAKE_PREFIX_PATH=${CMAKE_PREFIX_PATH}:/home/lucaslapdoglinux/turtlebot3_ws/install/turtlebot3_teleop:/home/lucaslapdoglinux/turtlebot3_ws/install/turtlebot3_example:/home/lucaslapdoglinux/ros2_practice_ws/install/robot_math:/home/lucaslapdoglinux/ros2_practice_ws/ros2_learners/install/robot_math:/opt/ros/humble /usr/bin/cmake --build /home/lucaslapdoglinux/major_prok_ws/HardCodeHeroesMajorProject/build/turtlebot3_gazebo -- -j8 -l8
[0.090s] [35m[1mConsolidate compiler generated dependencies of target turtlebot3_shop_keeper[0m
[0.103s] [ 30%] Built target obstacle1
[0.103s] [ 30%] Built target obstacle2
[0.126s] [ 46%] Built target obstacles
[0.135s] [ 53%] [32mBuilding CXX object CMakeFiles/turtlebot3_shop_keeper.dir/src/main.cpp.o[0m
[0.135s] [ 61%] [32mBuilding CXX object CMakeFiles/turtlebot3_shop_keeper.dir/src/InventoryWaypointsNode.cpp.o[0m
[3.799s] [01m[K/home/lucaslapdoglinux/major_prok_ws/HardCodeHeroesMajorProject/turtlebot3_gazebo/src/InventoryWaypointsNode.cpp:[m[K In constructor ‘[01m[KInventoryWaypointsNode::InventoryWaypointsNode()[m[K’:
[3.799s] [01m[K/home/lucaslapdoglinux/major_prok_ws/HardCodeHeroesMajorProject/turtlebot3_gazebo/src/InventoryWaypointsNode.cpp:58:90:[m[K [01;31m[Kerror: [m[Kno match for ‘[01m[Koperator=[m[K’ (operand types are ‘[01m[Krclcpp_action::ClientGoalHandle<nav2_msgs::action::NavigateToPose>::WrappedResult[m[K’ and ‘[01m[Kstd::shared_ptr<rclcpp::Subscription<rclcpp_action::ClientGoalHandle<nav2_msgs::action::NavigateToPose>::WrappedResult, std::allocator<void>, rclcpp_action::ClientGoalHandle<nav2_msgs::action::NavigateToPose>::WrappedResult, rclcpp_action::ClientGoalHandle<nav2_msgs::action::NavigateToPose>::WrappedResult, rclcpp::message_memory_strategy::MessageMemoryStrategy<rclcpp_action::ClientGoalHandle<nav2_msgs::action::NavigateToPose>::WrappedResult, std::allocator<void> > > >[m[K’)
[3.799s]    58 |     std::bind(&InventoryWaypointsNode::goal_result_callback, this, std::placeholders::_1)[01;31m[K)[m[K;
[3.799s]       |                                                                                          [01;31m[K^[m[K
[3.799s] In file included from [01m[K/opt/ros/humble/include/rclcpp_action/rclcpp_action/client.hpp:43[m[K,
[3.800s]                  from [01m[K/opt/ros/humble/include/rclcpp_action/rclcpp_action/rclcpp_action.hpp:36[m[K,
[3.800s]                  from [01m[K/home/lucaslapdoglinux/major_prok_ws/HardCodeHeroesMajorProject/turtlebot3_gazebo/include/WaypointManager.hpp:11[m[K,
[3.800s]                  from [01m[K/home/lucaslapdoglinux/major_prok_ws/HardCodeHeroesMajorProject/turtlebot3_gazebo/include/WaypointGenerator.hpp:11[m[K,
[3.800s]                  from [01m[K/home/lucaslapdoglinux/major_prok_ws/HardCodeHeroesMajorProject/turtlebot3_gazebo/include/InventoryWaypointsNode.hpp:14[m[K,
[3.800s]                  from [01m[K/home/lucaslapdoglinux/major_prok_ws/HardCodeHeroesMajorProject/turtlebot3_gazebo/src/InventoryWaypointsNode.cpp:4[m[K:
[3.800s] [01m[K/opt/ros/humble/include/rclcpp_action/rclcpp_action/client_goal_handle.hpp:65:10:[m[K [01;36m[Knote: [m[Kcandidate: ‘[01m[Krclcpp_action::ClientGoalHandle<nav2_msgs::action::NavigateToPose>::WrappedResult& rclcpp_action::ClientGoalHandle<nav2_msgs::action::NavigateToPose>::WrappedResult::operator=(const rclcpp_action::ClientGoalHandle<nav2_msgs::action::NavigateToPose>::WrappedResult&)[m[K’
[3.800s]    65 |   struct [01;36m[KWrappedResult[m[K
[3.800s]       |          [01;36m[K^~~~~~~~~~~~~[m[K
[3.800s] [01m[K/opt/ros/humble/include/rclcpp_action/rclcpp_action/client_goal_handle.hpp:65:10:[m[K [01;36m[Knote: [m[K  no known conversion for argument 1 from ‘[01m[Kstd::shared_ptr<rclcpp::Subscription<rclcpp_action::ClientGoalHandle<nav2_msgs::action::NavigateToPose>::WrappedResult, std::allocator<void>, rclcpp_action::ClientGoalHandle<nav2_msgs::action::NavigateToPose>::WrappedResult, rclcpp_action::ClientGoalHandle<nav2_msgs::action::NavigateToPose>::WrappedResult, rclcpp::message_memory_strategy::MessageMemoryStrategy<rclcpp_action::ClientGoalHandle<nav2_msgs::action::NavigateToPose>::WrappedResult, std::allocator<void> > > >[m[K’ to ‘[01m[Kconst rclcpp_action::ClientGoalHandle<nav2_msgs::action::NavigateToPose>::WrappedResult&[m[K’
[3.801s] [01m[K/opt/ros/humble/include/rclcpp_action/rclcpp_action/client_goal_handle.hpp:65:10:[m[K [01;36m[Knote: [m[Kcandidate: ‘[01m[Krclcpp_action::ClientGoalHandle<nav2_msgs::action::NavigateToPose>::WrappedResult& rclcpp_action::ClientGoalHandle<nav2_msgs::action::NavigateToPose>::WrappedResult::operator=(rclcpp_action::ClientGoalHandle<nav2_msgs::action::NavigateToPose>::WrappedResult&&)[m[K’
[3.801s] [01m[K/opt/ros/humble/include/rclcpp_action/rclcpp_action/client_goal_handle.hpp:65:10:[m[K [01;36m[Knote: [m[K  no known conversion for argument 1 from ‘[01m[Kstd::shared_ptr<rclcpp::Subscription<rclcpp_action::ClientGoalHandle<nav2_msgs::action::NavigateToPose>::WrappedResult, std::allocator<void>, rclcpp_action::ClientGoalHandle<nav2_msgs::action::NavigateToPose>::WrappedResult, rclcpp_action::ClientGoalHandle<nav2_msgs::action::NavigateToPose>::WrappedResult, rclcpp::message_memory_strategy::MessageMemoryStrategy<rclcpp_action::ClientGoalHandle<nav2_msgs::action::NavigateToPose>::WrappedResult, std::allocator<void> > > >[m[K’ to ‘[01m[Krclcpp_action::ClientGoalHandle<nav2_msgs::action::NavigateToPose>::WrappedResult&&[m[K’
[10.974s] gmake[2]: *** [CMakeFiles/turtlebot3_shop_keeper.dir/build.make:90: CMakeFiles/turtlebot3_shop_keeper.dir/src/InventoryWaypointsNode.cpp.o] Error 1
[10.974s] gmake[1]: *** [CMakeFiles/Makefile2:143: CMakeFiles/turtlebot3_shop_keeper.dir/all] Error 2
[10.974s] gmake: *** [Makefile:146: all] Error 2
[10.977s] Invoked command in '/home/lucaslapdoglinux/major_prok_ws/HardCodeHeroesMajorProject/build/turtlebot3_gazebo' returned '2': CMAKE_PREFIX_PATH=${CMAKE_PREFIX_PATH}:/home/lucaslapdoglinux/turtlebot3_ws/install/turtlebot3_teleop:/home/lucaslapdoglinux/turtlebot3_ws/install/turtlebot3_example:/home/lucaslapdoglinux/ros2_practice_ws/install/robot_math:/home/lucaslapdoglinux/ros2_practice_ws/ros2_learners/install/robot_math:/opt/ros/humble /usr/bin/cmake --build /home/lucaslapdoglinux/major_prok_ws/HardCodeHeroesMajorProject/build/turtlebot3_gazebo -- -j8 -l8
