[0.111s] DEBUG:colcon:Command line arguments: ['/usr/bin/colcon', 'build', '--allow-overriding', 'turtlebot3_gazebo']
[0.111s] DEBUG:colcon:Parsed command line arguments: Namespace(log_base=None, log_level=None, verb_name='build', build_base='build', install_base='install', merge_install=False, symlink_install=False, test_result_base=None, continue_on_error=False, executor='parallel', parallel_workers=8, event_handlers=None, ignore_user_meta=False, metas=['./colcon.meta'], base_paths=['.'], packages_ignore=None, packages_ignore_regex=None, paths=None, packages_up_to=None, packages_up_to_regex=None, packages_above=None, packages_above_and_dependencies=None, packages_above_depth=None, packages_select_by_dep=None, packages_skip_by_dep=None, packages_skip_up_to=None, packages_select_build_failed=False, packages_skip_build_finished=False, packages_select_test_failures=False, packages_skip_test_passed=False, packages_select=None, packages_skip=None, packages_select_regex=None, packages_skip_regex=None, packages_start=None, packages_end=None, allow_overriding=['turtlebot3_gazebo'], cmake_args=None, cmake_target=None, cmake_target_skip_unavailable=False, cmake_clean_cache=False, cmake_clean_first=False, cmake_force_configure=False, ament_cmake_args=None, catkin_cmake_args=None, catkin_skip_building_tests=False, mixin_files=None, mixin=None, verb_parser=<colcon_mixin.mixin.mixin_argument.MixinArgumentDecorator object at 0x7c26ae12bd60>, verb_extension=<colcon_core.verb.build.BuildVerb object at 0x7c26ae12b8b0>, main=<bound method BuildVerb.main of <colcon_core.verb.build.BuildVerb object at 0x7c26ae12b8b0>>, mixin_verb=('build',))
[0.305s] Level 1:colcon.colcon_core.package_discovery:discover_packages(colcon_meta) check parameters
[0.305s] Level 1:colcon.colcon_core.package_discovery:discover_packages(recursive) check parameters
[0.305s] Level 1:colcon.colcon_core.package_discovery:discover_packages(ignore) check parameters
[0.305s] Level 1:colcon.colcon_core.package_discovery:discover_packages(path) check parameters
[0.305s] Level 1:colcon.colcon_core.package_discovery:discover_packages(colcon_meta) discover
[0.305s] Level 1:colcon.colcon_core.package_discovery:discover_packages(recursive) discover
[0.305s] INFO:colcon.colcon_core.package_discovery:Crawling recursively for packages in '/home/lucaslapdoglinux/major_prok_ws/HardCodeHeroesMajorProject'
[0.305s] Level 1:colcon.colcon_core.package_identification:_identify(.) by extensions ['ignore', 'ignore_ament_install']
[0.305s] Level 1:colcon.colcon_core.package_identification:_identify(.) by extension 'ignore'
[0.306s] Level 1:colcon.colcon_core.package_identification:_identify(.) by extension 'ignore_ament_install'
[0.306s] Level 1:colcon.colcon_core.package_identification:_identify(.) by extensions ['colcon_pkg']
[0.306s] Level 1:colcon.colcon_core.package_identification:_identify(.) by extension 'colcon_pkg'
[0.306s] Level 1:colcon.colcon_core.package_identification:_identify(.) by extensions ['colcon_meta']
[0.306s] Level 1:colcon.colcon_core.package_identification:_identify(.) by extension 'colcon_meta'
[0.306s] Level 1:colcon.colcon_core.package_identification:_identify(.) by extensions ['ros']
[0.306s] Level 1:colcon.colcon_core.package_identification:_identify(.) by extension 'ros'
[0.318s] Level 1:colcon.colcon_core.package_identification:_identify(.) by extensions ['cmake', 'python']
[0.318s] Level 1:colcon.colcon_core.package_identification:_identify(.) by extension 'cmake'
[0.318s] Level 1:colcon.colcon_core.package_identification:_identify(.) by extension 'python'
[0.318s] Level 1:colcon.colcon_core.package_identification:_identify(.) by extensions ['python_setup_py']
[0.318s] Level 1:colcon.colcon_core.package_identification:_identify(.) by extension 'python_setup_py'
[0.318s] Level 1:colcon.colcon_core.package_identification:_identify(Meeting_minutes) by extensions ['ignore', 'ignore_ament_install']
[0.319s] Level 1:colcon.colcon_core.package_identification:_identify(Meeting_minutes) by extension 'ignore'
[0.319s] Level 1:colcon.colcon_core.package_identification:_identify(Meeting_minutes) by extension 'ignore_ament_install'
[0.319s] Level 1:colcon.colcon_core.package_identification:_identify(Meeting_minutes) by extensions ['colcon_pkg']
[0.319s] Level 1:colcon.colcon_core.package_identification:_identify(Meeting_minutes) by extension 'colcon_pkg'
[0.319s] Level 1:colcon.colcon_core.package_identification:_identify(Meeting_minutes) by extensions ['colcon_meta']
[0.319s] Level 1:colcon.colcon_core.package_identification:_identify(Meeting_minutes) by extension 'colcon_meta'
[0.319s] Level 1:colcon.colcon_core.package_identification:_identify(Meeting_minutes) by extensions ['ros']
[0.319s] Level 1:colcon.colcon_core.package_identification:_identify(Meeting_minutes) by extension 'ros'
[0.319s] Level 1:colcon.colcon_core.package_identification:_identify(Meeting_minutes) by extensions ['cmake', 'python']
[0.319s] Level 1:colcon.colcon_core.package_identification:_identify(Meeting_minutes) by extension 'cmake'
[0.319s] Level 1:colcon.colcon_core.package_identification:_identify(Meeting_minutes) by extension 'python'
[0.319s] Level 1:colcon.colcon_core.package_identification:_identify(Meeting_minutes) by extensions ['python_setup_py']
[0.319s] Level 1:colcon.colcon_core.package_identification:_identify(Meeting_minutes) by extension 'python_setup_py'
[0.319s] Level 1:colcon.colcon_core.package_identification:_identify(build) by extensions ['ignore', 'ignore_ament_install']
[0.319s] Level 1:colcon.colcon_core.package_identification:_identify(build) by extension 'ignore'
[0.319s] Level 1:colcon.colcon_core.package_identification:_identify(build) ignored
[0.320s] Level 1:colcon.colcon_core.package_identification:_identify(install) by extensions ['ignore', 'ignore_ament_install']
[0.320s] Level 1:colcon.colcon_core.package_identification:_identify(install) by extension 'ignore'
[0.320s] Level 1:colcon.colcon_core.package_identification:_identify(install) ignored
[0.320s] Level 1:colcon.colcon_core.package_identification:_identify(log) by extensions ['ignore', 'ignore_ament_install']
[0.320s] Level 1:colcon.colcon_core.package_identification:_identify(log) by extension 'ignore'
[0.320s] Level 1:colcon.colcon_core.package_identification:_identify(log) ignored
[0.320s] Level 1:colcon.colcon_core.package_identification:_identify(turtlebot3_gazebo) by extensions ['ignore', 'ignore_ament_install']
[0.320s] Level 1:colcon.colcon_core.package_identification:_identify(turtlebot3_gazebo) by extension 'ignore'
[0.320s] Level 1:colcon.colcon_core.package_identification:_identify(turtlebot3_gazebo) by extension 'ignore_ament_install'
[0.320s] Level 1:colcon.colcon_core.package_identification:_identify(turtlebot3_gazebo) by extensions ['colcon_pkg']
[0.320s] Level 1:colcon.colcon_core.package_identification:_identify(turtlebot3_gazebo) by extension 'colcon_pkg'
[0.320s] Level 1:colcon.colcon_core.package_identification:_identify(turtlebot3_gazebo) by extensions ['colcon_meta']
[0.320s] Level 1:colcon.colcon_core.package_identification:_identify(turtlebot3_gazebo) by extension 'colcon_meta'
[0.321s] Level 1:colcon.colcon_core.package_identification:_identify(turtlebot3_gazebo) by extensions ['ros']
[0.321s] Level 1:colcon.colcon_core.package_identification:_identify(turtlebot3_gazebo) by extension 'ros'
[0.334s] DEBUG:colcon.colcon_core.package_identification:Package 'turtlebot3_gazebo' with type 'ros.ament_cmake' and name 'turtlebot3_gazebo'
[0.334s] Level 1:colcon.colcon_core.package_identification:_identify(turtlebot3_navigation) by extensions ['ignore', 'ignore_ament_install']
[0.334s] Level 1:colcon.colcon_core.package_identification:_identify(turtlebot3_navigation) by extension 'ignore'
[0.334s] Level 1:colcon.colcon_core.package_identification:_identify(turtlebot3_navigation) by extension 'ignore_ament_install'
[0.334s] Level 1:colcon.colcon_core.package_identification:_identify(turtlebot3_navigation) by extensions ['colcon_pkg']
[0.334s] Level 1:colcon.colcon_core.package_identification:_identify(turtlebot3_navigation) by extension 'colcon_pkg'
[0.334s] Level 1:colcon.colcon_core.package_identification:_identify(turtlebot3_navigation) by extensions ['colcon_meta']
[0.334s] Level 1:colcon.colcon_core.package_identification:_identify(turtlebot3_navigation) by extension 'colcon_meta'
[0.334s] Level 1:colcon.colcon_core.package_identification:_identify(turtlebot3_navigation) by extensions ['ros']
[0.334s] Level 1:colcon.colcon_core.package_identification:_identify(turtlebot3_navigation) by extension 'ros'
[0.336s] DEBUG:colcon.colcon_core.package_identification:Package 'turtlebot3_navigation' with type 'ros.ament_cmake' and name 'turtlebot3_navigation'
[0.336s] Level 1:colcon.colcon_core.package_discovery:discover_packages(recursive) using defaults
[0.336s] Level 1:colcon.colcon_core.package_discovery:discover_packages(ignore) discover
[0.336s] Level 1:colcon.colcon_core.package_discovery:discover_packages(ignore) using defaults
[0.336s] Level 1:colcon.colcon_core.package_discovery:discover_packages(path) discover
[0.336s] Level 1:colcon.colcon_core.package_discovery:discover_packages(path) using defaults
[0.362s] Level 1:colcon.colcon_core.package_discovery:discover_packages(prefix_path) check parameters
[0.362s] Level 1:colcon.colcon_core.package_discovery:discover_packages(prefix_path) discover
[0.365s] DEBUG:colcon.colcon_installed_package_information.package_discovery:Found 12 installed packages in /home/lucaslapdoglinux/turtlebot3_ws/install
[0.365s] DEBUG:colcon.colcon_installed_package_information.package_discovery:Found 2 installed packages in /home/lucaslapdoglinux/major_prok_ws/install
[0.366s] DEBUG:colcon.colcon_installed_package_information.package_discovery:Found 6 installed packages in /home/lucaslapdoglinux/ros2_practice_ws/install
[0.367s] DEBUG:colcon.colcon_installed_package_information.package_discovery:Found 6 installed packages in /home/lucaslapdoglinux/ros2_practice_ws/ros2_learners/install
[0.370s] DEBUG:colcon.colcon_installed_package_information.package_discovery:Found 485 installed packages in /opt/ros/humble
[0.376s] Level 1:colcon.colcon_core.package_discovery:discover_packages(prefix_path) using defaults
[0.446s] Level 5:colcon.colcon_core.verb:set package 'turtlebot3_gazebo' build argument 'cmake_args' from command line to 'None'
[0.446s] Level 5:colcon.colcon_core.verb:set package 'turtlebot3_gazebo' build argument 'cmake_target' from command line to 'None'
[0.446s] Level 5:colcon.colcon_core.verb:set package 'turtlebot3_gazebo' build argument 'cmake_target_skip_unavailable' from command line to 'False'
[0.446s] Level 5:colcon.colcon_core.verb:set package 'turtlebot3_gazebo' build argument 'cmake_clean_cache' from command line to 'False'
[0.446s] Level 5:colcon.colcon_core.verb:set package 'turtlebot3_gazebo' build argument 'cmake_clean_first' from command line to 'False'
[0.446s] Level 5:colcon.colcon_core.verb:set package 'turtlebot3_gazebo' build argument 'cmake_force_configure' from command line to 'False'
[0.446s] Level 5:colcon.colcon_core.verb:set package 'turtlebot3_gazebo' build argument 'ament_cmake_args' from command line to 'None'
[0.446s] Level 5:colcon.colcon_core.verb:set package 'turtlebot3_gazebo' build argument 'catkin_cmake_args' from command line to 'None'
[0.446s] Level 5:colcon.colcon_core.verb:set package 'turtlebot3_gazebo' build argument 'catkin_skip_building_tests' from command line to 'False'
[0.447s] DEBUG:colcon.colcon_core.verb:Building package 'turtlebot3_gazebo' with the following arguments: {'ament_cmake_args': None, 'build_base': '/home/lucaslapdoglinux/major_prok_ws/HardCodeHeroesMajorProject/build/turtlebot3_gazebo', 'catkin_cmake_args': None, 'catkin_skip_building_tests': False, 'cmake_args': None, 'cmake_clean_cache': False, 'cmake_clean_first': False, 'cmake_force_configure': False, 'cmake_target': None, 'cmake_target_skip_unavailable': False, 'install_base': '/home/lucaslapdoglinux/major_prok_ws/HardCodeHeroesMajorProject/install/turtlebot3_gazebo', 'merge_install': False, 'path': '/home/lucaslapdoglinux/major_prok_ws/HardCodeHeroesMajorProject/turtlebot3_gazebo', 'symlink_install': False, 'test_result_base': None}
[0.447s] Level 5:colcon.colcon_core.verb:set package 'turtlebot3_navigation' build argument 'cmake_args' from command line to 'None'
[0.447s] Level 5:colcon.colcon_core.verb:set package 'turtlebot3_navigation' build argument 'cmake_target' from command line to 'None'
[0.447s] Level 5:colcon.colcon_core.verb:set package 'turtlebot3_navigation' build argument 'cmake_target_skip_unavailable' from command line to 'False'
[0.447s] Level 5:colcon.colcon_core.verb:set package 'turtlebot3_navigation' build argument 'cmake_clean_cache' from command line to 'False'
[0.447s] Level 5:colcon.colcon_core.verb:set package 'turtlebot3_navigation' build argument 'cmake_clean_first' from command line to 'False'
[0.447s] Level 5:colcon.colcon_core.verb:set package 'turtlebot3_navigation' build argument 'cmake_force_configure' from command line to 'False'
[0.447s] Level 5:colcon.colcon_core.verb:set package 'turtlebot3_navigation' build argument 'ament_cmake_args' from command line to 'None'
[0.447s] Level 5:colcon.colcon_core.verb:set package 'turtlebot3_navigation' build argument 'catkin_cmake_args' from command line to 'None'
[0.447s] Level 5:colcon.colcon_core.verb:set package 'turtlebot3_navigation' build argument 'catkin_skip_building_tests' from command line to 'False'
[0.447s] DEBUG:colcon.colcon_core.verb:Building package 'turtlebot3_navigation' with the following arguments: {'ament_cmake_args': None, 'build_base': '/home/lucaslapdoglinux/major_prok_ws/HardCodeHeroesMajorProject/build/turtlebot3_navigation', 'catkin_cmake_args': None, 'catkin_skip_building_tests': False, 'cmake_args': None, 'cmake_clean_cache': False, 'cmake_clean_first': False, 'cmake_force_configure': False, 'cmake_target': None, 'cmake_target_skip_unavailable': False, 'install_base': '/home/lucaslapdoglinux/major_prok_ws/HardCodeHeroesMajorProject/install/turtlebot3_navigation', 'merge_install': False, 'path': '/home/lucaslapdoglinux/major_prok_ws/HardCodeHeroesMajorProject/turtlebot3_navigation', 'symlink_install': False, 'test_result_base': None}
[0.447s] INFO:colcon.colcon_core.executor:Executing jobs using 'parallel' executor
[0.448s] DEBUG:colcon.colcon_parallel_executor.executor.parallel:run_until_complete
[0.449s] INFO:colcon.colcon_ros.task.ament_cmake.build:Building ROS package in '/home/lucaslapdoglinux/major_prok_ws/HardCodeHeroesMajorProject/turtlebot3_gazebo' with build type 'ament_cmake'
[0.449s] INFO:colcon.colcon_cmake.task.cmake.build:Building CMake package in '/home/lucaslapdoglinux/major_prok_ws/HardCodeHeroesMajorProject/turtlebot3_gazebo'
[0.451s] INFO:colcon.colcon_core.plugin_system:Skipping extension 'colcon_core.shell.bat': Not used on non-Windows systems
[0.451s] INFO:colcon.colcon_core.shell:Skip shell extension 'powershell' for command environment: Not usable outside of PowerShell
[0.451s] DEBUG:colcon.colcon_core.shell:Skip shell extension 'dsv' for command environment
[0.458s] INFO:colcon.colcon_ros.task.ament_cmake.build:Building ROS package in '/home/lucaslapdoglinux/major_prok_ws/HardCodeHeroesMajorProject/turtlebot3_navigation' with build type 'ament_cmake'
[0.458s] INFO:colcon.colcon_cmake.task.cmake.build:Building CMake package in '/home/lucaslapdoglinux/major_prok_ws/HardCodeHeroesMajorProject/turtlebot3_navigation'
[0.458s] INFO:colcon.colcon_core.shell:Skip shell extension 'powershell' for command environment: Not usable outside of PowerShell
[0.458s] DEBUG:colcon.colcon_core.shell:Skip shell extension 'dsv' for command environment
[0.472s] DEBUG:colcon.colcon_core.event_handler.log_command:Invoking command in '/home/lucaslapdoglinux/major_prok_ws/HardCodeHeroesMajorProject/build/turtlebot3_gazebo': CMAKE_PREFIX_PATH=${CMAKE_PREFIX_PATH}:/home/lucaslapdoglinux/turtlebot3_ws/install/turtlebot3_teleop:/home/lucaslapdoglinux/turtlebot3_ws/install/turtlebot3_example:/home/lucaslapdoglinux/ros2_practice_ws/install/robot_math:/home/lucaslapdoglinux/ros2_practice_ws/ros2_learners/install/robot_math:/opt/ros/humble /usr/bin/cmake --build /home/lucaslapdoglinux/major_prok_ws/HardCodeHeroesMajorProject/build/turtlebot3_gazebo -- -j8 -l8
[0.477s] DEBUG:colcon.colcon_core.event_handler.log_command:Invoking command in '/home/lucaslapdoglinux/major_prok_ws/HardCodeHeroesMajorProject/build/turtlebot3_navigation': CMAKE_PREFIX_PATH=${CMAKE_PREFIX_PATH}:/home/lucaslapdoglinux/turtlebot3_ws/install/turtlebot3_teleop:/home/lucaslapdoglinux/turtlebot3_ws/install/turtlebot3_example:/home/lucaslapdoglinux/ros2_practice_ws/install/robot_math:/home/lucaslapdoglinux/ros2_practice_ws/ros2_learners/install/robot_math:/opt/ros/humble /usr/bin/cmake --build /home/lucaslapdoglinux/major_prok_ws/HardCodeHeroesMajorProject/build/turtlebot3_navigation -- -j8 -l8
[0.556s] DEBUG:colcon.colcon_core.event_handler.log_command:Invoked command in '/home/lucaslapdoglinux/major_prok_ws/HardCodeHeroesMajorProject/build/turtlebot3_navigation' returned '0': CMAKE_PREFIX_PATH=${CMAKE_PREFIX_PATH}:/home/lucaslapdoglinux/turtlebot3_ws/install/turtlebot3_teleop:/home/lucaslapdoglinux/turtlebot3_ws/install/turtlebot3_example:/home/lucaslapdoglinux/ros2_practice_ws/install/robot_math:/home/lucaslapdoglinux/ros2_practice_ws/ros2_learners/install/robot_math:/opt/ros/humble /usr/bin/cmake --build /home/lucaslapdoglinux/major_prok_ws/HardCodeHeroesMajorProject/build/turtlebot3_navigation -- -j8 -l8
[0.612s] DEBUG:colcon.colcon_core.event_handler.log_command:Invoking command in '/home/lucaslapdoglinux/major_prok_ws/HardCodeHeroesMajorProject/build/turtlebot3_navigation': CMAKE_PREFIX_PATH=${CMAKE_PREFIX_PATH}:/home/lucaslapdoglinux/turtlebot3_ws/install/turtlebot3_teleop:/home/lucaslapdoglinux/turtlebot3_ws/install/turtlebot3_example:/home/lucaslapdoglinux/ros2_practice_ws/install/robot_math:/home/lucaslapdoglinux/ros2_practice_ws/ros2_learners/install/robot_math:/opt/ros/humble /usr/bin/cmake --install /home/lucaslapdoglinux/major_prok_ws/HardCodeHeroesMajorProject/build/turtlebot3_navigation
[0.623s] Level 1:colcon.colcon_core.environment:create_environment_scripts_only(turtlebot3_navigation)
[0.624s] DEBUG:colcon.colcon_core.event_handler.log_command:Invoked command in '/home/lucaslapdoglinux/major_prok_ws/HardCodeHeroesMajorProject/build/turtlebot3_navigation' returned '0': CMAKE_PREFIX_PATH=${CMAKE_PREFIX_PATH}:/home/lucaslapdoglinux/turtlebot3_ws/install/turtlebot3_teleop:/home/lucaslapdoglinux/turtlebot3_ws/install/turtlebot3_example:/home/lucaslapdoglinux/ros2_practice_ws/install/robot_math:/home/lucaslapdoglinux/ros2_practice_ws/ros2_learners/install/robot_math:/opt/ros/humble /usr/bin/cmake --install /home/lucaslapdoglinux/major_prok_ws/HardCodeHeroesMajorProject/build/turtlebot3_navigation
[0.626s] Level 1:colcon.colcon_core.environment:checking '/home/lucaslapdoglinux/major_prok_ws/HardCodeHeroesMajorProject/install/turtlebot3_navigation' for CMake module files
[0.627s] Level 1:colcon.colcon_core.environment:checking '/home/lucaslapdoglinux/major_prok_ws/HardCodeHeroesMajorProject/install/turtlebot3_navigation' for CMake config files
[0.627s] Level 1:colcon.colcon_core.shell:create_environment_hook('turtlebot3_navigation', 'cmake_prefix_path')
[0.628s] INFO:colcon.colcon_core.shell:Creating environment hook '/home/lucaslapdoglinux/major_prok_ws/HardCodeHeroesMajorProject/install/turtlebot3_navigation/share/turtlebot3_navigation/hook/cmake_prefix_path.ps1'
[0.629s] INFO:colcon.colcon_core.shell:Creating environment descriptor '/home/lucaslapdoglinux/major_prok_ws/HardCodeHeroesMajorProject/install/turtlebot3_navigation/share/turtlebot3_navigation/hook/cmake_prefix_path.dsv'
[0.629s] INFO:colcon.colcon_core.shell:Creating environment hook '/home/lucaslapdoglinux/major_prok_ws/HardCodeHeroesMajorProject/install/turtlebot3_navigation/share/turtlebot3_navigation/hook/cmake_prefix_path.sh'
[0.630s] Level 1:colcon.colcon_core.environment:checking '/home/lucaslapdoglinux/major_prok_ws/HardCodeHeroesMajorProject/install/turtlebot3_navigation/lib'
[0.630s] Level 1:colcon.colcon_core.environment:checking '/home/lucaslapdoglinux/major_prok_ws/HardCodeHeroesMajorProject/install/turtlebot3_navigation/bin'
[0.630s] Level 1:colcon.colcon_core.environment:checking '/home/lucaslapdoglinux/major_prok_ws/HardCodeHeroesMajorProject/install/turtlebot3_navigation/lib/pkgconfig/turtlebot3_navigation.pc'
[0.630s] Level 1:colcon.colcon_core.environment:checking '/home/lucaslapdoglinux/major_prok_ws/HardCodeHeroesMajorProject/install/turtlebot3_navigation/lib/python3.10/site-packages'
[0.630s] Level 1:colcon.colcon_core.environment:checking '/home/lucaslapdoglinux/major_prok_ws/HardCodeHeroesMajorProject/install/turtlebot3_navigation/bin'
[0.631s] INFO:colcon.colcon_core.shell:Creating package script '/home/lucaslapdoglinux/major_prok_ws/HardCodeHeroesMajorProject/install/turtlebot3_navigation/share/turtlebot3_navigation/package.ps1'
[0.631s] INFO:colcon.colcon_core.shell:Creating package descriptor '/home/lucaslapdoglinux/major_prok_ws/HardCodeHeroesMajorProject/install/turtlebot3_navigation/share/turtlebot3_navigation/package.dsv'
[0.632s] INFO:colcon.colcon_core.shell:Creating package script '/home/lucaslapdoglinux/major_prok_ws/HardCodeHeroesMajorProject/install/turtlebot3_navigation/share/turtlebot3_navigation/package.sh'
[0.633s] INFO:colcon.colcon_core.shell:Creating package script '/home/lucaslapdoglinux/major_prok_ws/HardCodeHeroesMajorProject/install/turtlebot3_navigation/share/turtlebot3_navigation/package.bash'
[0.633s] INFO:colcon.colcon_core.shell:Creating package script '/home/lucaslapdoglinux/major_prok_ws/HardCodeHeroesMajorProject/install/turtlebot3_navigation/share/turtlebot3_navigation/package.zsh'
[0.634s] Level 1:colcon.colcon_core.environment:create_file_with_runtime_dependencies(/home/lucaslapdoglinux/major_prok_ws/HardCodeHeroesMajorProject/install/turtlebot3_navigation/share/colcon-core/packages/turtlebot3_navigation)
[0.666s] Level 1:colcon.colcon_core.environment:create_environment_scripts_only(turtlebot3_navigation)
[0.666s] Level 1:colcon.colcon_core.environment:checking '/home/lucaslapdoglinux/major_prok_ws/HardCodeHeroesMajorProject/install/turtlebot3_navigation' for CMake module files
[0.667s] Level 1:colcon.colcon_core.environment:checking '/home/lucaslapdoglinux/major_prok_ws/HardCodeHeroesMajorProject/install/turtlebot3_navigation' for CMake config files
[0.667s] Level 1:colcon.colcon_core.shell:create_environment_hook('turtlebot3_navigation', 'cmake_prefix_path')
[0.667s] INFO:colcon.colcon_core.shell:Creating environment hook '/home/lucaslapdoglinux/major_prok_ws/HardCodeHeroesMajorProject/install/turtlebot3_navigation/share/turtlebot3_navigation/hook/cmake_prefix_path.ps1'
[0.668s] INFO:colcon.colcon_core.shell:Creating environment descriptor '/home/lucaslapdoglinux/major_prok_ws/HardCodeHeroesMajorProject/install/turtlebot3_navigation/share/turtlebot3_navigation/hook/cmake_prefix_path.dsv'
[0.668s] INFO:colcon.colcon_core.shell:Creating environment hook '/home/lucaslapdoglinux/major_prok_ws/HardCodeHeroesMajorProject/install/turtlebot3_navigation/share/turtlebot3_navigation/hook/cmake_prefix_path.sh'
[0.669s] Level 1:colcon.colcon_core.environment:checking '/home/lucaslapdoglinux/major_prok_ws/HardCodeHeroesMajorProject/install/turtlebot3_navigation/lib'
[0.669s] Level 1:colcon.colcon_core.environment:checking '/home/lucaslapdoglinux/major_prok_ws/HardCodeHeroesMajorProject/install/turtlebot3_navigation/bin'
[0.669s] Level 1:colcon.colcon_core.environment:checking '/home/lucaslapdoglinux/major_prok_ws/HardCodeHeroesMajorProject/install/turtlebot3_navigation/lib/pkgconfig/turtlebot3_navigation.pc'
[0.669s] Level 1:colcon.colcon_core.environment:checking '/home/lucaslapdoglinux/major_prok_ws/HardCodeHeroesMajorProject/install/turtlebot3_navigation/lib/python3.10/site-packages'
[0.669s] Level 1:colcon.colcon_core.environment:checking '/home/lucaslapdoglinux/major_prok_ws/HardCodeHeroesMajorProject/install/turtlebot3_navigation/bin'
[0.670s] INFO:colcon.colcon_core.shell:Creating package script '/home/lucaslapdoglinux/major_prok_ws/HardCodeHeroesMajorProject/install/turtlebot3_navigation/share/turtlebot3_navigation/package.ps1'
[0.670s] INFO:colcon.colcon_core.shell:Creating package descriptor '/home/lucaslapdoglinux/major_prok_ws/HardCodeHeroesMajorProject/install/turtlebot3_navigation/share/turtlebot3_navigation/package.dsv'
[0.671s] INFO:colcon.colcon_core.shell:Creating package script '/home/lucaslapdoglinux/major_prok_ws/HardCodeHeroesMajorProject/install/turtlebot3_navigation/share/turtlebot3_navigation/package.sh'
[0.671s] INFO:colcon.colcon_core.shell:Creating package script '/home/lucaslapdoglinux/major_prok_ws/HardCodeHeroesMajorProject/install/turtlebot3_navigation/share/turtlebot3_navigation/package.bash'
[0.672s] INFO:colcon.colcon_core.shell:Creating package script '/home/lucaslapdoglinux/major_prok_ws/HardCodeHeroesMajorProject/install/turtlebot3_navigation/share/turtlebot3_navigation/package.zsh'
[0.672s] Level 1:colcon.colcon_core.environment:create_file_with_runtime_dependencies(/home/lucaslapdoglinux/major_prok_ws/HardCodeHeroesMajorProject/install/turtlebot3_navigation/share/colcon-core/packages/turtlebot3_navigation)
[5.016s] DEBUG:colcon.colcon_core.event_handler.log_command:Invoked command in '/home/lucaslapdoglinux/major_prok_ws/HardCodeHeroesMajorProject/build/turtlebot3_gazebo' returned '2': CMAKE_PREFIX_PATH=${CMAKE_PREFIX_PATH}:/home/lucaslapdoglinux/turtlebot3_ws/install/turtlebot3_teleop:/home/lucaslapdoglinux/turtlebot3_ws/install/turtlebot3_example:/home/lucaslapdoglinux/ros2_practice_ws/install/robot_math:/home/lucaslapdoglinux/ros2_practice_ws/ros2_learners/install/robot_math:/opt/ros/humble /usr/bin/cmake --build /home/lucaslapdoglinux/major_prok_ws/HardCodeHeroesMajorProject/build/turtlebot3_gazebo -- -j8 -l8
[5.067s] Level 1:colcon.colcon_core.environment:create_environment_scripts_only(turtlebot3_gazebo)
[5.068s] Level 1:colcon.colcon_core.environment:checking '/home/lucaslapdoglinux/major_prok_ws/HardCodeHeroesMajorProject/install/turtlebot3_gazebo' for CMake module files
[5.069s] Level 1:colcon.colcon_core.environment:checking '/home/lucaslapdoglinux/major_prok_ws/HardCodeHeroesMajorProject/install/turtlebot3_gazebo' for CMake config files
[5.070s] Level 1:colcon.colcon_core.shell:create_environment_hook('turtlebot3_gazebo', 'cmake_prefix_path')
[5.070s] INFO:colcon.colcon_core.shell:Creating environment hook '/home/lucaslapdoglinux/major_prok_ws/HardCodeHeroesMajorProject/install/turtlebot3_gazebo/share/turtlebot3_gazebo/hook/cmake_prefix_path.ps1'
[5.071s] INFO:colcon.colcon_core.shell:Creating environment descriptor '/home/lucaslapdoglinux/major_prok_ws/HardCodeHeroesMajorProject/install/turtlebot3_gazebo/share/turtlebot3_gazebo/hook/cmake_prefix_path.dsv'
[5.071s] INFO:colcon.colcon_core.shell:Creating environment hook '/home/lucaslapdoglinux/major_prok_ws/HardCodeHeroesMajorProject/install/turtlebot3_gazebo/share/turtlebot3_gazebo/hook/cmake_prefix_path.sh'
[5.071s] Level 1:colcon.colcon_core.environment:checking '/home/lucaslapdoglinux/major_prok_ws/HardCodeHeroesMajorProject/install/turtlebot3_gazebo/lib'
[5.072s] Level 1:colcon.colcon_core.environment:checking '/home/lucaslapdoglinux/major_prok_ws/HardCodeHeroesMajorProject/install/turtlebot3_gazebo/bin'
[5.072s] Level 1:colcon.colcon_core.environment:checking '/home/lucaslapdoglinux/major_prok_ws/HardCodeHeroesMajorProject/install/turtlebot3_gazebo/lib/pkgconfig/turtlebot3_gazebo.pc'
[5.072s] Level 1:colcon.colcon_core.environment:checking '/home/lucaslapdoglinux/major_prok_ws/HardCodeHeroesMajorProject/install/turtlebot3_gazebo/lib/python3.10/site-packages'
[5.072s] Level 1:colcon.colcon_core.environment:checking '/home/lucaslapdoglinux/major_prok_ws/HardCodeHeroesMajorProject/install/turtlebot3_gazebo/bin'
[5.072s] INFO:colcon.colcon_core.shell:Creating package script '/home/lucaslapdoglinux/major_prok_ws/HardCodeHeroesMajorProject/install/turtlebot3_gazebo/share/turtlebot3_gazebo/package.ps1'
[5.073s] INFO:colcon.colcon_core.shell:Creating package descriptor '/home/lucaslapdoglinux/major_prok_ws/HardCodeHeroesMajorProject/install/turtlebot3_gazebo/share/turtlebot3_gazebo/package.dsv'
[5.074s] INFO:colcon.colcon_core.shell:Creating package script '/home/lucaslapdoglinux/major_prok_ws/HardCodeHeroesMajorProject/install/turtlebot3_gazebo/share/turtlebot3_gazebo/package.sh'
[5.075s] INFO:colcon.colcon_core.shell:Creating package script '/home/lucaslapdoglinux/major_prok_ws/HardCodeHeroesMajorProject/install/turtlebot3_gazebo/share/turtlebot3_gazebo/package.bash'
[5.076s] INFO:colcon.colcon_core.shell:Creating package script '/home/lucaslapdoglinux/major_prok_ws/HardCodeHeroesMajorProject/install/turtlebot3_gazebo/share/turtlebot3_gazebo/package.zsh'
[5.077s] Level 1:colcon.colcon_core.environment:create_file_with_runtime_dependencies(/home/lucaslapdoglinux/major_prok_ws/HardCodeHeroesMajorProject/install/turtlebot3_gazebo/share/colcon-core/packages/turtlebot3_gazebo)
[5.089s] DEBUG:colcon.colcon_parallel_executor.executor.parallel:closing loop
[5.089s] DEBUG:colcon.colcon_parallel_executor.executor.parallel:loop closed
[5.089s] DEBUG:colcon.colcon_parallel_executor.executor.parallel:run_until_complete finished with '2'
[5.089s] DEBUG:colcon.colcon_core.event_reactor:joining thread
[5.110s] INFO:colcon.colcon_core.plugin_system:Skipping extension 'colcon_notification.desktop_notification.terminal_notifier': Not used on non-Darwin systems
[5.110s] INFO:colcon.colcon_core.plugin_system:Skipping extension 'colcon_notification.desktop_notification.win32': Not used on non-Windows systems
[5.111s] INFO:colcon.colcon_notification.desktop_notification:Sending desktop notification using 'notify2'
[5.149s] DEBUG:colcon.colcon_core.event_reactor:joined thread
[5.150s] INFO:colcon.colcon_core.shell:Creating prefix script '/home/lucaslapdoglinux/major_prok_ws/HardCodeHeroesMajorProject/install/local_setup.ps1'
[5.152s] INFO:colcon.colcon_core.shell:Creating prefix util module '/home/lucaslapdoglinux/major_prok_ws/HardCodeHeroesMajorProject/install/_local_setup_util_ps1.py'
[5.155s] INFO:colcon.colcon_core.shell:Creating prefix chain script '/home/lucaslapdoglinux/major_prok_ws/HardCodeHeroesMajorProject/install/setup.ps1'
[5.161s] INFO:colcon.colcon_core.shell:Creating prefix script '/home/lucaslapdoglinux/major_prok_ws/HardCodeHeroesMajorProject/install/local_setup.sh'
[5.162s] INFO:colcon.colcon_core.shell:Creating prefix util module '/home/lucaslapdoglinux/major_prok_ws/HardCodeHeroesMajorProject/install/_local_setup_util_sh.py'
[5.164s] INFO:colcon.colcon_core.shell:Creating prefix chain script '/home/lucaslapdoglinux/major_prok_ws/HardCodeHeroesMajorProject/install/setup.sh'
[5.168s] INFO:colcon.colcon_core.shell:Creating prefix script '/home/lucaslapdoglinux/major_prok_ws/HardCodeHeroesMajorProject/install/local_setup.bash'
[5.169s] INFO:colcon.colcon_core.shell:Creating prefix chain script '/home/lucaslapdoglinux/major_prok_ws/HardCodeHeroesMajorProject/install/setup.bash'
[5.172s] INFO:colcon.colcon_core.shell:Creating prefix script '/home/lucaslapdoglinux/major_prok_ws/HardCodeHeroesMajorProject/install/local_setup.zsh'
[5.173s] INFO:colcon.colcon_core.shell:Creating prefix chain script '/home/lucaslapdoglinux/major_prok_ws/HardCodeHeroesMajorProject/install/setup.zsh'
