[0.098s] DEBUG:colcon:Command line arguments: ['/usr/bin/colcon', 'build', '--packages-select', 'auto_rotate']
[0.098s] DEBUG:colcon:Parsed command line arguments: Namespace(log_base=None, log_level=None, verb_name='build', build_base='build', install_base='install', merge_install=False, symlink_install=False, test_result_base=None, continue_on_error=False, executor='parallel', parallel_workers=8, event_handlers=None, ignore_user_meta=False, metas=['./colcon.meta'], base_paths=['.'], packages_ignore=None, packages_ignore_regex=None, paths=None, packages_up_to=None, packages_up_to_regex=None, packages_above=None, packages_above_and_dependencies=None, packages_above_depth=None, packages_select_by_dep=None, packages_skip_by_dep=None, packages_skip_up_to=None, packages_select_build_failed=False, packages_skip_build_finished=False, packages_select_test_failures=False, packages_skip_test_passed=False, packages_select=['auto_rotate'], packages_skip=None, packages_select_regex=None, packages_skip_regex=None, packages_start=None, packages_end=None, allow_overriding=[], cmake_args=None, cmake_target=None, cmake_target_skip_unavailable=False, cmake_clean_cache=False, cmake_clean_first=False, cmake_force_configure=False, ament_cmake_args=None, catkin_cmake_args=None, catkin_skip_building_tests=False, verb_parser=<colcon_defaults.argument_parser.defaults.DefaultArgumentsDecorator object at 0x727639256350>, verb_extension=<colcon_core.verb.build.BuildVerb object at 0x72763933b580>, main=<bound method BuildVerb.main of <colcon_core.verb.build.BuildVerb object at 0x72763933b580>>)
[0.287s] Level 1:colcon.colcon_core.package_discovery:discover_packages(colcon_meta) check parameters
[0.287s] Level 1:colcon.colcon_core.package_discovery:discover_packages(recursive) check parameters
[0.287s] Level 1:colcon.colcon_core.package_discovery:discover_packages(ignore) check parameters
[0.287s] Level 1:colcon.colcon_core.package_discovery:discover_packages(path) check parameters
[0.287s] Level 1:colcon.colcon_core.package_discovery:discover_packages(colcon_meta) discover
[0.287s] Level 1:colcon.colcon_core.package_discovery:discover_packages(recursive) discover
[0.287s] INFO:colcon.colcon_core.package_discovery:Crawling recursively for packages in '/home/michael/Desktop/HardCodeHeroesMajorProject/auto_rotate'
[0.287s] Level 1:colcon.colcon_core.package_identification:_identify(.) by extensions ['ignore', 'ignore_ament_install']
[0.287s] Level 1:colcon.colcon_core.package_identification:_identify(.) by extension 'ignore'
[0.287s] Level 1:colcon.colcon_core.package_identification:_identify(.) by extension 'ignore_ament_install'
[0.287s] Level 1:colcon.colcon_core.package_identification:_identify(.) by extensions ['colcon_pkg']
[0.288s] Level 1:colcon.colcon_core.package_identification:_identify(.) by extension 'colcon_pkg'
[0.288s] Level 1:colcon.colcon_core.package_identification:_identify(.) by extensions ['colcon_meta']
[0.288s] Level 1:colcon.colcon_core.package_identification:_identify(.) by extension 'colcon_meta'
[0.288s] Level 1:colcon.colcon_core.package_identification:_identify(.) by extensions ['ros']
[0.288s] Level 1:colcon.colcon_core.package_identification:_identify(.) by extension 'ros'
[0.301s] DEBUG:colcon.colcon_core.package_identification:Package '.' with type 'ros.ament_cmake' and name 'auto_rotate'
[0.302s] Level 1:colcon.colcon_core.package_discovery:discover_packages(recursive) using defaults
[0.302s] Level 1:colcon.colcon_core.package_discovery:discover_packages(ignore) discover
[0.302s] Level 1:colcon.colcon_core.package_discovery:discover_packages(ignore) using defaults
[0.302s] Level 1:colcon.colcon_core.package_discovery:discover_packages(path) discover
[0.302s] Level 1:colcon.colcon_core.package_discovery:discover_packages(path) using defaults
[0.331s] Level 1:colcon.colcon_core.package_discovery:discover_packages(prefix_path) check parameters
[0.332s] Level 1:colcon.colcon_core.package_discovery:discover_packages(prefix_path) discover
[0.334s] DEBUG:colcon.colcon_installed_package_information.package_discovery:Found 1 installed packages in /home/michael/Desktop/HardCodeHeroesMajorProject/auto_rotate/install
[0.335s] DEBUG:colcon.colcon_installed_package_information.package_discovery:Found 15 installed packages in /home/michael/turtlebot3_ws/install
[0.335s] DEBUG:colcon.colcon_installed_package_information.package_discovery:Found 1 installed packages in /home/michael/Desktop/MTRX3670A1/install
[0.337s] DEBUG:colcon.colcon_installed_package_information.package_discovery:Found 450 installed packages in /opt/ros/humble
[0.339s] Level 1:colcon.colcon_core.package_discovery:discover_packages(prefix_path) using defaults
[0.390s] Level 5:colcon.colcon_core.verb:set package 'auto_rotate' build argument 'cmake_args' from command line to 'None'
[0.390s] Level 5:colcon.colcon_core.verb:set package 'auto_rotate' build argument 'cmake_target' from command line to 'None'
[0.391s] Level 5:colcon.colcon_core.verb:set package 'auto_rotate' build argument 'cmake_target_skip_unavailable' from command line to 'False'
[0.391s] Level 5:colcon.colcon_core.verb:set package 'auto_rotate' build argument 'cmake_clean_cache' from command line to 'False'
[0.391s] Level 5:colcon.colcon_core.verb:set package 'auto_rotate' build argument 'cmake_clean_first' from command line to 'False'
[0.391s] Level 5:colcon.colcon_core.verb:set package 'auto_rotate' build argument 'cmake_force_configure' from command line to 'False'
[0.391s] Level 5:colcon.colcon_core.verb:set package 'auto_rotate' build argument 'ament_cmake_args' from command line to 'None'
[0.391s] Level 5:colcon.colcon_core.verb:set package 'auto_rotate' build argument 'catkin_cmake_args' from command line to 'None'
[0.391s] Level 5:colcon.colcon_core.verb:set package 'auto_rotate' build argument 'catkin_skip_building_tests' from command line to 'False'
[0.391s] DEBUG:colcon.colcon_core.verb:Building package 'auto_rotate' with the following arguments: {'ament_cmake_args': None, 'build_base': '/home/michael/Desktop/HardCodeHeroesMajorProject/auto_rotate/build/auto_rotate', 'catkin_cmake_args': None, 'catkin_skip_building_tests': False, 'cmake_args': None, 'cmake_clean_cache': False, 'cmake_clean_first': False, 'cmake_force_configure': False, 'cmake_target': None, 'cmake_target_skip_unavailable': False, 'install_base': '/home/michael/Desktop/HardCodeHeroesMajorProject/auto_rotate/install/auto_rotate', 'merge_install': False, 'path': '/home/michael/Desktop/HardCodeHeroesMajorProject/auto_rotate', 'symlink_install': False, 'test_result_base': None}
[0.391s] INFO:colcon.colcon_core.executor:Executing jobs using 'parallel' executor
[0.392s] DEBUG:colcon.colcon_parallel_executor.executor.parallel:run_until_complete
[0.392s] INFO:colcon.colcon_ros.task.ament_cmake.build:Building ROS package in '/home/michael/Desktop/HardCodeHeroesMajorProject/auto_rotate' with build type 'ament_cmake'
[0.392s] INFO:colcon.colcon_cmake.task.cmake.build:Building CMake package in '/home/michael/Desktop/HardCodeHeroesMajorProject/auto_rotate'
[0.394s] INFO:colcon.colcon_core.plugin_system:Skipping extension 'colcon_core.shell.bat': Not used on non-Windows systems
[0.395s] INFO:colcon.colcon_core.shell:Skip shell extension 'powershell' for command environment: Not usable outside of PowerShell
[0.395s] DEBUG:colcon.colcon_core.shell:Skip shell extension 'dsv' for command environment
[0.406s] DEBUG:colcon.colcon_core.event_handler.log_command:Invoking command in '/home/michael/Desktop/HardCodeHeroesMajorProject/auto_rotate/build/auto_rotate': CMAKE_PREFIX_PATH=${CMAKE_PREFIX_PATH}:/home/michael/turtlebot3_ws/install/turtlebot3_teleop:/home/michael/turtlebot3_ws/install/turtlebot3_example:/opt/ros/humble /usr/bin/cmake --build /home/michael/Desktop/HardCodeHeroesMajorProject/auto_rotate/build/auto_rotate -- -j8 -l8
[10.276s] DEBUG:colcon.colcon_core.event_handler.log_command:Invoked command in '/home/michael/Desktop/HardCodeHeroesMajorProject/auto_rotate/build/auto_rotate' returned '0': CMAKE_PREFIX_PATH=${CMAKE_PREFIX_PATH}:/home/michael/turtlebot3_ws/install/turtlebot3_teleop:/home/michael/turtlebot3_ws/install/turtlebot3_example:/opt/ros/humble /usr/bin/cmake --build /home/michael/Desktop/HardCodeHeroesMajorProject/auto_rotate/build/auto_rotate -- -j8 -l8
[10.315s] DEBUG:colcon.colcon_core.event_handler.log_command:Invoking command in '/home/michael/Desktop/HardCodeHeroesMajorProject/auto_rotate/build/auto_rotate': CMAKE_PREFIX_PATH=${CMAKE_PREFIX_PATH}:/home/michael/turtlebot3_ws/install/turtlebot3_teleop:/home/michael/turtlebot3_ws/install/turtlebot3_example:/opt/ros/humble /usr/bin/cmake --install /home/michael/Desktop/HardCodeHeroesMajorProject/auto_rotate/build/auto_rotate
[10.331s] Level 1:colcon.colcon_core.environment:create_environment_scripts_only(auto_rotate)
[10.332s] DEBUG:colcon.colcon_core.event_handler.log_command:Invoked command in '/home/michael/Desktop/HardCodeHeroesMajorProject/auto_rotate/build/auto_rotate' returned '0': CMAKE_PREFIX_PATH=${CMAKE_PREFIX_PATH}:/home/michael/turtlebot3_ws/install/turtlebot3_teleop:/home/michael/turtlebot3_ws/install/turtlebot3_example:/opt/ros/humble /usr/bin/cmake --install /home/michael/Desktop/HardCodeHeroesMajorProject/auto_rotate/build/auto_rotate
[10.334s] Level 1:colcon.colcon_core.environment:checking '/home/michael/Desktop/HardCodeHeroesMajorProject/auto_rotate/install/auto_rotate' for CMake module files
[10.334s] Level 1:colcon.colcon_core.environment:checking '/home/michael/Desktop/HardCodeHeroesMajorProject/auto_rotate/install/auto_rotate' for CMake config files
[10.335s] Level 1:colcon.colcon_core.shell:create_environment_hook('auto_rotate', 'cmake_prefix_path')
[10.335s] INFO:colcon.colcon_core.shell:Creating environment hook '/home/michael/Desktop/HardCodeHeroesMajorProject/auto_rotate/install/auto_rotate/share/auto_rotate/hook/cmake_prefix_path.ps1'
[10.336s] INFO:colcon.colcon_core.shell:Creating environment descriptor '/home/michael/Desktop/HardCodeHeroesMajorProject/auto_rotate/install/auto_rotate/share/auto_rotate/hook/cmake_prefix_path.dsv'
[10.336s] INFO:colcon.colcon_core.shell:Creating environment hook '/home/michael/Desktop/HardCodeHeroesMajorProject/auto_rotate/install/auto_rotate/share/auto_rotate/hook/cmake_prefix_path.sh'
[10.337s] Level 1:colcon.colcon_core.environment:checking '/home/michael/Desktop/HardCodeHeroesMajorProject/auto_rotate/install/auto_rotate/lib'
[10.337s] Level 1:colcon.colcon_core.environment:checking '/home/michael/Desktop/HardCodeHeroesMajorProject/auto_rotate/install/auto_rotate/bin'
[10.337s] Level 1:colcon.colcon_core.environment:checking '/home/michael/Desktop/HardCodeHeroesMajorProject/auto_rotate/install/auto_rotate/lib/pkgconfig/auto_rotate.pc'
[10.337s] Level 1:colcon.colcon_core.environment:checking '/home/michael/Desktop/HardCodeHeroesMajorProject/auto_rotate/install/auto_rotate/lib/python3.10/site-packages'
[10.338s] Level 1:colcon.colcon_core.environment:checking '/home/michael/Desktop/HardCodeHeroesMajorProject/auto_rotate/install/auto_rotate/bin'
[10.338s] INFO:colcon.colcon_core.shell:Creating package script '/home/michael/Desktop/HardCodeHeroesMajorProject/auto_rotate/install/auto_rotate/share/auto_rotate/package.ps1'
[10.339s] INFO:colcon.colcon_core.shell:Creating package descriptor '/home/michael/Desktop/HardCodeHeroesMajorProject/auto_rotate/install/auto_rotate/share/auto_rotate/package.dsv'
[10.339s] INFO:colcon.colcon_core.shell:Creating package script '/home/michael/Desktop/HardCodeHeroesMajorProject/auto_rotate/install/auto_rotate/share/auto_rotate/package.sh'
[10.340s] INFO:colcon.colcon_core.shell:Creating package script '/home/michael/Desktop/HardCodeHeroesMajorProject/auto_rotate/install/auto_rotate/share/auto_rotate/package.bash'
[10.341s] INFO:colcon.colcon_core.shell:Creating package script '/home/michael/Desktop/HardCodeHeroesMajorProject/auto_rotate/install/auto_rotate/share/auto_rotate/package.zsh'
[10.341s] Level 1:colcon.colcon_core.environment:create_file_with_runtime_dependencies(/home/michael/Desktop/HardCodeHeroesMajorProject/auto_rotate/install/auto_rotate/share/colcon-core/packages/auto_rotate)
[10.372s] Level 1:colcon.colcon_core.environment:create_environment_scripts_only(auto_rotate)
[10.372s] Level 1:colcon.colcon_core.environment:checking '/home/michael/Desktop/HardCodeHeroesMajorProject/auto_rotate/install/auto_rotate' for CMake module files
[10.373s] Level 1:colcon.colcon_core.environment:checking '/home/michael/Desktop/HardCodeHeroesMajorProject/auto_rotate/install/auto_rotate' for CMake config files
[10.373s] Level 1:colcon.colcon_core.shell:create_environment_hook('auto_rotate', 'cmake_prefix_path')
[10.373s] INFO:colcon.colcon_core.shell:Creating environment hook '/home/michael/Desktop/HardCodeHeroesMajorProject/auto_rotate/install/auto_rotate/share/auto_rotate/hook/cmake_prefix_path.ps1'
[10.373s] INFO:colcon.colcon_core.shell:Creating environment descriptor '/home/michael/Desktop/HardCodeHeroesMajorProject/auto_rotate/install/auto_rotate/share/auto_rotate/hook/cmake_prefix_path.dsv'
[10.374s] INFO:colcon.colcon_core.shell:Creating environment hook '/home/michael/Desktop/HardCodeHeroesMajorProject/auto_rotate/install/auto_rotate/share/auto_rotate/hook/cmake_prefix_path.sh'
[10.374s] Level 1:colcon.colcon_core.environment:checking '/home/michael/Desktop/HardCodeHeroesMajorProject/auto_rotate/install/auto_rotate/lib'
[10.374s] Level 1:colcon.colcon_core.environment:checking '/home/michael/Desktop/HardCodeHeroesMajorProject/auto_rotate/install/auto_rotate/bin'
[10.375s] Level 1:colcon.colcon_core.environment:checking '/home/michael/Desktop/HardCodeHeroesMajorProject/auto_rotate/install/auto_rotate/lib/pkgconfig/auto_rotate.pc'
[10.375s] Level 1:colcon.colcon_core.environment:checking '/home/michael/Desktop/HardCodeHeroesMajorProject/auto_rotate/install/auto_rotate/lib/python3.10/site-packages'
[10.375s] Level 1:colcon.colcon_core.environment:checking '/home/michael/Desktop/HardCodeHeroesMajorProject/auto_rotate/install/auto_rotate/bin'
[10.375s] INFO:colcon.colcon_core.shell:Creating package script '/home/michael/Desktop/HardCodeHeroesMajorProject/auto_rotate/install/auto_rotate/share/auto_rotate/package.ps1'
[10.376s] INFO:colcon.colcon_core.shell:Creating package descriptor '/home/michael/Desktop/HardCodeHeroesMajorProject/auto_rotate/install/auto_rotate/share/auto_rotate/package.dsv'
[10.376s] INFO:colcon.colcon_core.shell:Creating package script '/home/michael/Desktop/HardCodeHeroesMajorProject/auto_rotate/install/auto_rotate/share/auto_rotate/package.sh'
[10.377s] INFO:colcon.colcon_core.shell:Creating package script '/home/michael/Desktop/HardCodeHeroesMajorProject/auto_rotate/install/auto_rotate/share/auto_rotate/package.bash'
[10.377s] INFO:colcon.colcon_core.shell:Creating package script '/home/michael/Desktop/HardCodeHeroesMajorProject/auto_rotate/install/auto_rotate/share/auto_rotate/package.zsh'
[10.377s] Level 1:colcon.colcon_core.environment:create_file_with_runtime_dependencies(/home/michael/Desktop/HardCodeHeroesMajorProject/auto_rotate/install/auto_rotate/share/colcon-core/packages/auto_rotate)
[10.378s] DEBUG:colcon.colcon_parallel_executor.executor.parallel:closing loop
[10.378s] DEBUG:colcon.colcon_parallel_executor.executor.parallel:loop closed
[10.378s] DEBUG:colcon.colcon_parallel_executor.executor.parallel:run_until_complete finished with '0'
[10.378s] DEBUG:colcon.colcon_core.event_reactor:joining thread
[10.384s] INFO:colcon.colcon_core.plugin_system:Skipping extension 'colcon_notification.desktop_notification.terminal_notifier': Not used on non-Darwin systems
[10.384s] INFO:colcon.colcon_core.plugin_system:Skipping extension 'colcon_notification.desktop_notification.win32': Not used on non-Windows systems
[10.384s] INFO:colcon.colcon_notification.desktop_notification:Sending desktop notification using 'notify2'
[10.397s] DEBUG:colcon.colcon_core.event_reactor:joined thread
[10.398s] INFO:colcon.colcon_core.shell:Creating prefix script '/home/michael/Desktop/HardCodeHeroesMajorProject/auto_rotate/install/local_setup.ps1'
[10.399s] INFO:colcon.colcon_core.shell:Creating prefix util module '/home/michael/Desktop/HardCodeHeroesMajorProject/auto_rotate/install/_local_setup_util_ps1.py'
[10.401s] INFO:colcon.colcon_core.shell:Creating prefix chain script '/home/michael/Desktop/HardCodeHeroesMajorProject/auto_rotate/install/setup.ps1'
[10.403s] INFO:colcon.colcon_core.shell:Creating prefix script '/home/michael/Desktop/HardCodeHeroesMajorProject/auto_rotate/install/local_setup.sh'
[10.404s] INFO:colcon.colcon_core.shell:Creating prefix util module '/home/michael/Desktop/HardCodeHeroesMajorProject/auto_rotate/install/_local_setup_util_sh.py'
[10.404s] INFO:colcon.colcon_core.shell:Creating prefix chain script '/home/michael/Desktop/HardCodeHeroesMajorProject/auto_rotate/install/setup.sh'
[10.406s] INFO:colcon.colcon_core.shell:Creating prefix script '/home/michael/Desktop/HardCodeHeroesMajorProject/auto_rotate/install/local_setup.bash'
[10.407s] INFO:colcon.colcon_core.shell:Creating prefix chain script '/home/michael/Desktop/HardCodeHeroesMajorProject/auto_rotate/install/setup.bash'
[10.409s] INFO:colcon.colcon_core.shell:Creating prefix script '/home/michael/Desktop/HardCodeHeroesMajorProject/auto_rotate/install/local_setup.zsh'
[10.410s] INFO:colcon.colcon_core.shell:Creating prefix chain script '/home/michael/Desktop/HardCodeHeroesMajorProject/auto_rotate/install/setup.zsh'
