[0.071s] DEBUG:colcon:Command line arguments: ['/usr/bin/colcon', 'build', '--packages-select', 'shape_detector']
[0.071s] DEBUG:colcon:Parsed command line arguments: Namespace(log_base=None, log_level=None, verb_name='build', build_base='build', install_base='install', merge_install=False, symlink_install=False, test_result_base=None, continue_on_error=False, executor='parallel', parallel_workers=20, event_handlers=None, ignore_user_meta=False, metas=['./colcon.meta'], base_paths=['.'], packages_ignore=None, packages_ignore_regex=None, paths=None, packages_up_to=None, packages_up_to_regex=None, packages_above=None, packages_above_and_dependencies=None, packages_above_depth=None, packages_select_by_dep=None, packages_skip_by_dep=None, packages_skip_up_to=None, packages_select_build_failed=False, packages_skip_build_finished=False, packages_select_test_failures=False, packages_skip_test_passed=False, packages_select=['shape_detector'], packages_skip=None, packages_select_regex=None, packages_skip_regex=None, packages_start=None, packages_end=None, allow_overriding=[], cmake_args=None, cmake_target=None, cmake_target_skip_unavailable=False, cmake_clean_cache=False, cmake_clean_first=False, cmake_force_configure=False, ament_cmake_args=None, catkin_cmake_args=None, catkin_skip_building_tests=False, mixin_files=None, mixin=None, verb_parser=<colcon_mixin.mixin.mixin_argument.MixinArgumentDecorator object at 0x7b9d47501240>, verb_extension=<colcon_core.verb.build.BuildVerb object at 0x7b9d47500c70>, main=<bound method BuildVerb.main of <colcon_core.verb.build.BuildVerb object at 0x7b9d47500c70>>, mixin_verb=('build',))
[0.208s] Level 1:colcon.colcon_core.package_discovery:discover_packages(colcon_meta) check parameters
[0.208s] Level 1:colcon.colcon_core.package_discovery:discover_packages(recursive) check parameters
[0.208s] Level 1:colcon.colcon_core.package_discovery:discover_packages(ignore) check parameters
[0.208s] Level 1:colcon.colcon_core.package_discovery:discover_packages(path) check parameters
[0.208s] Level 1:colcon.colcon_core.package_discovery:discover_packages(colcon_meta) discover
[0.208s] Level 1:colcon.colcon_core.package_discovery:discover_packages(recursive) discover
[0.208s] INFO:colcon.colcon_core.package_discovery:Crawling recursively for packages in '/home/peter/turtlebot3_ws/src/shape_detector'
[0.208s] Level 1:colcon.colcon_core.package_identification:_identify(.) by extensions ['ignore', 'ignore_ament_install']
[0.208s] Level 1:colcon.colcon_core.package_identification:_identify(.) by extension 'ignore'
[0.208s] Level 1:colcon.colcon_core.package_identification:_identify(.) by extension 'ignore_ament_install'
[0.208s] Level 1:colcon.colcon_core.package_identification:_identify(.) by extensions ['colcon_pkg']
[0.208s] Level 1:colcon.colcon_core.package_identification:_identify(.) by extension 'colcon_pkg'
[0.208s] Level 1:colcon.colcon_core.package_identification:_identify(.) by extensions ['colcon_meta']
[0.208s] Level 1:colcon.colcon_core.package_identification:_identify(.) by extension 'colcon_meta'
[0.208s] Level 1:colcon.colcon_core.package_identification:_identify(.) by extensions ['ros']
[0.208s] Level 1:colcon.colcon_core.package_identification:_identify(.) by extension 'ros'
[0.221s] DEBUG:colcon.colcon_core.package_identification:Package '.' with type 'ros.catkin' and name 'shape_detector'
[0.221s] Level 1:colcon.colcon_core.package_discovery:discover_packages(recursive) using defaults
[0.221s] Level 1:colcon.colcon_core.package_discovery:discover_packages(ignore) discover
[0.221s] Level 1:colcon.colcon_core.package_discovery:discover_packages(ignore) using defaults
[0.221s] Level 1:colcon.colcon_core.package_discovery:discover_packages(path) discover
[0.221s] Level 1:colcon.colcon_core.package_discovery:discover_packages(path) using defaults
[0.233s] Level 1:colcon.colcon_core.package_discovery:discover_packages(prefix_path) check parameters
[0.233s] Level 1:colcon.colcon_core.package_discovery:discover_packages(prefix_path) discover
[0.233s] DEBUG:colcon.colcon_installed_package_information.package_discovery:Found 1 installed packages in /home/peter/turtlebot3_ws/src/shape_detector/install
[0.234s] DEBUG:colcon.colcon_installed_package_information.package_discovery:Found 456 installed packages in /opt/ros/humble
[0.236s] Level 1:colcon.colcon_core.package_discovery:discover_packages(prefix_path) using defaults
[0.270s] Level 5:colcon.colcon_core.verb:set package 'shape_detector' build argument 'cmake_args' from command line to 'None'
[0.270s] Level 5:colcon.colcon_core.verb:set package 'shape_detector' build argument 'cmake_target' from command line to 'None'
[0.270s] Level 5:colcon.colcon_core.verb:set package 'shape_detector' build argument 'cmake_target_skip_unavailable' from command line to 'False'
[0.270s] Level 5:colcon.colcon_core.verb:set package 'shape_detector' build argument 'cmake_clean_cache' from command line to 'False'
[0.270s] Level 5:colcon.colcon_core.verb:set package 'shape_detector' build argument 'cmake_clean_first' from command line to 'False'
[0.270s] Level 5:colcon.colcon_core.verb:set package 'shape_detector' build argument 'cmake_force_configure' from command line to 'False'
[0.270s] Level 5:colcon.colcon_core.verb:set package 'shape_detector' build argument 'ament_cmake_args' from command line to 'None'
[0.270s] Level 5:colcon.colcon_core.verb:set package 'shape_detector' build argument 'catkin_cmake_args' from command line to 'None'
[0.270s] Level 5:colcon.colcon_core.verb:set package 'shape_detector' build argument 'catkin_skip_building_tests' from command line to 'False'
[0.270s] DEBUG:colcon.colcon_core.verb:Building package 'shape_detector' with the following arguments: {'ament_cmake_args': None, 'build_base': '/home/peter/turtlebot3_ws/src/shape_detector/build/shape_detector', 'catkin_cmake_args': None, 'catkin_skip_building_tests': False, 'cmake_args': None, 'cmake_clean_cache': False, 'cmake_clean_first': False, 'cmake_force_configure': False, 'cmake_target': None, 'cmake_target_skip_unavailable': False, 'install_base': '/home/peter/turtlebot3_ws/src/shape_detector/install/shape_detector', 'merge_install': False, 'path': '/home/peter/turtlebot3_ws/src/shape_detector', 'symlink_install': False, 'test_result_base': None}
[0.270s] INFO:colcon.colcon_core.executor:Executing jobs using 'parallel' executor
[0.271s] DEBUG:colcon.colcon_parallel_executor.executor.parallel:run_until_complete
[0.271s] INFO:colcon.colcon_ros.task.catkin.build:Building ROS package in '/home/peter/turtlebot3_ws/src/shape_detector' with build type 'catkin'
[0.271s] INFO:colcon.colcon_cmake.task.cmake.build:Building CMake package in '/home/peter/turtlebot3_ws/src/shape_detector'
[0.272s] INFO:colcon.colcon_core.plugin_system:Skipping extension 'colcon_core.shell.bat': Not used on non-Windows systems
[0.272s] INFO:colcon.colcon_core.shell:Skip shell extension 'powershell' for command environment: Not usable outside of PowerShell
[0.272s] DEBUG:colcon.colcon_core.shell:Skip shell extension 'dsv' for command environment
[0.279s] DEBUG:colcon.colcon_core.event_handler.log_command:Invoking command in '/home/peter/turtlebot3_ws/src/shape_detector/build/shape_detector': /usr/bin/cmake --build /home/peter/turtlebot3_ws/src/shape_detector/build/shape_detector -- -j20 -l20
[2.955s] DEBUG:colcon.colcon_core.event_handler.log_command:Invoked command in '/home/peter/turtlebot3_ws/src/shape_detector/build/shape_detector' returned '0': /usr/bin/cmake --build /home/peter/turtlebot3_ws/src/shape_detector/build/shape_detector -- -j20 -l20
[3.009s] DEBUG:colcon.colcon_core.event_handler.log_command:Invoking command in '/home/peter/turtlebot3_ws/src/shape_detector/build/shape_detector': /usr/bin/cmake --install /home/peter/turtlebot3_ws/src/shape_detector/build/shape_detector
[3.017s] DEBUG:colcon.colcon_core.event_handler.log_command:Invoked command in '/home/peter/turtlebot3_ws/src/shape_detector/build/shape_detector' returned '0': /usr/bin/cmake --install /home/peter/turtlebot3_ws/src/shape_detector/build/shape_detector
[3.051s] Level 1:colcon.colcon_core.shell:create_environment_hook('shape_detector', 'ros_package_path')
[3.051s] INFO:colcon.colcon_core.shell:Creating environment hook '/home/peter/turtlebot3_ws/src/shape_detector/install/shape_detector/share/shape_detector/hook/ros_package_path.ps1'
[3.052s] INFO:colcon.colcon_core.shell:Creating environment descriptor '/home/peter/turtlebot3_ws/src/shape_detector/install/shape_detector/share/shape_detector/hook/ros_package_path.dsv'
[3.052s] INFO:colcon.colcon_core.shell:Creating environment hook '/home/peter/turtlebot3_ws/src/shape_detector/install/shape_detector/share/shape_detector/hook/ros_package_path.sh'
[3.052s] Level 1:colcon.colcon_core.shell:create_environment_hook('shape_detector', 'pkg_config_path')
[3.052s] INFO:colcon.colcon_core.shell:Creating environment hook '/home/peter/turtlebot3_ws/src/shape_detector/install/shape_detector/share/shape_detector/hook/pkg_config_path.ps1'
[3.053s] INFO:colcon.colcon_core.shell:Creating environment descriptor '/home/peter/turtlebot3_ws/src/shape_detector/install/shape_detector/share/shape_detector/hook/pkg_config_path.dsv'
[3.053s] INFO:colcon.colcon_core.shell:Creating environment hook '/home/peter/turtlebot3_ws/src/shape_detector/install/shape_detector/share/shape_detector/hook/pkg_config_path.sh'
[3.054s] Level 1:colcon.colcon_core.shell:create_environment_hook('shape_detector', 'pkg_config_path_multiarch')
[3.054s] INFO:colcon.colcon_core.shell:Creating environment hook '/home/peter/turtlebot3_ws/src/shape_detector/install/shape_detector/share/shape_detector/hook/pkg_config_path_multiarch.ps1'
[3.055s] INFO:colcon.colcon_core.shell:Creating environment descriptor '/home/peter/turtlebot3_ws/src/shape_detector/install/shape_detector/share/shape_detector/hook/pkg_config_path_multiarch.dsv'
[3.055s] INFO:colcon.colcon_core.shell:Creating environment hook '/home/peter/turtlebot3_ws/src/shape_detector/install/shape_detector/share/shape_detector/hook/pkg_config_path_multiarch.sh'
[3.056s] Level 1:colcon.colcon_core.environment:create_environment_scripts_only(shape_detector)
[3.058s] Level 1:colcon.colcon_core.environment:checking '/home/peter/turtlebot3_ws/src/shape_detector/install/shape_detector' for CMake module files
[3.058s] Level 1:colcon.colcon_core.environment:checking '/home/peter/turtlebot3_ws/src/shape_detector/install/shape_detector' for CMake config files
[3.058s] Level 1:colcon.colcon_core.shell:create_environment_hook('shape_detector', 'cmake_prefix_path')
[3.059s] INFO:colcon.colcon_core.shell:Creating environment hook '/home/peter/turtlebot3_ws/src/shape_detector/install/shape_detector/share/shape_detector/hook/cmake_prefix_path.ps1'
[3.059s] INFO:colcon.colcon_core.shell:Creating environment descriptor '/home/peter/turtlebot3_ws/src/shape_detector/install/shape_detector/share/shape_detector/hook/cmake_prefix_path.dsv'
[3.059s] INFO:colcon.colcon_core.shell:Creating environment hook '/home/peter/turtlebot3_ws/src/shape_detector/install/shape_detector/share/shape_detector/hook/cmake_prefix_path.sh'
[3.059s] Level 1:colcon.colcon_core.environment:checking '/home/peter/turtlebot3_ws/src/shape_detector/install/shape_detector/lib'
[3.059s] Level 1:colcon.colcon_core.environment:checking '/home/peter/turtlebot3_ws/src/shape_detector/install/shape_detector/bin'
[3.059s] Level 1:colcon.colcon_core.environment:checking '/home/peter/turtlebot3_ws/src/shape_detector/install/shape_detector/lib/pkgconfig/shape_detector.pc'
[3.060s] Level 1:colcon.colcon_core.environment:checking '/home/peter/turtlebot3_ws/src/shape_detector/install/shape_detector/lib/python3.10/site-packages'
[3.060s] Level 1:colcon.colcon_core.environment:checking '/home/peter/turtlebot3_ws/src/shape_detector/install/shape_detector/bin'
[3.060s] INFO:colcon.colcon_core.shell:Creating package script '/home/peter/turtlebot3_ws/src/shape_detector/install/shape_detector/share/shape_detector/package.ps1'
[3.061s] INFO:colcon.colcon_core.shell:Creating package descriptor '/home/peter/turtlebot3_ws/src/shape_detector/install/shape_detector/share/shape_detector/package.dsv'
[3.061s] INFO:colcon.colcon_core.shell:Creating package script '/home/peter/turtlebot3_ws/src/shape_detector/install/shape_detector/share/shape_detector/package.sh'
[3.062s] INFO:colcon.colcon_core.shell:Creating package script '/home/peter/turtlebot3_ws/src/shape_detector/install/shape_detector/share/shape_detector/package.bash'
[3.062s] INFO:colcon.colcon_core.shell:Creating package script '/home/peter/turtlebot3_ws/src/shape_detector/install/shape_detector/share/shape_detector/package.zsh'
[3.063s] Level 1:colcon.colcon_core.environment:create_file_with_runtime_dependencies(/home/peter/turtlebot3_ws/src/shape_detector/install/shape_detector/share/colcon-core/packages/shape_detector)
[3.063s] DEBUG:colcon.colcon_parallel_executor.executor.parallel:closing loop
[3.063s] DEBUG:colcon.colcon_parallel_executor.executor.parallel:loop closed
[3.063s] DEBUG:colcon.colcon_parallel_executor.executor.parallel:run_until_complete finished with '0'
[3.063s] DEBUG:colcon.colcon_core.event_reactor:joining thread
[3.068s] INFO:colcon.colcon_core.plugin_system:Skipping extension 'colcon_notification.desktop_notification.terminal_notifier': Not used on non-Darwin systems
[3.068s] INFO:colcon.colcon_core.plugin_system:Skipping extension 'colcon_notification.desktop_notification.win32': Not used on non-Windows systems
[3.068s] INFO:colcon.colcon_notification.desktop_notification:Sending desktop notification using 'notify2'
[3.082s] DEBUG:colcon.colcon_core.event_reactor:joined thread
[3.083s] INFO:colcon.colcon_core.shell:Creating prefix script '/home/peter/turtlebot3_ws/src/shape_detector/install/local_setup.ps1'
[3.084s] INFO:colcon.colcon_core.shell:Creating prefix util module '/home/peter/turtlebot3_ws/src/shape_detector/install/_local_setup_util_ps1.py'
[3.087s] INFO:colcon.colcon_core.shell:Creating prefix chain script '/home/peter/turtlebot3_ws/src/shape_detector/install/setup.ps1'
[3.088s] INFO:colcon.colcon_core.shell:Creating prefix script '/home/peter/turtlebot3_ws/src/shape_detector/install/local_setup.sh'
[3.088s] INFO:colcon.colcon_core.shell:Creating prefix util module '/home/peter/turtlebot3_ws/src/shape_detector/install/_local_setup_util_sh.py'
[3.089s] INFO:colcon.colcon_core.shell:Creating prefix chain script '/home/peter/turtlebot3_ws/src/shape_detector/install/setup.sh'
[3.090s] INFO:colcon.colcon_core.shell:Creating prefix script '/home/peter/turtlebot3_ws/src/shape_detector/install/local_setup.bash'
[3.091s] INFO:colcon.colcon_core.shell:Creating prefix chain script '/home/peter/turtlebot3_ws/src/shape_detector/install/setup.bash'
[3.091s] INFO:colcon.colcon_core.shell:Creating prefix script '/home/peter/turtlebot3_ws/src/shape_detector/install/local_setup.zsh'
[3.092s] INFO:colcon.colcon_core.shell:Creating prefix chain script '/home/peter/turtlebot3_ws/src/shape_detector/install/setup.zsh'
