[0.139s] DEBUG:colcon:Command line arguments: ['/usr/bin/colcon', 'build', '--packages-select', 'auto_rotate']
[0.139s] DEBUG:colcon:Parsed command line arguments: Namespace(log_base=None, log_level=None, verb_name='build', build_base='build', install_base='install', merge_install=False, symlink_install=False, test_result_base=None, continue_on_error=False, executor='parallel', parallel_workers=8, event_handlers=None, ignore_user_meta=False, metas=['./colcon.meta'], base_paths=['.'], packages_ignore=None, packages_ignore_regex=None, paths=None, packages_up_to=None, packages_up_to_regex=None, packages_above=None, packages_above_and_dependencies=None, packages_above_depth=None, packages_select_by_dep=None, packages_skip_by_dep=None, packages_skip_up_to=None, packages_select_build_failed=False, packages_skip_build_finished=False, packages_select_test_failures=False, packages_skip_test_passed=False, packages_select=['auto_rotate'], packages_skip=None, packages_select_regex=None, packages_skip_regex=None, packages_start=None, packages_end=None, allow_overriding=[], cmake_args=None, cmake_target=None, cmake_target_skip_unavailable=False, cmake_clean_cache=False, cmake_clean_first=False, cmake_force_configure=False, ament_cmake_args=None, catkin_cmake_args=None, catkin_skip_building_tests=False, verb_parser=<colcon_defaults.argument_parser.defaults.DefaultArgumentsDecorator object at 0x776093656350>, verb_extension=<colcon_core.verb.build.BuildVerb object at 0x77609373b580>, main=<bound method BuildVerb.main of <colcon_core.verb.build.BuildVerb object at 0x77609373b580>>)
[0.521s] Level 1:colcon.colcon_core.package_discovery:discover_packages(colcon_meta) check parameters
[0.521s] Level 1:colcon.colcon_core.package_discovery:discover_packages(recursive) check parameters
[0.521s] Level 1:colcon.colcon_core.package_discovery:discover_packages(ignore) check parameters
[0.521s] Level 1:colcon.colcon_core.package_discovery:discover_packages(path) check parameters
[0.521s] Level 1:colcon.colcon_core.package_discovery:discover_packages(colcon_meta) discover
[0.521s] Level 1:colcon.colcon_core.package_discovery:discover_packages(recursive) discover
[0.521s] INFO:colcon.colcon_core.package_discovery:Crawling recursively for packages in '/home/michael/Desktop/HardCodeHeroesMajorProject/auto_rotate'
[0.521s] Level 1:colcon.colcon_core.package_identification:_identify(.) by extensions ['ignore', 'ignore_ament_install']
[0.521s] Level 1:colcon.colcon_core.package_identification:_identify(.) by extension 'ignore'
[0.522s] Level 1:colcon.colcon_core.package_identification:_identify(.) by extension 'ignore_ament_install'
[0.522s] Level 1:colcon.colcon_core.package_identification:_identify(.) by extensions ['colcon_pkg']
[0.522s] Level 1:colcon.colcon_core.package_identification:_identify(.) by extension 'colcon_pkg'
[0.522s] Level 1:colcon.colcon_core.package_identification:_identify(.) by extensions ['colcon_meta']
[0.522s] Level 1:colcon.colcon_core.package_identification:_identify(.) by extension 'colcon_meta'
[0.522s] Level 1:colcon.colcon_core.package_identification:_identify(.) by extensions ['ros']
[0.522s] Level 1:colcon.colcon_core.package_identification:_identify(.) by extension 'ros'
[0.535s] DEBUG:colcon.colcon_core.package_identification:Package '.' with type 'ros.ament_cmake' and name 'auto_rotate'
[0.535s] Level 1:colcon.colcon_core.package_discovery:discover_packages(recursive) using defaults
[0.535s] Level 1:colcon.colcon_core.package_discovery:discover_packages(ignore) discover
[0.536s] Level 1:colcon.colcon_core.package_discovery:discover_packages(ignore) using defaults
[0.536s] Level 1:colcon.colcon_core.package_discovery:discover_packages(path) discover
[0.536s] Level 1:colcon.colcon_core.package_discovery:discover_packages(path) using defaults
[0.598s] Level 1:colcon.colcon_core.package_discovery:discover_packages(prefix_path) check parameters
[0.599s] Level 1:colcon.colcon_core.package_discovery:discover_packages(prefix_path) discover
[0.603s] DEBUG:colcon.colcon_installed_package_information.package_discovery:Found 15 installed packages in /home/michael/turtlebot3_ws/install
[0.603s] DEBUG:colcon.colcon_installed_package_information.package_discovery:Found 1 installed packages in /home/michael/Desktop/MTRX3670A1/install
[0.605s] DEBUG:colcon.colcon_installed_package_information.package_discovery:Found 450 installed packages in /opt/ros/humble
[0.607s] Level 1:colcon.colcon_core.package_discovery:discover_packages(prefix_path) using defaults
[0.683s] Level 5:colcon.colcon_core.verb:set package 'auto_rotate' build argument 'cmake_args' from command line to 'None'
[0.683s] Level 5:colcon.colcon_core.verb:set package 'auto_rotate' build argument 'cmake_target' from command line to 'None'
[0.683s] Level 5:colcon.colcon_core.verb:set package 'auto_rotate' build argument 'cmake_target_skip_unavailable' from command line to 'False'
[0.683s] Level 5:colcon.colcon_core.verb:set package 'auto_rotate' build argument 'cmake_clean_cache' from command line to 'False'
[0.683s] Level 5:colcon.colcon_core.verb:set package 'auto_rotate' build argument 'cmake_clean_first' from command line to 'False'
[0.683s] Level 5:colcon.colcon_core.verb:set package 'auto_rotate' build argument 'cmake_force_configure' from command line to 'False'
[0.683s] Level 5:colcon.colcon_core.verb:set package 'auto_rotate' build argument 'ament_cmake_args' from command line to 'None'
[0.683s] Level 5:colcon.colcon_core.verb:set package 'auto_rotate' build argument 'catkin_cmake_args' from command line to 'None'
[0.683s] Level 5:colcon.colcon_core.verb:set package 'auto_rotate' build argument 'catkin_skip_building_tests' from command line to 'False'
[0.683s] DEBUG:colcon.colcon_core.verb:Building package 'auto_rotate' with the following arguments: {'ament_cmake_args': None, 'build_base': '/home/michael/Desktop/HardCodeHeroesMajorProject/auto_rotate/build/auto_rotate', 'catkin_cmake_args': None, 'catkin_skip_building_tests': False, 'cmake_args': None, 'cmake_clean_cache': False, 'cmake_clean_first': False, 'cmake_force_configure': False, 'cmake_target': None, 'cmake_target_skip_unavailable': False, 'install_base': '/home/michael/Desktop/HardCodeHeroesMajorProject/auto_rotate/install/auto_rotate', 'merge_install': False, 'path': '/home/michael/Desktop/HardCodeHeroesMajorProject/auto_rotate', 'symlink_install': False, 'test_result_base': None}
[0.683s] INFO:colcon.colcon_core.executor:Executing jobs using 'parallel' executor
[0.684s] DEBUG:colcon.colcon_parallel_executor.executor.parallel:run_until_complete
[0.684s] INFO:colcon.colcon_ros.task.ament_cmake.build:Building ROS package in '/home/michael/Desktop/HardCodeHeroesMajorProject/auto_rotate' with build type 'ament_cmake'
[0.684s] INFO:colcon.colcon_cmake.task.cmake.build:Building CMake package in '/home/michael/Desktop/HardCodeHeroesMajorProject/auto_rotate'
[0.688s] INFO:colcon.colcon_core.plugin_system:Skipping extension 'colcon_core.shell.bat': Not used on non-Windows systems
[0.688s] INFO:colcon.colcon_core.shell:Skip shell extension 'powershell' for command environment: Not usable outside of PowerShell
[0.688s] DEBUG:colcon.colcon_core.shell:Skip shell extension 'dsv' for command environment
[0.697s] DEBUG:colcon.colcon_core.event_handler.log_command:Invoking command in '/home/michael/Desktop/HardCodeHeroesMajorProject/auto_rotate/build/auto_rotate': CMAKE_PREFIX_PATH=${CMAKE_PREFIX_PATH}:/home/michael/turtlebot3_ws/install/turtlebot3_teleop:/home/michael/turtlebot3_ws/install/turtlebot3_example:/opt/ros/humble /usr/bin/cmake /home/michael/Desktop/HardCodeHeroesMajorProject/auto_rotate -DCMAKE_INSTALL_PREFIX=/home/michael/Desktop/HardCodeHeroesMajorProject/auto_rotate/install/auto_rotate
[2.724s] DEBUG:colcon.colcon_core.event_handler.log_command:Invoked command in '/home/michael/Desktop/HardCodeHeroesMajorProject/auto_rotate/build/auto_rotate' returned '0': CMAKE_PREFIX_PATH=${CMAKE_PREFIX_PATH}:/home/michael/turtlebot3_ws/install/turtlebot3_teleop:/home/michael/turtlebot3_ws/install/turtlebot3_example:/opt/ros/humble /usr/bin/cmake /home/michael/Desktop/HardCodeHeroesMajorProject/auto_rotate -DCMAKE_INSTALL_PREFIX=/home/michael/Desktop/HardCodeHeroesMajorProject/auto_rotate/install/auto_rotate
[2.725s] DEBUG:colcon.colcon_core.event_handler.log_command:Invoking command in '/home/michael/Desktop/HardCodeHeroesMajorProject/auto_rotate/build/auto_rotate': CMAKE_PREFIX_PATH=${CMAKE_PREFIX_PATH}:/home/michael/turtlebot3_ws/install/turtlebot3_teleop:/home/michael/turtlebot3_ws/install/turtlebot3_example:/opt/ros/humble /usr/bin/cmake --build /home/michael/Desktop/HardCodeHeroesMajorProject/auto_rotate/build/auto_rotate -- -j8 -l8
[2.766s] DEBUG:colcon.colcon_core.event_handler.log_command:Invoked command in '/home/michael/Desktop/HardCodeHeroesMajorProject/auto_rotate/build/auto_rotate' returned '0': CMAKE_PREFIX_PATH=${CMAKE_PREFIX_PATH}:/home/michael/turtlebot3_ws/install/turtlebot3_teleop:/home/michael/turtlebot3_ws/install/turtlebot3_example:/opt/ros/humble /usr/bin/cmake --build /home/michael/Desktop/HardCodeHeroesMajorProject/auto_rotate/build/auto_rotate -- -j8 -l8
[2.800s] DEBUG:colcon.colcon_core.event_handler.log_command:Invoking command in '/home/michael/Desktop/HardCodeHeroesMajorProject/auto_rotate/build/auto_rotate': CMAKE_PREFIX_PATH=${CMAKE_PREFIX_PATH}:/home/michael/turtlebot3_ws/install/turtlebot3_teleop:/home/michael/turtlebot3_ws/install/turtlebot3_example:/opt/ros/humble /usr/bin/cmake --install /home/michael/Desktop/HardCodeHeroesMajorProject/auto_rotate/build/auto_rotate
[2.812s] Level 1:colcon.colcon_core.environment:create_environment_scripts_only(auto_rotate)
[2.813s] DEBUG:colcon.colcon_core.event_handler.log_command:Invoked command in '/home/michael/Desktop/HardCodeHeroesMajorProject/auto_rotate/build/auto_rotate' returned '0': CMAKE_PREFIX_PATH=${CMAKE_PREFIX_PATH}:/home/michael/turtlebot3_ws/install/turtlebot3_teleop:/home/michael/turtlebot3_ws/install/turtlebot3_example:/opt/ros/humble /usr/bin/cmake --install /home/michael/Desktop/HardCodeHeroesMajorProject/auto_rotate/build/auto_rotate
[2.823s] Level 1:colcon.colcon_core.environment:checking '/home/michael/Desktop/HardCodeHeroesMajorProject/auto_rotate/install/auto_rotate' for CMake module files
[2.824s] Level 1:colcon.colcon_core.environment:checking '/home/michael/Desktop/HardCodeHeroesMajorProject/auto_rotate/install/auto_rotate' for CMake config files
[2.824s] Level 1:colcon.colcon_core.shell:create_environment_hook('auto_rotate', 'cmake_prefix_path')
[2.824s] INFO:colcon.colcon_core.shell:Creating environment hook '/home/michael/Desktop/HardCodeHeroesMajorProject/auto_rotate/install/auto_rotate/share/auto_rotate/hook/cmake_prefix_path.ps1'
[2.825s] INFO:colcon.colcon_core.shell:Creating environment descriptor '/home/michael/Desktop/HardCodeHeroesMajorProject/auto_rotate/install/auto_rotate/share/auto_rotate/hook/cmake_prefix_path.dsv'
[2.825s] INFO:colcon.colcon_core.shell:Creating environment hook '/home/michael/Desktop/HardCodeHeroesMajorProject/auto_rotate/install/auto_rotate/share/auto_rotate/hook/cmake_prefix_path.sh'
[2.826s] Level 1:colcon.colcon_core.environment:checking '/home/michael/Desktop/HardCodeHeroesMajorProject/auto_rotate/install/auto_rotate/bin'
[2.826s] Level 1:colcon.colcon_core.environment:checking '/home/michael/Desktop/HardCodeHeroesMajorProject/auto_rotate/install/auto_rotate/lib/pkgconfig/auto_rotate.pc'
[2.827s] Level 1:colcon.colcon_core.environment:checking '/home/michael/Desktop/HardCodeHeroesMajorProject/auto_rotate/install/auto_rotate/lib/python3.10/site-packages'
[2.827s] Level 1:colcon.colcon_core.environment:checking '/home/michael/Desktop/HardCodeHeroesMajorProject/auto_rotate/install/auto_rotate/bin'
[2.827s] INFO:colcon.colcon_core.shell:Creating package script '/home/michael/Desktop/HardCodeHeroesMajorProject/auto_rotate/install/auto_rotate/share/auto_rotate/package.ps1'
[2.828s] INFO:colcon.colcon_core.shell:Creating package descriptor '/home/michael/Desktop/HardCodeHeroesMajorProject/auto_rotate/install/auto_rotate/share/auto_rotate/package.dsv'
[2.828s] INFO:colcon.colcon_core.shell:Creating package script '/home/michael/Desktop/HardCodeHeroesMajorProject/auto_rotate/install/auto_rotate/share/auto_rotate/package.sh'
[2.829s] INFO:colcon.colcon_core.shell:Creating package script '/home/michael/Desktop/HardCodeHeroesMajorProject/auto_rotate/install/auto_rotate/share/auto_rotate/package.bash'
[2.830s] INFO:colcon.colcon_core.shell:Creating package script '/home/michael/Desktop/HardCodeHeroesMajorProject/auto_rotate/install/auto_rotate/share/auto_rotate/package.zsh'
[2.831s] Level 1:colcon.colcon_core.environment:create_file_with_runtime_dependencies(/home/michael/Desktop/HardCodeHeroesMajorProject/auto_rotate/install/auto_rotate/share/colcon-core/packages/auto_rotate)
[2.856s] Level 1:colcon.colcon_core.environment:create_environment_scripts_only(auto_rotate)
[2.857s] Level 1:colcon.colcon_core.environment:checking '/home/michael/Desktop/HardCodeHeroesMajorProject/auto_rotate/install/auto_rotate' for CMake module files
[2.857s] Level 1:colcon.colcon_core.environment:checking '/home/michael/Desktop/HardCodeHeroesMajorProject/auto_rotate/install/auto_rotate' for CMake config files
[2.858s] Level 1:colcon.colcon_core.shell:create_environment_hook('auto_rotate', 'cmake_prefix_path')
[2.858s] INFO:colcon.colcon_core.shell:Creating environment hook '/home/michael/Desktop/HardCodeHeroesMajorProject/auto_rotate/install/auto_rotate/share/auto_rotate/hook/cmake_prefix_path.ps1'
[2.858s] INFO:colcon.colcon_core.shell:Creating environment descriptor '/home/michael/Desktop/HardCodeHeroesMajorProject/auto_rotate/install/auto_rotate/share/auto_rotate/hook/cmake_prefix_path.dsv'
[2.859s] INFO:colcon.colcon_core.shell:Creating environment hook '/home/michael/Desktop/HardCodeHeroesMajorProject/auto_rotate/install/auto_rotate/share/auto_rotate/hook/cmake_prefix_path.sh'
[2.859s] Level 1:colcon.colcon_core.environment:checking '/home/michael/Desktop/HardCodeHeroesMajorProject/auto_rotate/install/auto_rotate/bin'
[2.859s] Level 1:colcon.colcon_core.environment:checking '/home/michael/Desktop/HardCodeHeroesMajorProject/auto_rotate/install/auto_rotate/lib/pkgconfig/auto_rotate.pc'
[2.860s] Level 1:colcon.colcon_core.environment:checking '/home/michael/Desktop/HardCodeHeroesMajorProject/auto_rotate/install/auto_rotate/lib/python3.10/site-packages'
[2.860s] Level 1:colcon.colcon_core.environment:checking '/home/michael/Desktop/HardCodeHeroesMajorProject/auto_rotate/install/auto_rotate/bin'
[2.860s] INFO:colcon.colcon_core.shell:Creating package script '/home/michael/Desktop/HardCodeHeroesMajorProject/auto_rotate/install/auto_rotate/share/auto_rotate/package.ps1'
[2.861s] INFO:colcon.colcon_core.shell:Creating package descriptor '/home/michael/Desktop/HardCodeHeroesMajorProject/auto_rotate/install/auto_rotate/share/auto_rotate/package.dsv'
[2.861s] INFO:colcon.colcon_core.shell:Creating package script '/home/michael/Desktop/HardCodeHeroesMajorProject/auto_rotate/install/auto_rotate/share/auto_rotate/package.sh'
[2.862s] INFO:colcon.colcon_core.shell:Creating package script '/home/michael/Desktop/HardCodeHeroesMajorProject/auto_rotate/install/auto_rotate/share/auto_rotate/package.bash'
[2.862s] INFO:colcon.colcon_core.shell:Creating package script '/home/michael/Desktop/HardCodeHeroesMajorProject/auto_rotate/install/auto_rotate/share/auto_rotate/package.zsh'
[2.862s] Level 1:colcon.colcon_core.environment:create_file_with_runtime_dependencies(/home/michael/Desktop/HardCodeHeroesMajorProject/auto_rotate/install/auto_rotate/share/colcon-core/packages/auto_rotate)
[2.863s] DEBUG:colcon.colcon_parallel_executor.executor.parallel:closing loop
[2.863s] DEBUG:colcon.colcon_parallel_executor.executor.parallel:loop closed
[2.863s] DEBUG:colcon.colcon_parallel_executor.executor.parallel:run_until_complete finished with '0'
[2.863s] DEBUG:colcon.colcon_core.event_reactor:joining thread
[2.869s] INFO:colcon.colcon_core.plugin_system:Skipping extension 'colcon_notification.desktop_notification.terminal_notifier': Not used on non-Darwin systems
[2.870s] INFO:colcon.colcon_core.plugin_system:Skipping extension 'colcon_notification.desktop_notification.win32': Not used on non-Windows systems
[2.870s] INFO:colcon.colcon_notification.desktop_notification:Sending desktop notification using 'notify2'
[2.885s] DEBUG:colcon.colcon_core.event_reactor:joined thread
[2.885s] INFO:colcon.colcon_core.shell:Creating prefix script '/home/michael/Desktop/HardCodeHeroesMajorProject/auto_rotate/install/local_setup.ps1'
[2.886s] INFO:colcon.colcon_core.shell:Creating prefix util module '/home/michael/Desktop/HardCodeHeroesMajorProject/auto_rotate/install/_local_setup_util_ps1.py'
[2.888s] INFO:colcon.colcon_core.shell:Creating prefix chain script '/home/michael/Desktop/HardCodeHeroesMajorProject/auto_rotate/install/setup.ps1'
[2.890s] INFO:colcon.colcon_core.shell:Creating prefix script '/home/michael/Desktop/HardCodeHeroesMajorProject/auto_rotate/install/local_setup.sh'
[2.891s] INFO:colcon.colcon_core.shell:Creating prefix util module '/home/michael/Desktop/HardCodeHeroesMajorProject/auto_rotate/install/_local_setup_util_sh.py'
[2.892s] INFO:colcon.colcon_core.shell:Creating prefix chain script '/home/michael/Desktop/HardCodeHeroesMajorProject/auto_rotate/install/setup.sh'
[2.894s] INFO:colcon.colcon_core.shell:Creating prefix script '/home/michael/Desktop/HardCodeHeroesMajorProject/auto_rotate/install/local_setup.bash'
[2.895s] INFO:colcon.colcon_core.shell:Creating prefix chain script '/home/michael/Desktop/HardCodeHeroesMajorProject/auto_rotate/install/setup.bash'
[2.897s] INFO:colcon.colcon_core.shell:Creating prefix script '/home/michael/Desktop/HardCodeHeroesMajorProject/auto_rotate/install/local_setup.zsh'
[2.898s] INFO:colcon.colcon_core.shell:Creating prefix chain script '/home/michael/Desktop/HardCodeHeroesMajorProject/auto_rotate/install/setup.zsh'
