[0.015s] Invoking command in '/home/lucaslapdoglinux/major_prok_ws/HardCodeHeroesMajorProject/build/turtlebot3_gazebo': CMAKE_PREFIX_PATH=${CMAKE_PREFIX_PATH}:/home/lucaslapdoglinux/turtlebot3_ws/install/turtlebot3_teleop:/home/lucaslapdoglinux/turtlebot3_ws/install/turtlebot3_example:/home/lucaslapdoglinux/ros2_practice_ws/install/robot_math:/home/lucaslapdoglinux/ros2_practice_ws/ros2_learners/install/robot_math:/opt/ros/humble /usr/bin/cmake --build /home/lucaslapdoglinux/major_prok_ws/HardCodeHeroesMajorProject/build/turtlebot3_gazebo -- -j8 -l8
[0.042s] -- Found ament_cmake: 1.3.10 (/opt/ros/humble/share/ament_cmake/cmake)
[0.174s] [33mCMake Warning (dev) at /usr/share/cmake-3.22/Modules/FindPackageHandleStandardArgs.cmake:438 (message):
[0.174s]   The package name passed to `find_package_handle_standard_args` (PkgConfig)
[0.174s]   does not match the name of the calling package (gazebo).  This can lead to
[0.175s]   problems in calling code that expects `find_package` result variables
[0.175s]   (e.g., `_FOUND`) to follow a certain pattern.
[0.175s] Call Stack (most recent call first):
[0.175s]   /usr/share/cmake-3.22/Modules/FindPkgConfig.cmake:99 (find_package_handle_standard_args)
[0.175s]   /usr/lib/x86_64-linux-gnu/cmake/gazebo/gazebo-config.cmake:72 (include)
[0.175s]   CMakeLists.txt:23 (find_package)
[0.175s] This warning is for project developers.  Use -Wno-dev to suppress it.
[0.175s] [0m
[0.204s] -- Found DART: /usr/include (Required is at least version "6.6") found components: dart 
[0.234s] -- Found Protobuf: /usr/lib/x86_64-linux-gnu/libprotobuf.so (found version "3.12.4") 
[0.235s] -- Looking for ignition-math6 -- found version 6.15.1
[0.239s] -- Searching for dependencies of ignition-math6
[0.240s] -- Looking for OGRE...
[0.246s] -- Found Ogre Ghadamon (1.9.0)
[0.246s] -- Found OGRE: optimized;/usr/lib/x86_64-linux-gnu/libOgreMain.so;debug;/usr/lib/x86_64-linux-gnu/libOgreMain.so
[0.256s] -- Looking for OGRE_Paging...
[0.256s] -- Found OGRE_Paging: optimized;/usr/lib/x86_64-linux-gnu/libOgrePaging.so;debug;/usr/lib/x86_64-linux-gnu/libOgrePaging.so
[0.257s] -- Looking for OGRE_Terrain...
[0.257s] -- Found OGRE_Terrain: optimized;/usr/lib/x86_64-linux-gnu/libOgreTerrain.so;debug;/usr/lib/x86_64-linux-gnu/libOgreTerrain.so
[0.257s] -- Looking for OGRE_Property...
[0.257s] -- Found OGRE_Property: optimized;/usr/lib/x86_64-linux-gnu/libOgreProperty.so;debug;/usr/lib/x86_64-linux-gnu/libOgreProperty.so
[0.257s] -- Looking for OGRE_RTShaderSystem...
[0.257s] -- Found OGRE_RTShaderSystem: optimized;/usr/lib/x86_64-linux-gnu/libOgreRTShaderSystem.so;debug;/usr/lib/x86_64-linux-gnu/libOgreRTShaderSystem.so
[0.257s] -- Looking for OGRE_Volume...
[0.257s] -- Found OGRE_Volume: optimized;/usr/lib/x86_64-linux-gnu/libOgreVolume.so;debug;/usr/lib/x86_64-linux-gnu/libOgreVolume.so
[0.257s] -- Looking for OGRE_Overlay...
[0.257s] -- Found OGRE_Overlay: optimized;/usr/lib/x86_64-linux-gnu/libOgreOverlay.so;debug;/usr/lib/x86_64-linux-gnu/libOgreOverlay.so
[0.449s] -- Looking for ignition-math6 -- found version 6.15.1
[0.449s] -- Looking for ignition-transport8 -- found version 8.2.1
[0.450s] -- Searching for dependencies of ignition-transport8
[0.471s] -- Found Protobuf: /usr/lib/x86_64-linux-gnu/libprotobuf.so (found suitable version "3.12.4", minimum required is "3") 
[0.485s] -- Config-file not installed for ZeroMQ -- checking for pkg-config
[0.490s] -- Checking for module 'libzmq >= 4'
[0.503s] --   Found libzmq , version 4.3.4
[0.542s] -- Checking for module 'uuid'
[0.555s] --   Found uuid, version 2.37.2
[0.585s] -- Looking for ignition-msgs5 -- found version 5.8.1
[0.585s] -- Searching for dependencies of ignition-msgs5
[0.608s] -- Looking for ignition-math6 -- found version 6.15.1
[0.613s] -- Checking for module 'tinyxml2'
[0.626s] --   Found tinyxml2, version 9.0.0
[0.658s] -- Looking for ignition-msgs5 -- found version 5.8.1
[0.658s] -- Looking for ignition-common3 -- found version 3.14.0
[0.659s] -- Searching for dependencies of ignition-common3
[0.659s] -- Looking for dlfcn.h - found
[0.659s] -- Looking for libdl - found
[0.671s] -- Searching for <ignition-common3> component [graphics]
[0.671s] -- Looking for ignition-common3-graphics -- found version 3.14.0
[0.672s] -- Searching for dependencies of ignition-common3-graphics
[0.672s] -- Looking for ignition-math6 -- found version 6.15.1
[0.673s] -- Looking for ignition-fuel_tools4 -- found version 4.4.0
[0.674s] -- Searching for dependencies of ignition-fuel_tools4
[0.716s] -- Checking for module 'jsoncpp'
[0.731s] --   Found jsoncpp, version 1.9.5
[0.766s] -- Checking for module 'libzip'
[0.779s] --   Found libzip, version 1.7.3
[0.809s] -- Looking for ignition-common3 -- found version 3.14.0
[0.810s] -- Looking for ignition-math6 -- found version 6.15.1
[0.810s] -- Looking for ignition-msgs5 -- found version 5.8.1
[0.812s] -- Found gazebo_ros_pkgs: 3.7.0 (/opt/ros/humble/share/gazebo_ros_pkgs/cmake)
[0.812s] -- Found geometry_msgs: 4.2.4 (/opt/ros/humble/share/geometry_msgs/cmake)
[0.831s] -- Found rosidl_generator_c: 3.1.5 (/opt/ros/humble/share/rosidl_generator_c/cmake)
[0.833s] -- Found rosidl_adapter: 3.1.5 (/opt/ros/humble/share/rosidl_adapter/cmake)
[0.840s] -- Found rosidl_generator_cpp: 3.1.5 (/opt/ros/humble/share/rosidl_generator_cpp/cmake)
[0.850s] -- Using all available rosidl_typesupport_c: rosidl_typesupport_fastrtps_c;rosidl_typesupport_introspection_c
[0.863s] -- Using all available rosidl_typesupport_cpp: rosidl_typesupport_fastrtps_cpp;rosidl_typesupport_introspection_cpp
[0.900s] -- Found visualization_msgs: 4.2.4 (/opt/ros/humble/share/visualization_msgs/cmake)
[0.938s] -- Found nav_msgs: 4.2.4 (/opt/ros/humble/share/nav_msgs/cmake)
[0.955s] -- Found rclcpp: 16.0.10 (/opt/ros/humble/share/rclcpp/cmake)
[0.980s] -- Found rmw_implementation_cmake: 6.1.2 (/opt/ros/humble/share/rmw_implementation_cmake/cmake)
[0.982s] -- Found rmw_fastrtps_cpp: 6.2.7 (/opt/ros/humble/share/rmw_fastrtps_cpp/cmake)
[1.099s] -- Using RMW implementation 'rmw_fastrtps_cpp' as default
[1.139s] -- Found tf2: 0.25.8 (/opt/ros/humble/share/tf2/cmake)
[1.143s] -- Found tf2_ros: 0.25.8 (/opt/ros/humble/share/tf2_ros/cmake)
[1.221s] -- Found tf2_geometry_msgs: 0.25.8 (/opt/ros/humble/share/tf2_geometry_msgs/cmake)
[1.224s] -- Found eigen3_cmake_module: 0.1.1 (/opt/ros/humble/share/eigen3_cmake_module/cmake)
[1.225s] -- Ensuring Eigen3 include directory is part of orocos-kdl CMake target
[1.311s] -- Configuring done
[1.388s] -- Generating done
[1.392s] -- Build files have been written to: /home/lucaslapdoglinux/major_prok_ws/HardCodeHeroesMajorProject/build/turtlebot3_gazebo
[1.433s] [ 19%] [34m[1mAutomatic MOC and UIC for target turtlebot3_shop_keeper[0m
[1.433s] [ 19%] [34m[1mAutomatic MOC and UIC for target obstacle2[0m
[1.433s] [ 19%] [34m[1mAutomatic MOC and UIC for target obstacles[0m
[1.433s] [ 19%] [34m[1mAutomatic MOC and UIC for target obstacle1[0m
[1.468s] [ 19%] Built target obstacle2_autogen
[1.469s] [ 19%] Built target obstacles_autogen
[1.469s] [ 19%] Built target obstacle1_autogen
[1.469s] [ 19%] Built target turtlebot3_shop_keeper_autogen
[1.481s] [35m[1mConsolidate compiler generated dependencies of target obstacle1[0m
[1.481s] [35m[1mConsolidate compiler generated dependencies of target obstacles[0m
[1.481s] [35m[1mConsolidate compiler generated dependencies of target obstacle2[0m
[1.482s] [35m[1mConsolidate compiler generated dependencies of target turtlebot3_shop_keeper[0m
[1.520s] [ 23%] [32mBuilding CXX object CMakeFiles/turtlebot3_shop_keeper.dir/turtlebot3_shop_keeper_autogen/mocs_compilation.cpp.o[0m
[1.520s] [ 28%] [32mBuilding CXX object CMakeFiles/obstacle1.dir/obstacle1_autogen/mocs_compilation.cpp.o[0m
[1.520s] [ 33%] [32mBuilding CXX object CMakeFiles/obstacle2.dir/obstacle2_autogen/mocs_compilation.cpp.o[0m
[1.525s] [ 38%] [32mBuilding CXX object CMakeFiles/turtlebot3_shop_keeper.dir/src/main.cpp.o[0m
[1.527s] [ 47%] [32mBuilding CXX object CMakeFiles/turtlebot3_shop_keeper.dir/src/InventoryWaypointsNode.cpp.o[0m
[1.531s] [ 47%] [32mBuilding CXX object CMakeFiles/obstacles.dir/obstacles_autogen/mocs_compilation.cpp.o[0m
[1.532s] [ 52%] [32mBuilding CXX object CMakeFiles/turtlebot3_shop_keeper.dir/src/SensorProcessor.cpp.o[0m
[1.536s] [ 57%] [32mBuilding CXX object CMakeFiles/obstacle2.dir/models/turtlebot3_dqn_world/obstacle_plugin/obstacle2.cc.o[0m
[1.552s] [ 61%] [32mBuilding CXX object CMakeFiles/obstacle1.dir/models/turtlebot3_dqn_world/obstacle_plugin/obstacle1.cc.o[0m
[1.559s] [ 66%] [32mBuilding CXX object CMakeFiles/turtlebot3_shop_keeper.dir/src/WaypointGenerator.cpp.o[0m
[1.571s] [ 71%] [32mBuilding CXX object CMakeFiles/obstacles.dir/models/turtlebot3_dqn_world/obstacle_plugin/obstacles.cc.o[0m
[1.579s] [ 76%] [32mBuilding CXX object CMakeFiles/turtlebot3_shop_keeper.dir/src/WaypointManager.cpp.o[0m
[3.178s] [ 80%] [32mBuilding CXX object CMakeFiles/turtlebot3_shop_keeper.dir/src/MainWindow.cpp.o[0m
[12.228s] [01m[K/home/lucaslapdoglinux/major_prok_ws/HardCodeHeroesMajorProject/turtlebot3_gazebo/src/MainWindow.cpp:[m[K In constructor ‘[01m[KMainWindow::MainWindow(QWidget*)[m[K’:
[12.228s] [01m[K/home/lucaslapdoglinux/major_prok_ws/HardCodeHeroesMajorProject/turtlebot3_gazebo/src/MainWindow.cpp:8:28:[m[K [01;31m[Kerror: [m[Kno matching function for call to ‘[01m[Ktf2_ros::Buffer::Buffer()[m[K’
[12.228s]     8 |     tf_listener_(tf_buffer_[01;31m[K)[m[K
[12.228s]       |                            [01;31m[K^[m[K
[12.228s] In file included from [01m[K/home/lucaslapdoglinux/major_prok_ws/HardCodeHeroesMajorProject/turtlebot3_gazebo/include/MainWindow.hpp:18[m[K,
[12.228s]                  from [01m[K/home/lucaslapdoglinux/major_prok_ws/HardCodeHeroesMajorProject/turtlebot3_gazebo/src/MainWindow.cpp:1[m[K:
[12.228s] [01m[K/opt/ros/humble/include/tf2_ros/tf2_ros/buffer.h:73:18:[m[K [01;36m[Knote: [m[Kcandidate: ‘[01m[Ktf2_ros::Buffer::Buffer(rclcpp::Clock::SharedPtr, tf2::Duration, rclcpp::Node::SharedPtr)[m[K’
[12.229s]    73 |   TF2_ROS_PUBLIC [01;36m[KBuffer[m[K(
[12.229s]       |                  [01;36m[K^~~~~~[m[K
[12.229s] [01m[K/opt/ros/humble/include/tf2_ros/tf2_ros/buffer.h:73:18:[m[K [01;36m[Knote: [m[K  candidate expects 3 arguments, 0 provided
[12.245s] [01m[K/home/lucaslapdoglinux/major_prok_ws/HardCodeHeroesMajorProject/turtlebot3_gazebo/src/MainWindow.cpp:[m[K In lambda function:
[12.246s] [01m[K/home/lucaslapdoglinux/major_prok_ws/HardCodeHeroesMajorProject/turtlebot3_gazebo/src/MainWindow.cpp:78:22:[m[K [01;31m[Kerror: [m[K‘[01m[Kusing element_type = class InventoryWaypointsNode[m[K’ {aka ‘[01m[Kclass InventoryWaypointsNode[m[K’} has no member named ‘[01m[Kstart_navigation[m[K’
[12.246s]    78 |     inventory_node_->[01;31m[Kstart_navigation[m[K();
[12.246s]       |                      [01;31m[K^~~~~~~~~~~~~~~~[m[K
[12.248s] [01m[K/home/lucaslapdoglinux/major_prok_ws/HardCodeHeroesMajorProject/turtlebot3_gazebo/src/MainWindow.cpp:[m[K In lambda function:
[12.248s] [01m[K/home/lucaslapdoglinux/major_prok_ws/HardCodeHeroesMajorProject/turtlebot3_gazebo/src/MainWindow.cpp:83:22:[m[K [01;31m[Kerror: [m[K‘[01m[Kusing element_type = class InventoryWaypointsNode[m[K’ {aka ‘[01m[Kclass InventoryWaypointsNode[m[K’} has no member named ‘[01m[Kstop_navigation[m[K’
[12.249s]    83 |     inventory_node_->[01;31m[Kstop_navigation[m[K();
[12.249s]       |                      [01;31m[K^~~~~~~~~~~~~~~[m[K
[13.725s] In file included from [01m[K/usr/include/x86_64-linux-gnu/c++/11/bits/c++allocator.h:33[m[K,
[13.725s]                  from [01m[K/usr/include/c++/11/bits/allocator.h:46[m[K,
[13.725s]                  from [01m[K/usr/include/c++/11/unordered_map:40[m[K,
[13.725s]                  from [01m[K/usr/include/c++/11/functional:61[m[K,
[13.726s]                  from [01m[K/usr/include/c++/11/pstl/glue_algorithm_defs.h:13[m[K,
[13.726s]                  from [01m[K/usr/include/c++/11/algorithm:74[m[K,
[13.726s]                  from [01m[K/usr/include/x86_64-linux-gnu/qt5/QtCore/qglobal.h:142[m[K,
[13.726s]                  from [01m[K/usr/include/x86_64-linux-gnu/qt5/QtGui/qtguiglobal.h:43[m[K,
[13.726s]                  from [01m[K/usr/include/x86_64-linux-gnu/qt5/QtWidgets/qtwidgetsglobal.h:43[m[K,
[13.726s]                  from [01m[K/usr/include/x86_64-linux-gnu/qt5/QtWidgets/qmainwindow.h:43[m[K,
[13.726s]                  from [01m[K/usr/include/x86_64-linux-gnu/qt5/QtWidgets/QMainWindow:1[m[K,
[13.727s]                  from [01m[K/home/lucaslapdoglinux/major_prok_ws/HardCodeHeroesMajorProject/turtlebot3_gazebo/include/MainWindow.hpp:4[m[K,
[13.727s]                  from [01m[K/home/lucaslapdoglinux/major_prok_ws/HardCodeHeroesMajorProject/turtlebot3_gazebo/src/MainWindow.cpp:1[m[K:
[13.727s] /usr/include/c++/11/ext/new_allocator.h: In instantiation of ‘[01m[Kvoid __gnu_cxx::new_allocator<_Tp>::construct(_Up*, _Args&& ...) [with _Up = InventoryWaypointsNode; _Args = {std::shared_ptr<rclcpp::Node>&}; _Tp = InventoryWaypointsNode][m[K’:
[13.727s] [01m[K/usr/include/c++/11/bits/alloc_traits.h:516:17:[m[K   required from ‘[01m[Kstatic void std::allocator_traits<std::allocator<_Tp1> >::construct(std::allocator_traits<std::allocator<_Tp1> >::allocator_type&, _Up*, _Args&& ...) [with _Up = InventoryWaypointsNode; _Args = {std::shared_ptr<rclcpp::Node>&}; _Tp = InventoryWaypointsNode; std::allocator_traits<std::allocator<_Tp1> >::allocator_type = std::allocator<InventoryWaypointsNode>][m[K’
[13.727s] [01m[K/usr/include/c++/11/bits/shared_ptr_base.h:519:39:[m[K   required from ‘[01m[Kstd::_Sp_counted_ptr_inplace<_Tp, _Alloc, _Lp>::_Sp_counted_ptr_inplace(_Alloc, _Args&& ...) [with _Args = {std::shared_ptr<rclcpp::Node>&}; _Tp = InventoryWaypointsNode; _Alloc = std::allocator<InventoryWaypointsNode>; __gnu_cxx::_Lock_policy _Lp = __gnu_cxx::_S_atomic][m[K’
[13.727s] [01m[K/usr/include/c++/11/bits/shared_ptr_base.h:650:16:[m[K   required from ‘[01m[Kstd::__shared_count<_Lp>::__shared_count(_Tp*&, std::_Sp_alloc_shared_tag<_Alloc>, _Args&& ...) [with _Tp = InventoryWaypointsNode; _Alloc = std::allocator<InventoryWaypointsNode>; _Args = {std::shared_ptr<rclcpp::Node>&}; __gnu_cxx::_Lock_policy _Lp = __gnu_cxx::_S_atomic][m[K’
[13.727s] [01m[K/usr/include/c++/11/bits/shared_ptr_base.h:1342:14:[m[K   required from ‘[01m[Kstd::__shared_ptr<_Tp, _Lp>::__shared_ptr(std::_Sp_alloc_shared_tag<_Tp>, _Args&& ...) [with _Alloc = std::allocator<InventoryWaypointsNode>; _Args = {std::shared_ptr<rclcpp::Node>&}; _Tp = InventoryWaypointsNode; __gnu_cxx::_Lock_policy _Lp = __gnu_cxx::_S_atomic][m[K’
[13.727s] [01m[K/usr/include/c++/11/bits/shared_ptr.h:409:59:[m[K   required from ‘[01m[Kstd::shared_ptr<_Tp>::shared_ptr(std::_Sp_alloc_shared_tag<_Tp>, _Args&& ...) [with _Alloc = std::allocator<InventoryWaypointsNode>; _Args = {std::shared_ptr<rclcpp::Node>&}; _Tp = InventoryWaypointsNode][m[K’
[13.728s] [01m[K/usr/include/c++/11/bits/shared_ptr.h:862:14:[m[K   required from ‘[01m[Kstd::shared_ptr<_Tp> std::allocate_shared(const _Alloc&, _Args&& ...) [with _Tp = InventoryWaypointsNode; _Alloc = std::allocator<InventoryWaypointsNode>; _Args = {std::shared_ptr<rclcpp::Node>&}][m[K’
[13.728s] [01m[K/usr/include/c++/11/bits/shared_ptr.h:878:39:[m[K   required from ‘[01m[Kstd::shared_ptr<_Tp> std::make_shared(_Args&& ...) [with _Tp = InventoryWaypointsNode; _Args = {std::shared_ptr<rclcpp::Node>&}][m[K’
[13.728s] [01m[K/home/lucaslapdoglinux/major_prok_ws/HardCodeHeroesMajorProject/turtlebot3_gazebo/src/MainWindow.cpp:14:61:[m[K   required from here
[13.728s] [01m[K/usr/include/c++/11/ext/new_allocator.h:162:11:[m[K [01;31m[Kerror: [m[Kno matching function for call to ‘[01m[KInventoryWaypointsNode::InventoryWaypointsNode(std::shared_ptr<rclcpp::Node>&)[m[K’
[13.728s]   162 |         { [01;31m[K::new((void *)__p) _Up(std::forward<_Args>(__args)...)[m[K; }
[13.728s]       |           [01;31m[K^~~~~~~~~~~~~~~~~~~~~~~~~~~~~~~~~~~~~~~~~~~~~~~~~~~~~~[m[K
[13.728s] In file included from [01m[K/home/lucaslapdoglinux/major_prok_ws/HardCodeHeroesMajorProject/turtlebot3_gazebo/include/MainWindow.hpp:20[m[K,
[13.728s]                  from [01m[K/home/lucaslapdoglinux/major_prok_ws/HardCodeHeroesMajorProject/turtlebot3_gazebo/src/MainWindow.cpp:1[m[K:
[13.729s] [01m[K/home/lucaslapdoglinux/major_prok_ws/HardCodeHeroesMajorProject/turtlebot3_gazebo/include/InventoryWaypointsNode.hpp:23:3:[m[K [01;36m[Knote: [m[Kcandidate: ‘[01m[KInventoryWaypointsNode::InventoryWaypointsNode()[m[K’
[13.729s]    23 |   [01;36m[KInventoryWaypointsNode[m[K();
[13.729s]       |   [01;36m[K^~~~~~~~~~~~~~~~~~~~~~[m[K
[13.729s] [01m[K/home/lucaslapdoglinux/major_prok_ws/HardCodeHeroesMajorProject/turtlebot3_gazebo/include/InventoryWaypointsNode.hpp:23:3:[m[K [01;36m[Knote: [m[K  candidate expects 0 arguments, 1 provided
[18.797s] gmake[2]: *** [CMakeFiles/turtlebot3_shop_keeper.dir/build.make:160: CMakeFiles/turtlebot3_shop_keeper.dir/src/MainWindow.cpp.o] Error 1
[18.798s] gmake[2]: *** Waiting for unfinished jobs....
[23.374s] [ 85%] [32m[1mLinking CXX shared library libobstacles.so[0m
[23.456s] gmake[1]: *** [CMakeFiles/Makefile2:147: CMakeFiles/turtlebot3_shop_keeper.dir/all] Error 2
[23.456s] gmake[1]: *** Waiting for unfinished jobs....
[23.845s] [ 85%] Built target obstacles
[25.285s] [ 90%] [32m[1mLinking CXX shared library libobstacle1.so[0m
[25.301s] [ 95%] [32m[1mLinking CXX shared library libobstacle2.so[0m
[25.674s] [ 95%] Built target obstacle1
[25.693s] [ 95%] Built target obstacle2
[25.694s] gmake: *** [Makefile:146: all] Error 2
[25.698s] Invoked command in '/home/lucaslapdoglinux/major_prok_ws/HardCodeHeroesMajorProject/build/turtlebot3_gazebo' returned '2': CMAKE_PREFIX_PATH=${CMAKE_PREFIX_PATH}:/home/lucaslapdoglinux/turtlebot3_ws/install/turtlebot3_teleop:/home/lucaslapdoglinux/turtlebot3_ws/install/turtlebot3_example:/home/lucaslapdoglinux/ros2_practice_ws/install/robot_math:/home/lucaslapdoglinux/ros2_practice_ws/ros2_learners/install/robot_math:/opt/ros/humble /usr/bin/cmake --build /home/lucaslapdoglinux/major_prok_ws/HardCodeHeroesMajorProject/build/turtlebot3_gazebo -- -j8 -l8
