[0.006s] Invoking command in '/home/peter/turtlebot3_ws/src/shape_detector/build/shape_detector': /usr/bin/cmake /home/peter/turtlebot3_ws/src/shape_detector -DCATKIN_INSTALL_INTO_PREFIX_ROOT=0 -DCMAKE_INSTALL_PREFIX=/home/peter/turtlebot3_ws/src/shape_detector/install/shape_detector
[0.049s] -- The C compiler identification is GNU 11.4.0
[0.089s] -- The CXX compiler identification is GNU 11.4.0
[0.093s] -- Detecting C compiler ABI info
[0.152s] -- Detecting C compiler ABI info - done
[0.157s] -- Check for working C compiler: /usr/bin/cc - skipped
[0.157s] -- Detecting C compile features
[0.157s] -- Detecting C compile features - done
[0.159s] -- Detecting CXX compiler ABI info
[0.221s] -- Detecting CXX compiler ABI info - done
[0.225s] -- Check for working CXX compiler: /usr/bin/c++ - skipped
[0.226s] -- Detecting CXX compile features
[0.226s] -- Detecting CXX compile features - done
[0.227s] -- Found rclcpp: 16.0.10 (/opt/ros/humble/share/rclcpp/cmake)
[0.332s] -- Found Python3: /usr/bin/python3 (found version "3.10.12") found components: Interpreter 
[0.409s] -- Found rosidl_generator_c: 3.1.5 (/opt/ros/humble/share/rosidl_generator_c/cmake)
[0.411s] -- Found rosidl_adapter: 3.1.5 (/opt/ros/humble/share/rosidl_adapter/cmake)
[0.416s] -- Found rosidl_generator_cpp: 3.1.5 (/opt/ros/humble/share/rosidl_generator_cpp/cmake)
[0.422s] -- Using all available rosidl_typesupport_c: rosidl_typesupport_fastrtps_c;rosidl_typesupport_introspection_c
[0.431s] -- Using all available rosidl_typesupport_cpp: rosidl_typesupport_fastrtps_cpp;rosidl_typesupport_introspection_cpp
[0.454s] -- Found rmw_implementation_cmake: 6.1.2 (/opt/ros/humble/share/rmw_implementation_cmake/cmake)
[0.455s] -- Found rmw_fastrtps_cpp: 6.2.7 (/opt/ros/humble/share/rmw_fastrtps_cpp/cmake)
[0.553s] -- Found OpenSSL: /usr/lib/x86_64-linux-gnu/libcrypto.so (found version "3.0.2")  
[0.580s] -- Found FastRTPS: /opt/ros/humble/include  
[0.609s] -- Using RMW implementation 'rmw_fastrtps_cpp' as default
[0.617s] -- Looking for pthread.h
[0.676s] -- Looking for pthread.h - found
[0.676s] -- Performing Test CMAKE_HAVE_LIBC_PTHREAD
[0.733s] -- Performing Test CMAKE_HAVE_LIBC_PTHREAD - Success
[0.734s] -- Found Threads: TRUE  
[0.765s] -- Found cv_bridge: 3.2.1 (/opt/ros/humble/share/cv_bridge/cmake)
[0.789s] -- Found image_transport: 3.1.9 (/opt/ros/humble/share/image_transport/cmake)
[0.804s] -- Found OpenCV: /usr (found version "4.5.4") 
[0.805s] -- Configuring done
[0.811s] -- Generating done
[0.812s] [33mCMake Warning:
[0.812s]   Manually-specified variables were not used by the project:
[0.812s] 
[0.812s]     CATKIN_INSTALL_INTO_PREFIX_ROOT
[0.812s] 
[0.812s] [0m
[0.812s] -- Build files have been written to: /home/peter/turtlebot3_ws/src/shape_detector/build/shape_detector
[0.818s] Invoked command in '/home/peter/turtlebot3_ws/src/shape_detector/build/shape_detector' returned '0': /usr/bin/cmake /home/peter/turtlebot3_ws/src/shape_detector -DCATKIN_INSTALL_INTO_PREFIX_ROOT=0 -DCMAKE_INSTALL_PREFIX=/home/peter/turtlebot3_ws/src/shape_detector/install/shape_detector
[0.819s] Invoking command in '/home/peter/turtlebot3_ws/src/shape_detector/build/shape_detector': /usr/bin/cmake --build /home/peter/turtlebot3_ws/src/shape_detector/build/shape_detector -- -j20 -l20
[0.858s] [ 25%] [32mBuilding CXX object CMakeFiles/shape_detector.dir/src/shape_detector.cpp.o[0m
[0.859s] [ 50%] [32mBuilding CXX object CMakeFiles/shape_detector.dir/src/shape_detector_utils.cpp.o[0m
[0.859s] [ 75%] [32mBuilding CXX object CMakeFiles/shape_detector.dir/src/main.cpp.o[0m
[3.306s] [100%] [32m[1mLinking CXX executable shape_detector[0m
[3.543s] [100%] Built target shape_detector
[3.556s] Invoked command in '/home/peter/turtlebot3_ws/src/shape_detector/build/shape_detector' returned '0': /usr/bin/cmake --build /home/peter/turtlebot3_ws/src/shape_detector/build/shape_detector -- -j20 -l20
[3.602s] Invoking command in '/home/peter/turtlebot3_ws/src/shape_detector/build/shape_detector': /usr/bin/cmake --install /home/peter/turtlebot3_ws/src/shape_detector/build/shape_detector
[3.607s] -- Install configuration: ""
[3.607s] -- Installing: /home/peter/turtlebot3_ws/src/shape_detector/install/shape_detector/lib/shape_detector/shape_detector
[3.608s] -- Set runtime path of "/home/peter/turtlebot3_ws/src/shape_detector/install/shape_detector/lib/shape_detector/shape_detector" to ""
[3.609s] Invoked command in '/home/peter/turtlebot3_ws/src/shape_detector/build/shape_detector' returned '0': /usr/bin/cmake --install /home/peter/turtlebot3_ws/src/shape_detector/build/shape_detector
