[ 25%] [32mBuilding CXX object CMakeFiles/turtlebot3_shop_navigator.dir/src/GoalNavigatorNode.cpp.o[0m
[ 50%] [32mBuilding CXX object CMakeFiles/turtlebot3_shop_navigator.dir/src/main.cpp.o[0m
[ 75%] [32mBuilding CXX object CMakeFiles/turtlebot3_shop_navigator.dir/src/MotionController.cpp.o[0m
[100%] [32m[1mLinking CXX executable turtlebot3_shop_navigator[0m
[100%] Built target turtlebot3_shop_navigator
-- Install configuration: ""
-- Installing: /home/lucaslapdoglinux/major_prok_ws/HardCodeHeroesMajorProject/install/turtlebot3_navigation/lib/turtlebot3_navigation/turtlebot3_shop_navigator
-- Set runtime path of "/home/lucaslapdoglinux/major_prok_ws/HardCodeHeroesMajorProject/install/turtlebot3_navigation/lib/turtlebot3_navigation/turtlebot3_shop_navigator" to ""
-- Installing: /home/lucaslapdoglinux/major_prok_ws/HardCodeHeroesMajorProject/install/turtlebot3_navigation/include/
-- Installing: /home/lucaslapdoglinux/major_prok_ws/HardCodeHeroesMajorProject/install/turtlebot3_navigation/include//turtlebot3_navigation
-- Installing: /home/lucaslapdoglinux/major_prok_ws/HardCodeHeroesMajorProject/install/turtlebot3_navigation/include//turtlebot3_navigation/MotionController.hpp
-- Installing: /home/lucaslapdoglinux/major_prok_ws/HardCodeHeroesMajorProject/install/turtlebot3_navigation/include//turtlebot3_navigation/GoalNavigatorNode.hpp
-- Installing: /home/lucaslapdoglinux/major_prok_ws/HardCodeHeroesMajorProject/install/turtlebot3_navigation/include//turtlebot3_navigation/Constants.hpp
-- Installing: /home/lucaslapdoglinux/major_prok_ws/HardCodeHeroesMajorProject/install/turtlebot3_navigation/include//turtlebot3_navigation/MapManager.hpp
-- Installing: /home/lucaslapdoglinux/major_prok_ws/HardCodeHeroesMajorProject/install/turtlebot3_navigation/include//turtlebot3_navigation/SensorProcessor.hpp
-- Installing: /home/lucaslapdoglinux/major_prok_ws/HardCodeHeroesMajorProject/install/turtlebot3_navigation/share/ament_index/resource_index/package_run_dependencies/turtlebot3_navigation
-- Installing: /home/lucaslapdoglinux/major_prok_ws/HardCodeHeroesMajorProject/install/turtlebot3_navigation/share/ament_index/resource_index/parent_prefix_path/turtlebot3_navigation
-- Installing: /home/lucaslapdoglinux/major_prok_ws/HardCodeHeroesMajorProject/install/turtlebot3_navigation/share/turtlebot3_navigation/environment/ament_prefix_path.sh
-- Installing: /home/lucaslapdoglinux/major_prok_ws/HardCodeHeroesMajorProject/install/turtlebot3_navigation/share/turtlebot3_navigation/environment/ament_prefix_path.dsv
-- Installing: /home/lucaslapdoglinux/major_prok_ws/HardCodeHeroesMajorProject/install/turtlebot3_navigation/share/turtlebot3_navigation/environment/path.sh
-- Installing: /home/lucaslapdoglinux/major_prok_ws/HardCodeHeroesMajorProject/install/turtlebot3_navigation/share/turtlebot3_navigation/environment/path.dsv
-- Installing: /home/lucaslapdoglinux/major_prok_ws/HardCodeHeroesMajorProject/install/turtlebot3_navigation/share/turtlebot3_navigation/local_setup.bash
-- Installing: /home/lucaslapdoglinux/major_prok_ws/HardCodeHeroesMajorProject/install/turtlebot3_navigation/share/turtlebot3_navigation/local_setup.sh
-- Installing: /home/lucaslapdoglinux/major_prok_ws/HardCodeHeroesMajorProject/install/turtlebot3_navigation/share/turtlebot3_navigation/local_setup.zsh
-- Installing: /home/lucaslapdoglinux/major_prok_ws/HardCodeHeroesMajorProject/install/turtlebot3_navigation/share/turtlebot3_navigation/local_setup.dsv
-- Installing: /home/lucaslapdoglinux/major_prok_ws/HardCodeHeroesMajorProject/install/turtlebot3_navigation/share/turtlebot3_navigation/package.dsv
-- Installing: /home/lucaslapdoglinux/major_prok_ws/HardCodeHeroesMajorProject/install/turtlebot3_navigation/share/ament_index/resource_index/packages/turtlebot3_navigation
-- Installing: /home/lucaslapdoglinux/major_prok_ws/HardCodeHeroesMajorProject/install/turtlebot3_navigation/share/turtlebot3_navigation/cmake/ament_cmake_export_include_directories-extras.cmake
-- Installing: /home/lucaslapdoglinux/major_prok_ws/HardCodeHeroesMajorProject/install/turtlebot3_navigation/share/turtlebot3_navigation/cmake/ament_cmake_export_dependencies-extras.cmake
-- Installing: /home/lucaslapdoglinux/major_prok_ws/HardCodeHeroesMajorProject/install/turtlebot3_navigation/share/turtlebot3_navigation/cmake/turtlebot3_navigationConfig.cmake
-- Installing: /home/lucaslapdoglinux/major_prok_ws/HardCodeHeroesMajorProject/install/turtlebot3_navigation/share/turtlebot3_navigation/cmake/turtlebot3_navigationConfig-version.cmake
-- Installing: /home/lucaslapdoglinux/major_prok_ws/HardCodeHeroesMajorProject/install/turtlebot3_navigation/share/turtlebot3_navigation/package.xml
