[0.017s] Invoking command in '/home/lucaslapdoglinux/major_prok_ws/HardCodeHeroesMajorProject/build/turtlebot3_gazebo': CMAKE_PREFIX_PATH=${CMAKE_PREFIX_PATH}:/home/lucaslapdoglinux/turtlebot3_ws/install/turtlebot3_teleop:/home/lucaslapdoglinux/turtlebot3_ws/install/turtlebot3_example:/home/lucaslapdoglinux/ros2_practice_ws/install/robot_math:/home/lucaslapdoglinux/ros2_practice_ws/ros2_learners/install/robot_math:/opt/ros/humble /usr/bin/cmake --build /home/lucaslapdoglinux/major_prok_ws/HardCodeHeroesMajorProject/build/turtlebot3_gazebo -- -j8 -l8
[0.142s] -- The C compiler identification is GNU 11.4.0
[0.199s] -- The CXX compiler identification is GNU 11.4.0
[0.208s] -- Detecting C compiler ABI info
[0.288s] -- Detecting C compiler ABI info - done
[0.296s] -- Check for working C compiler: /usr/bin/cc - skipped
[0.297s] -- Detecting C compile features
[0.298s] -- Detecting C compile features - done
[0.302s] -- Detecting CXX compiler ABI info
[0.394s] -- Detecting CXX compiler ABI info - done
[0.402s] -- Check for working CXX compiler: /usr/bin/c++ - skipped
[0.403s] -- Detecting CXX compile features
[0.403s] -- Detecting CXX compile features - done
[0.404s] -- Found ament_cmake: 1.3.10 (/opt/ros/humble/share/ament_cmake/cmake)
[0.556s] [33mCMake Warning (dev) at /usr/share/cmake-3.22/Modules/FindPackageHandleStandardArgs.cmake:438 (message):
[0.557s]   The package name passed to `find_package_handle_standard_args` (PkgConfig)
[0.557s]   does not match the name of the calling package (gazebo).  This can lead to
[0.557s]   problems in calling code that expects `find_package` result variables
[0.557s]   (e.g., `_FOUND`) to follow a certain pattern.
[0.557s] Call Stack (most recent call first):
[0.557s]   /usr/share/cmake-3.22/Modules/FindPkgConfig.cmake:99 (find_package_handle_standard_args)
[0.557s]   /usr/lib/x86_64-linux-gnu/cmake/gazebo/gazebo-config.cmake:72 (include)
[0.557s]   CMakeLists.txt:23 (find_package)
[0.557s] This warning is for project developers.  Use -Wno-dev to suppress it.
[0.557s] [0m
[0.586s] -- Found DART: /usr/include (Required is at least version "6.6") found components: dart 
[0.622s] -- Found Protobuf: /usr/lib/x86_64-linux-gnu/libprotobuf.so (found version "3.12.4") 
[0.624s] -- Looking for ignition-math6 -- found version 6.15.1
[0.631s] -- Searching for dependencies of ignition-math6
[0.632s] -- Looking for OGRE...
[0.639s] -- Found Ogre Ghadamon (1.9.0)
[0.639s] -- Found OGRE: optimized;/usr/lib/x86_64-linux-gnu/libOgreMain.so;debug;/usr/lib/x86_64-linux-gnu/libOgreMain.so
[0.649s] -- Looking for OGRE_Paging...
[0.649s] -- Found OGRE_Paging: optimized;/usr/lib/x86_64-linux-gnu/libOgrePaging.so;debug;/usr/lib/x86_64-linux-gnu/libOgrePaging.so
[0.649s] -- Looking for OGRE_Terrain...
[0.649s] -- Found OGRE_Terrain: optimized;/usr/lib/x86_64-linux-gnu/libOgreTerrain.so;debug;/usr/lib/x86_64-linux-gnu/libOgreTerrain.so
[0.650s] -- Looking for OGRE_Property...
[0.650s] -- Found OGRE_Property: optimized;/usr/lib/x86_64-linux-gnu/libOgreProperty.so;debug;/usr/lib/x86_64-linux-gnu/libOgreProperty.so
[0.650s] -- Looking for OGRE_RTShaderSystem...
[0.650s] -- Found OGRE_RTShaderSystem: optimized;/usr/lib/x86_64-linux-gnu/libOgreRTShaderSystem.so;debug;/usr/lib/x86_64-linux-gnu/libOgreRTShaderSystem.so
[0.650s] -- Looking for OGRE_Volume...
[0.650s] -- Found OGRE_Volume: optimized;/usr/lib/x86_64-linux-gnu/libOgreVolume.so;debug;/usr/lib/x86_64-linux-gnu/libOgreVolume.so
[0.650s] -- Looking for OGRE_Overlay...
[0.650s] -- Found OGRE_Overlay: optimized;/usr/lib/x86_64-linux-gnu/libOgreOverlay.so;debug;/usr/lib/x86_64-linux-gnu/libOgreOverlay.so
[0.873s] -- Looking for ignition-math6 -- found version 6.15.1
[0.873s] -- Looking for ignition-transport8 -- found version 8.2.1
[0.874s] -- Searching for dependencies of ignition-transport8
[0.896s] -- Found Protobuf: /usr/lib/x86_64-linux-gnu/libprotobuf.so (found suitable version "3.12.4", minimum required is "3") 
[0.912s] -- Config-file not installed for ZeroMQ -- checking for pkg-config
[0.917s] -- Checking for module 'libzmq >= 4'
[0.934s] --   Found libzmq , version 4.3.4
[0.976s] -- Checking for module 'uuid'
[0.990s] --   Found uuid, version 2.37.2
[1.022s] -- Looking for ignition-msgs5 -- found version 5.8.1
[1.023s] -- Searching for dependencies of ignition-msgs5
[1.045s] -- Looking for ignition-math6 -- found version 6.15.1
[1.051s] -- Checking for module 'tinyxml2'
[1.064s] --   Found tinyxml2, version 9.0.0
[1.101s] -- Looking for ignition-msgs5 -- found version 5.8.1
[1.102s] -- Looking for ignition-common3 -- found version 3.14.0
[1.102s] -- Searching for dependencies of ignition-common3
[1.102s] -- Looking for dlfcn.h - found
[1.102s] -- Looking for libdl - found
[1.115s] -- Searching for <ignition-common3> component [graphics]
[1.115s] -- Looking for ignition-common3-graphics -- found version 3.14.0
[1.116s] -- Searching for dependencies of ignition-common3-graphics
[1.116s] -- Looking for ignition-math6 -- found version 6.15.1
[1.118s] -- Looking for ignition-fuel_tools4 -- found version 4.4.0
[1.118s] -- Searching for dependencies of ignition-fuel_tools4
[1.162s] -- Checking for module 'jsoncpp'
[1.176s] --   Found jsoncpp, version 1.9.5
[1.214s] -- Checking for module 'libzip'
[1.231s] --   Found libzip, version 1.7.3
[1.271s] -- Looking for ignition-common3 -- found version 3.14.0
[1.271s] -- Looking for ignition-math6 -- found version 6.15.1
[1.272s] -- Looking for ignition-msgs5 -- found version 5.8.1
[1.275s] -- Found gazebo_ros_pkgs: 3.7.0 (/opt/ros/humble/share/gazebo_ros_pkgs/cmake)
[1.275s] -- Found geometry_msgs: 4.2.4 (/opt/ros/humble/share/geometry_msgs/cmake)
[1.303s] -- Found rosidl_generator_c: 3.1.5 (/opt/ros/humble/share/rosidl_generator_c/cmake)
[1.307s] -- Found rosidl_adapter: 3.1.5 (/opt/ros/humble/share/rosidl_adapter/cmake)
[1.315s] -- Found rosidl_generator_cpp: 3.1.5 (/opt/ros/humble/share/rosidl_generator_cpp/cmake)
[1.329s] -- Using all available rosidl_typesupport_c: rosidl_typesupport_fastrtps_c;rosidl_typesupport_introspection_c
[1.346s] -- Using all available rosidl_typesupport_cpp: rosidl_typesupport_fastrtps_cpp;rosidl_typesupport_introspection_cpp
[1.389s] -- Found visualization_msgs: 4.2.4 (/opt/ros/humble/share/visualization_msgs/cmake)
[1.432s] -- Found nav_msgs: 4.2.4 (/opt/ros/humble/share/nav_msgs/cmake)
[1.452s] -- Found rclcpp: 16.0.10 (/opt/ros/humble/share/rclcpp/cmake)
[1.501s] -- Found rmw_implementation_cmake: 6.1.2 (/opt/ros/humble/share/rmw_implementation_cmake/cmake)
[1.505s] -- Found rmw_fastrtps_cpp: 6.2.7 (/opt/ros/humble/share/rmw_fastrtps_cpp/cmake)
[1.636s] -- Using RMW implementation 'rmw_fastrtps_cpp' as default
[1.684s] -- Found tf2: 0.25.8 (/opt/ros/humble/share/tf2/cmake)
[1.689s] -- Found tf2_ros: 0.25.8 (/opt/ros/humble/share/tf2_ros/cmake)
[1.784s] -- Found tf2_geometry_msgs: 0.25.8 (/opt/ros/humble/share/tf2_geometry_msgs/cmake)
[1.788s] -- Found eigen3_cmake_module: 0.1.1 (/opt/ros/humble/share/eigen3_cmake_module/cmake)
[1.789s] -- Ensuring Eigen3 include directory is part of orocos-kdl CMake target
[1.885s] -- Configuring done
[1.973s] -- Generating done
[1.976s] -- Build files have been written to: /home/lucaslapdoglinux/major_prok_ws/HardCodeHeroesMajorProject/build/turtlebot3_gazebo
[2.021s] [ 14%] [34m[1mAutomatic MOC and UIC for target turtlebot3_shop_keeper[0m
[2.021s] [ 14%] [34m[1mAutomatic MOC and UIC for target obstacles[0m
[2.021s] [ 14%] [34m[1mAutomatic MOC and UIC for target obstacle2[0m
[2.021s] [ 19%] [34m[1mAutomatic MOC and UIC for target obstacle1[0m
[2.044s] [ 19%] Built target obstacle2_autogen
[2.044s] [ 19%] Built target obstacles_autogen
[2.044s] [ 19%] Built target obstacle1_autogen
[2.055s] [35m[1mConsolidate compiler generated dependencies of target obstacle1[0m
[2.055s] [35m[1mConsolidate compiler generated dependencies of target obstacle2[0m
[2.055s] [35m[1mConsolidate compiler generated dependencies of target obstacles[0m
[2.071s] [ 23%] [32mBuilding CXX object CMakeFiles/obstacle1.dir/obstacle1_autogen/mocs_compilation.cpp.o[0m
[2.071s] [ 33%] [32mBuilding CXX object CMakeFiles/obstacles.dir/obstacles_autogen/mocs_compilation.cpp.o[0m
[2.071s] [ 33%] [32mBuilding CXX object CMakeFiles/obstacles.dir/models/turtlebot3_dqn_world/obstacle_plugin/obstacles.cc.o[0m
[2.072s] [ 38%] [32mBuilding CXX object CMakeFiles/obstacle2.dir/obstacle2_autogen/mocs_compilation.cpp.o[0m
[2.072s] [ 42%] [32mBuilding CXX object CMakeFiles/obstacle2.dir/models/turtlebot3_dqn_world/obstacle_plugin/obstacle2.cc.o[0m
[2.074s] [ 47%] [32mBuilding CXX object CMakeFiles/obstacle1.dir/models/turtlebot3_dqn_world/obstacle_plugin/obstacle1.cc.o[0m
[2.483s] [ 47%] Built target turtlebot3_shop_keeper_autogen
[2.498s] [35m[1mConsolidate compiler generated dependencies of target turtlebot3_shop_keeper[0m
[2.529s] [ 52%] [32mBuilding CXX object CMakeFiles/turtlebot3_shop_keeper.dir/turtlebot3_shop_keeper_autogen/mocs_compilation.cpp.o[0m
[2.534s] [ 57%] [32mBuilding CXX object CMakeFiles/turtlebot3_shop_keeper.dir/src/SensorProcessor.cpp.o[0m
[2.534s] [ 61%] [32mBuilding CXX object CMakeFiles/turtlebot3_shop_keeper.dir/src/MainWindow.cpp.o[0m
[2.535s] [ 66%] [32mBuilding CXX object CMakeFiles/turtlebot3_shop_keeper.dir/src/InventoryWaypointsNode.cpp.o[0m
[2.535s] [ 71%] [32mBuilding CXX object CMakeFiles/turtlebot3_shop_keeper.dir/src/main.cpp.o[0m
[4.443s] [ 76%] [32mBuilding CXX object CMakeFiles/turtlebot3_shop_keeper.dir/src/WaypointGenerator.cpp.o[0m
[13.398s] [ 80%] [32mBuilding CXX object CMakeFiles/turtlebot3_shop_keeper.dir/src/WaypointManager.cpp.o[0m
