[0.041s] Invoking command in '/home/lucaslapdoglinux/major_prok_ws/HardCodeHeroesMajorProject/build/turtlebot3_gazebo': CMAKE_PREFIX_PATH=${CMAKE_PREFIX_PATH}:/opt/ros/humble /usr/bin/cmake --build /home/lucaslapdoglinux/major_prok_ws/HardCodeHeroesMajorProject/build/turtlebot3_gazebo -- -j8 -l8
[0.178s] [35m[1mConsolidate compiler generated dependencies of target turtlebot3_shop_keeper[0m
[0.285s] [  8%] [32mBuilding CXX object CMakeFiles/turtlebot3_shop_keeper.dir/src/InventoryWaypointsNode.cpp.o[0m
[0.292s] [ 25%] Built target obstacles
[0.295s] [ 41%] Built target obstacle1
[0.295s] [ 58%] Built target obstacle2
[35.284s] [ 66%] [32m[1mLinking CXX executable turtlebot3_shop_keeper[0m
[37.920s] [100%] Built target turtlebot3_shop_keeper
[37.957s] Invoked command in '/home/lucaslapdoglinux/major_prok_ws/HardCodeHeroesMajorProject/build/turtlebot3_gazebo' returned '0': CMAKE_PREFIX_PATH=${CMAKE_PREFIX_PATH}:/opt/ros/humble /usr/bin/cmake --build /home/lucaslapdoglinux/major_prok_ws/HardCodeHeroesMajorProject/build/turtlebot3_gazebo -- -j8 -l8
[38.117s] Invoking command in '/home/lucaslapdoglinux/major_prok_ws/HardCodeHeroesMajorProject/build/turtlebot3_gazebo': CMAKE_PREFIX_PATH=${CMAKE_PREFIX_PATH}:/opt/ros/humble /usr/bin/cmake --install /home/lucaslapdoglinux/major_prok_ws/HardCodeHeroesMajorProject/build/turtlebot3_gazebo
[38.140s] -- Install configuration: ""
[38.142s] -- Installing: /home/lucaslapdoglinux/major_prok_ws/HardCodeHeroesMajorProject/install/turtlebot3_gazebo/lib/turtlebot3_gazebo/turtlebot3_shop_keeper
[38.163s] -- Set runtime path of "/home/lucaslapdoglinux/major_prok_ws/HardCodeHeroesMajorProject/install/turtlebot3_gazebo/lib/turtlebot3_gazebo/turtlebot3_shop_keeper" to ""
[38.164s] -- Up-to-date: /home/lucaslapdoglinux/major_prok_ws/HardCodeHeroesMajorProject/install/turtlebot3_gazebo/share/turtlebot3_gazebo//launch
[38.164s] -- Up-to-date: /home/lucaslapdoglinux/major_prok_ws/HardCodeHeroesMajorProject/install/turtlebot3_gazebo/share/turtlebot3_gazebo//launch/turtlebot3_world.launch.py
[38.165s] -- Up-to-date: /home/lucaslapdoglinux/major_prok_ws/HardCodeHeroesMajorProject/install/turtlebot3_gazebo/share/turtlebot3_gazebo//launch/box_world.launch.py
[38.166s] -- Up-to-date: /home/lucaslapdoglinux/major_prok_ws/HardCodeHeroesMajorProject/install/turtlebot3_gazebo/share/turtlebot3_gazebo//launch/turtlebot3_dqn_stage1.launch.py
[38.167s] -- Up-to-date: /home/lucaslapdoglinux/major_prok_ws/HardCodeHeroesMajorProject/install/turtlebot3_gazebo/share/turtlebot3_gazebo//launch/empty_world.launch.py
[38.167s] -- Up-to-date: /home/lucaslapdoglinux/major_prok_ws/HardCodeHeroesMajorProject/install/turtlebot3_gazebo/share/turtlebot3_gazebo//launch/__pycache__
[38.168s] -- Up-to-date: /home/lucaslapdoglinux/major_prok_ws/HardCodeHeroesMajorProject/install/turtlebot3_gazebo/share/turtlebot3_gazebo//launch/__pycache__/spawn_turtlebot3.launch.cpython-310.pyc
[38.168s] -- Up-to-date: /home/lucaslapdoglinux/major_prok_ws/HardCodeHeroesMajorProject/install/turtlebot3_gazebo/share/turtlebot3_gazebo//launch/__pycache__/empty_world.launch.cpython-310.pyc
[38.169s] -- Up-to-date: /home/lucaslapdoglinux/major_prok_ws/HardCodeHeroesMajorProject/install/turtlebot3_gazebo/share/turtlebot3_gazebo//launch/turtlebot3_house.launch.py
[38.169s] -- Up-to-date: /home/lucaslapdoglinux/major_prok_ws/HardCodeHeroesMajorProject/install/turtlebot3_gazebo/share/turtlebot3_gazebo//launch/turtlebot3_dqn_stage2.launch.py
[38.170s] -- Up-to-date: /home/lucaslapdoglinux/major_prok_ws/HardCodeHeroesMajorProject/install/turtlebot3_gazebo/share/turtlebot3_gazebo//launch/turtlebot3_dqn_stage4.launch.py
[38.170s] -- Up-to-date: /home/lucaslapdoglinux/major_prok_ws/HardCodeHeroesMajorProject/install/turtlebot3_gazebo/share/turtlebot3_gazebo//launch/turtlebot3_dqn_stage3.launch.py
[38.171s] -- Up-to-date: /home/lucaslapdoglinux/major_prok_ws/HardCodeHeroesMajorProject/install/turtlebot3_gazebo/share/turtlebot3_gazebo//launch/robot_state_publisher.launch.py
[38.172s] -- Up-to-date: /home/lucaslapdoglinux/major_prok_ws/HardCodeHeroesMajorProject/install/turtlebot3_gazebo/share/turtlebot3_gazebo//launch/spawn_turtlebot3.launch.py
[38.172s] -- Up-to-date: /home/lucaslapdoglinux/major_prok_ws/HardCodeHeroesMajorProject/install/turtlebot3_gazebo/share/turtlebot3_gazebo//launch/open_track_maze.launch.py
[38.173s] -- Up-to-date: /home/lucaslapdoglinux/major_prok_ws/HardCodeHeroesMajorProject/install/turtlebot3_gazebo/share/turtlebot3_gazebo//models
[38.173s] -- Up-to-date: /home/lucaslapdoglinux/major_prok_ws/HardCodeHeroesMajorProject/install/turtlebot3_gazebo/share/turtlebot3_gazebo//models/turtlebot3_house
[38.174s] -- Up-to-date: /home/lucaslapdoglinux/major_prok_ws/HardCodeHeroesMajorProject/install/turtlebot3_gazebo/share/turtlebot3_gazebo//models/turtlebot3_house/model.sdf
[38.174s] -- Up-to-date: /home/lucaslapdoglinux/major_prok_ws/HardCodeHeroesMajorProject/install/turtlebot3_gazebo/share/turtlebot3_gazebo//models/turtlebot3_house/model.config
[38.175s] -- Up-to-date: /home/lucaslapdoglinux/major_prok_ws/HardCodeHeroesMajorProject/install/turtlebot3_gazebo/share/turtlebot3_gazebo//models/turtlebot3_waffle
[38.175s] -- Up-to-date: /home/lucaslapdoglinux/major_prok_ws/HardCodeHeroesMajorProject/install/turtlebot3_gazebo/share/turtlebot3_gazebo//models/turtlebot3_waffle/model-1_4.sdf
[38.176s] -- Up-to-date: /home/lucaslapdoglinux/major_prok_ws/HardCodeHeroesMajorProject/install/turtlebot3_gazebo/share/turtlebot3_gazebo//models/turtlebot3_waffle/model.sdf
[38.176s] -- Up-to-date: /home/lucaslapdoglinux/major_prok_ws/HardCodeHeroesMajorProject/install/turtlebot3_gazebo/share/turtlebot3_gazebo//models/turtlebot3_waffle/model.config
[38.176s] -- Up-to-date: /home/lucaslapdoglinux/major_prok_ws/HardCodeHeroesMajorProject/install/turtlebot3_gazebo/share/turtlebot3_gazebo//models/turtlebot3_burger
[38.177s] -- Up-to-date: /home/lucaslapdoglinux/major_prok_ws/HardCodeHeroesMajorProject/install/turtlebot3_gazebo/share/turtlebot3_gazebo//models/turtlebot3_burger/model-1_4.sdf
[38.177s] -- Up-to-date: /home/lucaslapdoglinux/major_prok_ws/HardCodeHeroesMajorProject/install/turtlebot3_gazebo/share/turtlebot3_gazebo//models/turtlebot3_burger/model.sdf
[38.177s] -- Up-to-date: /home/lucaslapdoglinux/major_prok_ws/HardCodeHeroesMajorProject/install/turtlebot3_gazebo/share/turtlebot3_gazebo//models/turtlebot3_burger/model.config
[38.177s] -- Up-to-date: /home/lucaslapdoglinux/major_prok_ws/HardCodeHeroesMajorProject/install/turtlebot3_gazebo/share/turtlebot3_gazebo//models/turtlebot3_world
[38.178s] -- Up-to-date: /home/lucaslapdoglinux/major_prok_ws/HardCodeHeroesMajorProject/install/turtlebot3_gazebo/share/turtlebot3_gazebo//models/turtlebot3_world/model-1_4.sdf
[38.178s] -- Up-to-date: /home/lucaslapdoglinux/major_prok_ws/HardCodeHeroesMajorProject/install/turtlebot3_gazebo/share/turtlebot3_gazebo//models/turtlebot3_world/meshes
[38.178s] -- Up-to-date: /home/lucaslapdoglinux/major_prok_ws/HardCodeHeroesMajorProject/install/turtlebot3_gazebo/share/turtlebot3_gazebo//models/turtlebot3_world/meshes/hexagon.dae
[38.180s] -- Up-to-date: /home/lucaslapdoglinux/major_prok_ws/HardCodeHeroesMajorProject/install/turtlebot3_gazebo/share/turtlebot3_gazebo//models/turtlebot3_world/meshes/wall.dae
[38.182s] -- Up-to-date: /home/lucaslapdoglinux/major_prok_ws/HardCodeHeroesMajorProject/install/turtlebot3_gazebo/share/turtlebot3_gazebo//models/turtlebot3_world/model.sdf
[38.182s] -- Up-to-date: /home/lucaslapdoglinux/major_prok_ws/HardCodeHeroesMajorProject/install/turtlebot3_gazebo/share/turtlebot3_gazebo//models/turtlebot3_world/model.config
[38.183s] -- Up-to-date: /home/lucaslapdoglinux/major_prok_ws/HardCodeHeroesMajorProject/install/turtlebot3_gazebo/share/turtlebot3_gazebo//models/turtlebot3_waffle_pi
[38.183s] -- Up-to-date: /home/lucaslapdoglinux/major_prok_ws/HardCodeHeroesMajorProject/install/turtlebot3_gazebo/share/turtlebot3_gazebo//models/turtlebot3_waffle_pi/model-1_4_.sdf
[38.183s] -- Up-to-date: /home/lucaslapdoglinux/major_prok_ws/HardCodeHeroesMajorProject/install/turtlebot3_gazebo/share/turtlebot3_gazebo//models/turtlebot3_waffle_pi/model.sdf
[38.183s] -- Up-to-date: /home/lucaslapdoglinux/major_prok_ws/HardCodeHeroesMajorProject/install/turtlebot3_gazebo/share/turtlebot3_gazebo//models/turtlebot3_waffle_pi/model.config
[38.184s] -- Up-to-date: /home/lucaslapdoglinux/major_prok_ws/HardCodeHeroesMajorProject/install/turtlebot3_gazebo/share/turtlebot3_gazebo//models/turtlebot3_common
[38.184s] -- Up-to-date: /home/lucaslapdoglinux/major_prok_ws/HardCodeHeroesMajorProject/install/turtlebot3_gazebo/share/turtlebot3_gazebo//models/turtlebot3_common/meshes
[38.185s] -- Up-to-date: /home/lucaslapdoglinux/major_prok_ws/HardCodeHeroesMajorProject/install/turtlebot3_gazebo/share/turtlebot3_gazebo//models/turtlebot3_common/meshes/waffle_pi_base.dae
[38.186s] -- Up-to-date: /home/lucaslapdoglinux/major_prok_ws/HardCodeHeroesMajorProject/install/turtlebot3_gazebo/share/turtlebot3_gazebo//models/turtlebot3_common/meshes/tire.dae
[38.187s] -- Up-to-date: /home/lucaslapdoglinux/major_prok_ws/HardCodeHeroesMajorProject/install/turtlebot3_gazebo/share/turtlebot3_gazebo//models/turtlebot3_common/meshes/burger_base.dae
[38.188s] -- Up-to-date: /home/lucaslapdoglinux/major_prok_ws/HardCodeHeroesMajorProject/install/turtlebot3_gazebo/share/turtlebot3_gazebo//models/turtlebot3_common/meshes/lds.dae
[38.190s] -- Up-to-date: /home/lucaslapdoglinux/major_prok_ws/HardCodeHeroesMajorProject/install/turtlebot3_gazebo/share/turtlebot3_gazebo//models/turtlebot3_common/meshes/r200.dae
[38.192s] -- Up-to-date: /home/lucaslapdoglinux/major_prok_ws/HardCodeHeroesMajorProject/install/turtlebot3_gazebo/share/turtlebot3_gazebo//models/turtlebot3_common/meshes/waffle_base.dae
[38.192s] -- Up-to-date: /home/lucaslapdoglinux/major_prok_ws/HardCodeHeroesMajorProject/install/turtlebot3_gazebo/share/turtlebot3_gazebo//models/turtlebot3_common/model.config
[38.192s] -- Up-to-date: /home/lucaslapdoglinux/major_prok_ws/HardCodeHeroesMajorProject/install/turtlebot3_gazebo/share/turtlebot3_gazebo//models/turtlebot3_dqn_world
[38.193s] -- Up-to-date: /home/lucaslapdoglinux/major_prok_ws/HardCodeHeroesMajorProject/install/turtlebot3_gazebo/share/turtlebot3_gazebo//models/turtlebot3_dqn_world/obstacle1
[38.193s] -- Up-to-date: /home/lucaslapdoglinux/major_prok_ws/HardCodeHeroesMajorProject/install/turtlebot3_gazebo/share/turtlebot3_gazebo//models/turtlebot3_dqn_world/obstacle1/model.sdf
[38.194s] -- Up-to-date: /home/lucaslapdoglinux/major_prok_ws/HardCodeHeroesMajorProject/install/turtlebot3_gazebo/share/turtlebot3_gazebo//models/turtlebot3_dqn_world/obstacle1/model.config
[38.194s] -- Up-to-date: /home/lucaslapdoglinux/major_prok_ws/HardCodeHeroesMajorProject/install/turtlebot3_gazebo/share/turtlebot3_gazebo//models/turtlebot3_dqn_world/goal_box
[38.194s] -- Up-to-date: /home/lucaslapdoglinux/major_prok_ws/HardCodeHeroesMajorProject/install/turtlebot3_gazebo/share/turtlebot3_gazebo//models/turtlebot3_dqn_world/goal_box/model.sdf
[38.194s] -- Up-to-date: /home/lucaslapdoglinux/major_prok_ws/HardCodeHeroesMajorProject/install/turtlebot3_gazebo/share/turtlebot3_gazebo//models/turtlebot3_dqn_world/goal_box/model.config
[38.195s] -- Up-to-date: /home/lucaslapdoglinux/major_prok_ws/HardCodeHeroesMajorProject/install/turtlebot3_gazebo/share/turtlebot3_gazebo//models/turtlebot3_dqn_world/obstacle_plugin
[38.195s] -- Up-to-date: /home/lucaslapdoglinux/major_prok_ws/HardCodeHeroesMajorProject/install/turtlebot3_gazebo/share/turtlebot3_gazebo//models/turtlebot3_dqn_world/obstacle_plugin/CMakeLists.txt
[38.195s] -- Up-to-date: /home/lucaslapdoglinux/major_prok_ws/HardCodeHeroesMajorProject/install/turtlebot3_gazebo/share/turtlebot3_gazebo//models/turtlebot3_dqn_world/obstacle_plugin/obstacles.cc
[38.196s] -- Up-to-date: /home/lucaslapdoglinux/major_prok_ws/HardCodeHeroesMajorProject/install/turtlebot3_gazebo/share/turtlebot3_gazebo//models/turtlebot3_dqn_world/obstacle_plugin/obstacle1.cc
[38.196s] -- Up-to-date: /home/lucaslapdoglinux/major_prok_ws/HardCodeHeroesMajorProject/install/turtlebot3_gazebo/share/turtlebot3_gazebo//models/turtlebot3_dqn_world/obstacle_plugin/obstacle2.cc
[38.196s] -- Up-to-date: /home/lucaslapdoglinux/major_prok_ws/HardCodeHeroesMajorProject/install/turtlebot3_gazebo/share/turtlebot3_gazebo//models/turtlebot3_dqn_world/obstacle2
[38.196s] -- Up-to-date: /home/lucaslapdoglinux/major_prok_ws/HardCodeHeroesMajorProject/install/turtlebot3_gazebo/share/turtlebot3_gazebo//models/turtlebot3_dqn_world/obstacle2/model.sdf
[38.196s] -- Up-to-date: /home/lucaslapdoglinux/major_prok_ws/HardCodeHeroesMajorProject/install/turtlebot3_gazebo/share/turtlebot3_gazebo//models/turtlebot3_dqn_world/obstacle2/model.config
[38.197s] -- Up-to-date: /home/lucaslapdoglinux/major_prok_ws/HardCodeHeroesMajorProject/install/turtlebot3_gazebo/share/turtlebot3_gazebo//models/turtlebot3_dqn_world/inner_walls
[38.197s] -- Up-to-date: /home/lucaslapdoglinux/major_prok_ws/HardCodeHeroesMajorProject/install/turtlebot3_gazebo/share/turtlebot3_gazebo//models/turtlebot3_dqn_world/inner_walls/model.sdf
[38.197s] -- Up-to-date: /home/lucaslapdoglinux/major_prok_ws/HardCodeHeroesMajorProject/install/turtlebot3_gazebo/share/turtlebot3_gazebo//models/turtlebot3_dqn_world/inner_walls/model.config
[38.197s] -- Up-to-date: /home/lucaslapdoglinux/major_prok_ws/HardCodeHeroesMajorProject/install/turtlebot3_gazebo/share/turtlebot3_gazebo//models/turtlebot3_dqn_world/model.sdf
[38.198s] -- Up-to-date: /home/lucaslapdoglinux/major_prok_ws/HardCodeHeroesMajorProject/install/turtlebot3_gazebo/share/turtlebot3_gazebo//models/turtlebot3_dqn_world/model.config
[38.198s] -- Up-to-date: /home/lucaslapdoglinux/major_prok_ws/HardCodeHeroesMajorProject/install/turtlebot3_gazebo/share/turtlebot3_gazebo//models/turtlebot3_dqn_world/obstacles
[38.199s] -- Up-to-date: /home/lucaslapdoglinux/major_prok_ws/HardCodeHeroesMajorProject/install/turtlebot3_gazebo/share/turtlebot3_gazebo//models/turtlebot3_dqn_world/obstacles/model.sdf
[38.199s] -- Up-to-date: /home/lucaslapdoglinux/major_prok_ws/HardCodeHeroesMajorProject/install/turtlebot3_gazebo/share/turtlebot3_gazebo//models/turtlebot3_dqn_world/obstacles/model.config
[38.199s] -- Up-to-date: /home/lucaslapdoglinux/major_prok_ws/HardCodeHeroesMajorProject/install/turtlebot3_gazebo/share/turtlebot3_gazebo//rviz
[38.200s] -- Up-to-date: /home/lucaslapdoglinux/major_prok_ws/HardCodeHeroesMajorProject/install/turtlebot3_gazebo/share/turtlebot3_gazebo//rviz/tb3_gazebo.rviz
[38.200s] -- Up-to-date: /home/lucaslapdoglinux/major_prok_ws/HardCodeHeroesMajorProject/install/turtlebot3_gazebo/share/turtlebot3_gazebo//urdf
[38.201s] -- Up-to-date: /home/lucaslapdoglinux/major_prok_ws/HardCodeHeroesMajorProject/install/turtlebot3_gazebo/share/turtlebot3_gazebo//urdf/turtlebot3_waffle.urdf
[38.201s] -- Up-to-date: /home/lucaslapdoglinux/major_prok_ws/HardCodeHeroesMajorProject/install/turtlebot3_gazebo/share/turtlebot3_gazebo//urdf/turtlebot3_waffle_pi.urdf
[38.202s] -- Up-to-date: /home/lucaslapdoglinux/major_prok_ws/HardCodeHeroesMajorProject/install/turtlebot3_gazebo/share/turtlebot3_gazebo//urdf/turtlebot3_burger.urdf
[38.203s] -- Up-to-date: /home/lucaslapdoglinux/major_prok_ws/HardCodeHeroesMajorProject/install/turtlebot3_gazebo/share/turtlebot3_gazebo//urdf/common_properties.urdf
[38.204s] -- Up-to-date: /home/lucaslapdoglinux/major_prok_ws/HardCodeHeroesMajorProject/install/turtlebot3_gazebo/share/turtlebot3_gazebo//worlds
[38.206s] -- Up-to-date: /home/lucaslapdoglinux/major_prok_ws/HardCodeHeroesMajorProject/install/turtlebot3_gazebo/share/turtlebot3_gazebo//worlds/turtlebot3_dqn_stage4.world
[38.207s] -- Up-to-date: /home/lucaslapdoglinux/major_prok_ws/HardCodeHeroesMajorProject/install/turtlebot3_gazebo/share/turtlebot3_gazebo//worlds/turtlebot3_world.world
[38.209s] -- Up-to-date: /home/lucaslapdoglinux/major_prok_ws/HardCodeHeroesMajorProject/install/turtlebot3_gazebo/share/turtlebot3_gazebo//worlds/open_track_maze.world
[38.210s] -- Up-to-date: /home/lucaslapdoglinux/major_prok_ws/HardCodeHeroesMajorProject/install/turtlebot3_gazebo/share/turtlebot3_gazebo//worlds/turtlebot3_house.world
[38.210s] -- Up-to-date: /home/lucaslapdoglinux/major_prok_ws/HardCodeHeroesMajorProject/install/turtlebot3_gazebo/share/turtlebot3_gazebo//worlds/turtlebot3_dqn_stage2.world
[38.211s] -- Up-to-date: /home/lucaslapdoglinux/major_prok_ws/HardCodeHeroesMajorProject/install/turtlebot3_gazebo/share/turtlebot3_gazebo//worlds/empty_world.world
[38.212s] -- Up-to-date: /home/lucaslapdoglinux/major_prok_ws/HardCodeHeroesMajorProject/install/turtlebot3_gazebo/share/turtlebot3_gazebo//worlds/box_world.world
[38.213s] -- Up-to-date: /home/lucaslapdoglinux/major_prok_ws/HardCodeHeroesMajorProject/install/turtlebot3_gazebo/share/turtlebot3_gazebo//worlds/turtlebot3_dqn_stage3.world
[38.214s] -- Up-to-date: /home/lucaslapdoglinux/major_prok_ws/HardCodeHeroesMajorProject/install/turtlebot3_gazebo/share/turtlebot3_gazebo//worlds/turtlebot3_dqn_stage1.world
[38.214s] -- Up-to-date: /home/lucaslapdoglinux/major_prok_ws/HardCodeHeroesMajorProject/install/turtlebot3_gazebo/share/turtlebot3_gazebo//worlds/open_track_ls.world
[38.215s] -- Up-to-date: /home/lucaslapdoglinux/major_prok_ws/HardCodeHeroesMajorProject/install/turtlebot3_gazebo/include/
[38.215s] -- Up-to-date: /home/lucaslapdoglinux/major_prok_ws/HardCodeHeroesMajorProject/install/turtlebot3_gazebo/include//WaypointManager.hpp
[38.216s] -- Up-to-date: /home/lucaslapdoglinux/major_prok_ws/HardCodeHeroesMajorProject/install/turtlebot3_gazebo/include//InventoryWaypointsNode.hpp
[38.216s] -- Up-to-date: /home/lucaslapdoglinux/major_prok_ws/HardCodeHeroesMajorProject/install/turtlebot3_gazebo/include//Constants.hpp
[38.216s] -- Up-to-date: /home/lucaslapdoglinux/major_prok_ws/HardCodeHeroesMajorProject/install/turtlebot3_gazebo/include//WaypointGenerator.hpp
[38.217s] -- Up-to-date: /home/lucaslapdoglinux/major_prok_ws/HardCodeHeroesMajorProject/install/turtlebot3_gazebo/include//SensorProcessor.hpp
[38.217s] -- Up-to-date: /home/lucaslapdoglinux/major_prok_ws/HardCodeHeroesMajorProject/install/turtlebot3_gazebo/share/ament_index/resource_index/package_run_dependencies/turtlebot3_gazebo
[38.218s] -- Up-to-date: /home/lucaslapdoglinux/major_prok_ws/HardCodeHeroesMajorProject/install/turtlebot3_gazebo/share/ament_index/resource_index/parent_prefix_path/turtlebot3_gazebo
[38.219s] -- Up-to-date: /home/lucaslapdoglinux/major_prok_ws/HardCodeHeroesMajorProject/install/turtlebot3_gazebo/share/turtlebot3_gazebo/environment/ament_prefix_path.sh
[38.220s] -- Up-to-date: /home/lucaslapdoglinux/major_prok_ws/HardCodeHeroesMajorProject/install/turtlebot3_gazebo/share/turtlebot3_gazebo/environment/ament_prefix_path.dsv
[38.220s] -- Up-to-date: /home/lucaslapdoglinux/major_prok_ws/HardCodeHeroesMajorProject/install/turtlebot3_gazebo/share/turtlebot3_gazebo/environment/path.sh
[38.221s] -- Up-to-date: /home/lucaslapdoglinux/major_prok_ws/HardCodeHeroesMajorProject/install/turtlebot3_gazebo/share/turtlebot3_gazebo/environment/path.dsv
[38.222s] -- Up-to-date: /home/lucaslapdoglinux/major_prok_ws/HardCodeHeroesMajorProject/install/turtlebot3_gazebo/share/turtlebot3_gazebo/local_setup.bash
[38.223s] -- Up-to-date: /home/lucaslapdoglinux/major_prok_ws/HardCodeHeroesMajorProject/install/turtlebot3_gazebo/share/turtlebot3_gazebo/local_setup.sh
[38.223s] -- Up-to-date: /home/lucaslapdoglinux/major_prok_ws/HardCodeHeroesMajorProject/install/turtlebot3_gazebo/share/turtlebot3_gazebo/local_setup.zsh
[38.224s] -- Up-to-date: /home/lucaslapdoglinux/major_prok_ws/HardCodeHeroesMajorProject/install/turtlebot3_gazebo/share/turtlebot3_gazebo/local_setup.dsv
[38.224s] -- Installing: /home/lucaslapdoglinux/major_prok_ws/HardCodeHeroesMajorProject/install/turtlebot3_gazebo/share/turtlebot3_gazebo/package.dsv
[38.225s] -- Up-to-date: /home/lucaslapdoglinux/major_prok_ws/HardCodeHeroesMajorProject/install/turtlebot3_gazebo/share/ament_index/resource_index/packages/turtlebot3_gazebo
[38.225s] -- Up-to-date: /home/lucaslapdoglinux/major_prok_ws/HardCodeHeroesMajorProject/install/turtlebot3_gazebo/share/turtlebot3_gazebo/cmake/ament_cmake_export_include_directories-extras.cmake
[38.225s] -- Up-to-date: /home/lucaslapdoglinux/major_prok_ws/HardCodeHeroesMajorProject/install/turtlebot3_gazebo/share/turtlebot3_gazebo/cmake/ament_cmake_export_dependencies-extras.cmake
[38.226s] -- Up-to-date: /home/lucaslapdoglinux/major_prok_ws/HardCodeHeroesMajorProject/install/turtlebot3_gazebo/share/turtlebot3_gazebo/cmake/turtlebot3_gazeboConfig.cmake
[38.226s] -- Up-to-date: /home/lucaslapdoglinux/major_prok_ws/HardCodeHeroesMajorProject/install/turtlebot3_gazebo/share/turtlebot3_gazebo/cmake/turtlebot3_gazeboConfig-version.cmake
[38.226s] -- Up-to-date: /home/lucaslapdoglinux/major_prok_ws/HardCodeHeroesMajorProject/install/turtlebot3_gazebo/share/turtlebot3_gazebo/package.xml
[38.227s] Invoked command in '/home/lucaslapdoglinux/major_prok_ws/HardCodeHeroesMajorProject/build/turtlebot3_gazebo' returned '0': CMAKE_PREFIX_PATH=${CMAKE_PREFIX_PATH}:/opt/ros/humble /usr/bin/cmake --install /home/lucaslapdoglinux/major_prok_ws/HardCodeHeroesMajorProject/build/turtlebot3_gazebo
