[0.051s] Invoking command in '/home/lucaslapdoglinux/major_prok_ws/HardCodeHeroesMajorProject/build/turtlebot3_navigation': CMAKE_PREFIX_PATH=${CMAKE_PREFIX_PATH}:/home/lucaslapdoglinux/turtlebot3_ws/install/turtlebot3_teleop:/home/lucaslapdoglinux/turtlebot3_ws/install/turtlebot3_example:/home/lucaslapdoglinux/ros2_practice_ws/install/robot_math:/home/lucaslapdoglinux/ros2_practice_ws/ros2_learners/install/robot_math:/opt/ros/humble /usr/bin/cmake --build /home/lucaslapdoglinux/major_prok_ws/HardCodeHeroesMajorProject/build/turtlebot3_navigation -- -j8 -l8
[0.127s] -- Found ament_cmake: 1.3.10 (/opt/ros/humble/share/ament_cmake/cmake)
[0.648s] [33mCMake Warning (dev) at /usr/share/cmake-3.22/Modules/FindPackageHandleStandardArgs.cmake:438 (message):
[0.649s]   The package name passed to `find_package_handle_standard_args` (PkgConfig)
[0.649s]   does not match the name of the calling package (gazebo).  This can lead to
[0.649s]   problems in calling code that expects `find_package` result variables
[0.649s]   (e.g., `_FOUND`) to follow a certain pattern.
[0.649s] Call Stack (most recent call first):
[0.650s]   /usr/share/cmake-3.22/Modules/FindPkgConfig.cmake:99 (find_package_handle_standard_args)
[0.650s]   /usr/lib/x86_64-linux-gnu/cmake/gazebo/gazebo-config.cmake:72 (include)
[0.650s]   CMakeLists.txt:20 (find_package)
[0.650s] This warning is for project developers.  Use -Wno-dev to suppress it.
[0.650s] [0m
[0.707s] -- Found DART: /usr/include (Required is at least version "6.6") found components: dart 
[0.807s] -- Found Protobuf: /usr/lib/x86_64-linux-gnu/libprotobuf.so (found version "3.12.4") 
[0.814s] -- Looking for ignition-math6 -- found version 6.15.1
[0.835s] -- Searching for dependencies of ignition-math6
[0.839s] -- Looking for OGRE...
[0.862s] -- Found Ogre Ghadamon (1.9.0)
[0.863s] -- Found OGRE: optimized;/usr/lib/x86_64-linux-gnu/libOgreMain.so;debug;/usr/lib/x86_64-linux-gnu/libOgreMain.so
[0.896s] -- Looking for OGRE_Paging...
[0.896s] -- Found OGRE_Paging: optimized;/usr/lib/x86_64-linux-gnu/libOgrePaging.so;debug;/usr/lib/x86_64-linux-gnu/libOgrePaging.so
[0.898s] -- Looking for OGRE_Terrain...
[0.899s] -- Found OGRE_Terrain: optimized;/usr/lib/x86_64-linux-gnu/libOgreTerrain.so;debug;/usr/lib/x86_64-linux-gnu/libOgreTerrain.so
[0.899s] -- Looking for OGRE_Property...
[0.899s] -- Found OGRE_Property: optimized;/usr/lib/x86_64-linux-gnu/libOgreProperty.so;debug;/usr/lib/x86_64-linux-gnu/libOgreProperty.so
[0.900s] -- Looking for OGRE_RTShaderSystem...
[0.900s] -- Found OGRE_RTShaderSystem: optimized;/usr/lib/x86_64-linux-gnu/libOgreRTShaderSystem.so;debug;/usr/lib/x86_64-linux-gnu/libOgreRTShaderSystem.so
[0.903s] -- Looking for OGRE_Volume...
[0.904s] -- Found OGRE_Volume: optimized;/usr/lib/x86_64-linux-gnu/libOgreVolume.so;debug;/usr/lib/x86_64-linux-gnu/libOgreVolume.so
[0.904s] -- Looking for OGRE_Overlay...
[0.904s] -- Found OGRE_Overlay: optimized;/usr/lib/x86_64-linux-gnu/libOgreOverlay.so;debug;/usr/lib/x86_64-linux-gnu/libOgreOverlay.so
[2.020s] -- Looking for ignition-math6 -- found version 6.15.1
[2.022s] -- Looking for ignition-transport8 -- found version 8.2.1
[2.024s] -- Searching for dependencies of ignition-transport8
[2.119s] -- Found Protobuf: /usr/lib/x86_64-linux-gnu/libprotobuf.so (found suitable version "3.12.4", minimum required is "3") 
[2.192s] -- Config-file not installed for ZeroMQ -- checking for pkg-config
[2.210s] -- Checking for module 'libzmq >= 4'
[2.286s] --   Found libzmq , version 4.3.4
[2.495s] -- Checking for module 'uuid'
[2.572s] --   Found uuid, version 2.37.2
[2.759s] -- Looking for ignition-msgs5 -- found version 5.8.1
[2.764s] -- Searching for dependencies of ignition-msgs5
[2.900s] -- Looking for ignition-math6 -- found version 6.15.1
[2.925s] -- Checking for module 'tinyxml2'
[3.015s] --   Found tinyxml2, version 9.0.0
[3.227s] -- Looking for ignition-msgs5 -- found version 5.8.1
[3.231s] -- Looking for ignition-common3 -- found version 3.14.0
[3.233s] -- Searching for dependencies of ignition-common3
[3.236s] -- Looking for dlfcn.h - found
[3.237s] -- Looking for libdl - found
[3.315s] -- Searching for <ignition-common3> component [graphics]
[3.320s] -- Looking for ignition-common3-graphics -- found version 3.14.0
[3.335s] -- Searching for dependencies of ignition-common3-graphics
[3.339s] -- Looking for ignition-math6 -- found version 6.15.1
[3.354s] -- Looking for ignition-fuel_tools4 -- found version 4.4.0
[3.362s] -- Searching for dependencies of ignition-fuel_tools4
[3.604s] -- Checking for module 'jsoncpp'
[3.691s] --   Found jsoncpp, version 1.9.5
[3.912s] -- Checking for module 'libzip'
[3.994s] --   Found libzip, version 1.7.3
[4.174s] -- Looking for ignition-common3 -- found version 3.14.0
[4.180s] -- Looking for ignition-math6 -- found version 6.15.1
[4.181s] -- Looking for ignition-msgs5 -- found version 5.8.1
[4.201s] -- Found gazebo_ros_pkgs: 3.7.0 (/opt/ros/humble/share/gazebo_ros_pkgs/cmake)
[4.202s] -- Found geometry_msgs: 4.2.4 (/opt/ros/humble/share/geometry_msgs/cmake)
[4.366s] -- Found rosidl_generator_c: 3.1.5 (/opt/ros/humble/share/rosidl_generator_c/cmake)
[4.385s] -- Found rosidl_adapter: 3.1.5 (/opt/ros/humble/share/rosidl_adapter/cmake)
[4.436s] -- Found rosidl_generator_cpp: 3.1.5 (/opt/ros/humble/share/rosidl_generator_cpp/cmake)
[4.535s] -- Using all available rosidl_typesupport_c: rosidl_typesupport_fastrtps_c;rosidl_typesupport_introspection_c
[4.675s] -- Using all available rosidl_typesupport_cpp: rosidl_typesupport_fastrtps_cpp;rosidl_typesupport_introspection_cpp
[4.952s] -- Found nav_msgs: 4.2.4 (/opt/ros/humble/share/nav_msgs/cmake)
[5.053s] -- Found nav2_msgs: 1.1.16 (/opt/ros/humble/share/nav2_msgs/cmake)
[5.219s] gmake: *** [Makefile:321: cmake_check_build_system] Interrupt
[5.224s] Invoked command in '/home/lucaslapdoglinux/major_prok_ws/HardCodeHeroesMajorProject/build/turtlebot3_navigation' returned '-2': CMAKE_PREFIX_PATH=${CMAKE_PREFIX_PATH}:/home/lucaslapdoglinux/turtlebot3_ws/install/turtlebot3_teleop:/home/lucaslapdoglinux/turtlebot3_ws/install/turtlebot3_example:/home/lucaslapdoglinux/ros2_practice_ws/install/robot_math:/home/lucaslapdoglinux/ros2_practice_ws/ros2_learners/install/robot_math:/opt/ros/humble /usr/bin/cmake --build /home/lucaslapdoglinux/major_prok_ws/HardCodeHeroesMajorProject/build/turtlebot3_navigation -- -j8 -l8
