[0.114s] DEBUG:colcon:Command line arguments: ['/usr/bin/colcon', 'build', '--allow-overriding', 'turtlebot3_gazebo']
[0.114s] DEBUG:colcon:Parsed command line arguments: Namespace(log_base=None, log_level=None, verb_name='build', build_base='build', install_base='install', merge_install=False, symlink_install=False, test_result_base=None, continue_on_error=False, executor='parallel', parallel_workers=8, event_handlers=None, ignore_user_meta=False, metas=['./colcon.meta'], base_paths=['.'], packages_ignore=None, packages_ignore_regex=None, paths=None, packages_up_to=None, packages_up_to_regex=None, packages_above=None, packages_above_and_dependencies=None, packages_above_depth=None, packages_select_by_dep=None, packages_skip_by_dep=None, packages_skip_up_to=None, packages_select_build_failed=False, packages_skip_build_finished=False, packages_select_test_failures=False, packages_skip_test_passed=False, packages_select=None, packages_skip=None, packages_select_regex=None, packages_skip_regex=None, packages_start=None, packages_end=None, allow_overriding=['turtlebot3_gazebo'], cmake_args=None, cmake_target=None, cmake_target_skip_unavailable=False, cmake_clean_cache=False, cmake_clean_first=False, cmake_force_configure=False, ament_cmake_args=None, catkin_cmake_args=None, catkin_skip_building_tests=False, mixin_files=None, mixin=None, verb_parser=<colcon_mixin.mixin.mixin_argument.MixinArgumentDecorator object at 0x78249cb27d60>, verb_extension=<colcon_core.verb.build.BuildVerb object at 0x78249cb278b0>, main=<bound method BuildVerb.main of <colcon_core.verb.build.BuildVerb object at 0x78249cb278b0>>, mixin_verb=('build',))
[0.307s] Level 1:colcon.colcon_core.package_discovery:discover_packages(colcon_meta) check parameters
[0.307s] Level 1:colcon.colcon_core.package_discovery:discover_packages(recursive) check parameters
[0.307s] Level 1:colcon.colcon_core.package_discovery:discover_packages(ignore) check parameters
[0.307s] Level 1:colcon.colcon_core.package_discovery:discover_packages(path) check parameters
[0.307s] Level 1:colcon.colcon_core.package_discovery:discover_packages(colcon_meta) discover
[0.307s] Level 1:colcon.colcon_core.package_discovery:discover_packages(recursive) discover
[0.307s] INFO:colcon.colcon_core.package_discovery:Crawling recursively for packages in '/home/lucaslapdoglinux/major_prok_ws/HardCodeHeroesMajorProject'
[0.308s] Level 1:colcon.colcon_core.package_identification:_identify(.) by extensions ['ignore', 'ignore_ament_install']
[0.308s] Level 1:colcon.colcon_core.package_identification:_identify(.) by extension 'ignore'
[0.308s] Level 1:colcon.colcon_core.package_identification:_identify(.) by extension 'ignore_ament_install'
[0.308s] Level 1:colcon.colcon_core.package_identification:_identify(.) by extensions ['colcon_pkg']
[0.308s] Level 1:colcon.colcon_core.package_identification:_identify(.) by extension 'colcon_pkg'
[0.308s] Level 1:colcon.colcon_core.package_identification:_identify(.) by extensions ['colcon_meta']
[0.308s] Level 1:colcon.colcon_core.package_identification:_identify(.) by extension 'colcon_meta'
[0.308s] Level 1:colcon.colcon_core.package_identification:_identify(.) by extensions ['ros']
[0.308s] Level 1:colcon.colcon_core.package_identification:_identify(.) by extension 'ros'
[0.319s] Level 1:colcon.colcon_core.package_identification:_identify(.) by extensions ['cmake', 'python']
[0.319s] Level 1:colcon.colcon_core.package_identification:_identify(.) by extension 'cmake'
[0.319s] Level 1:colcon.colcon_core.package_identification:_identify(.) by extension 'python'
[0.319s] Level 1:colcon.colcon_core.package_identification:_identify(.) by extensions ['python_setup_py']
[0.319s] Level 1:colcon.colcon_core.package_identification:_identify(.) by extension 'python_setup_py'
[0.319s] Level 1:colcon.colcon_core.package_identification:_identify(Meeting_minutes) by extensions ['ignore', 'ignore_ament_install']
[0.319s] Level 1:colcon.colcon_core.package_identification:_identify(Meeting_minutes) by extension 'ignore'
[0.320s] Level 1:colcon.colcon_core.package_identification:_identify(Meeting_minutes) by extension 'ignore_ament_install'
[0.320s] Level 1:colcon.colcon_core.package_identification:_identify(Meeting_minutes) by extensions ['colcon_pkg']
[0.320s] Level 1:colcon.colcon_core.package_identification:_identify(Meeting_minutes) by extension 'colcon_pkg'
[0.320s] Level 1:colcon.colcon_core.package_identification:_identify(Meeting_minutes) by extensions ['colcon_meta']
[0.320s] Level 1:colcon.colcon_core.package_identification:_identify(Meeting_minutes) by extension 'colcon_meta'
[0.320s] Level 1:colcon.colcon_core.package_identification:_identify(Meeting_minutes) by extensions ['ros']
[0.320s] Level 1:colcon.colcon_core.package_identification:_identify(Meeting_minutes) by extension 'ros'
[0.320s] Level 1:colcon.colcon_core.package_identification:_identify(Meeting_minutes) by extensions ['cmake', 'python']
[0.320s] Level 1:colcon.colcon_core.package_identification:_identify(Meeting_minutes) by extension 'cmake'
[0.320s] Level 1:colcon.colcon_core.package_identification:_identify(Meeting_minutes) by extension 'python'
[0.320s] Level 1:colcon.colcon_core.package_identification:_identify(Meeting_minutes) by extensions ['python_setup_py']
[0.321s] Level 1:colcon.colcon_core.package_identification:_identify(Meeting_minutes) by extension 'python_setup_py'
[0.321s] Level 1:colcon.colcon_core.package_identification:_identify(build) by extensions ['ignore', 'ignore_ament_install']
[0.321s] Level 1:colcon.colcon_core.package_identification:_identify(build) by extension 'ignore'
[0.321s] Level 1:colcon.colcon_core.package_identification:_identify(build) ignored
[0.321s] Level 1:colcon.colcon_core.package_identification:_identify(install) by extensions ['ignore', 'ignore_ament_install']
[0.321s] Level 1:colcon.colcon_core.package_identification:_identify(install) by extension 'ignore'
[0.321s] Level 1:colcon.colcon_core.package_identification:_identify(install) ignored
[0.322s] Level 1:colcon.colcon_core.package_identification:_identify(log) by extensions ['ignore', 'ignore_ament_install']
[0.322s] Level 1:colcon.colcon_core.package_identification:_identify(log) by extension 'ignore'
[0.322s] Level 1:colcon.colcon_core.package_identification:_identify(log) ignored
[0.322s] Level 1:colcon.colcon_core.package_identification:_identify(turtlebot3_gazebo) by extensions ['ignore', 'ignore_ament_install']
[0.322s] Level 1:colcon.colcon_core.package_identification:_identify(turtlebot3_gazebo) by extension 'ignore'
[0.322s] Level 1:colcon.colcon_core.package_identification:_identify(turtlebot3_gazebo) by extension 'ignore_ament_install'
[0.322s] Level 1:colcon.colcon_core.package_identification:_identify(turtlebot3_gazebo) by extensions ['colcon_pkg']
[0.322s] Level 1:colcon.colcon_core.package_identification:_identify(turtlebot3_gazebo) by extension 'colcon_pkg'
[0.322s] Level 1:colcon.colcon_core.package_identification:_identify(turtlebot3_gazebo) by extensions ['colcon_meta']
[0.322s] Level 1:colcon.colcon_core.package_identification:_identify(turtlebot3_gazebo) by extension 'colcon_meta'
[0.322s] Level 1:colcon.colcon_core.package_identification:_identify(turtlebot3_gazebo) by extensions ['ros']
[0.322s] Level 1:colcon.colcon_core.package_identification:_identify(turtlebot3_gazebo) by extension 'ros'
[0.334s] DEBUG:colcon.colcon_core.package_identification:Package 'turtlebot3_gazebo' with type 'ros.ament_cmake' and name 'turtlebot3_gazebo'
[0.335s] Level 1:colcon.colcon_core.package_identification:_identify(turtlebot3_navigation) by extensions ['ignore', 'ignore_ament_install']
[0.335s] Level 1:colcon.colcon_core.package_identification:_identify(turtlebot3_navigation) by extension 'ignore'
[0.335s] Level 1:colcon.colcon_core.package_identification:_identify(turtlebot3_navigation) by extension 'ignore_ament_install'
[0.335s] Level 1:colcon.colcon_core.package_identification:_identify(turtlebot3_navigation) by extensions ['colcon_pkg']
[0.335s] Level 1:colcon.colcon_core.package_identification:_identify(turtlebot3_navigation) by extension 'colcon_pkg'
[0.335s] Level 1:colcon.colcon_core.package_identification:_identify(turtlebot3_navigation) by extensions ['colcon_meta']
[0.335s] Level 1:colcon.colcon_core.package_identification:_identify(turtlebot3_navigation) by extension 'colcon_meta'
[0.335s] Level 1:colcon.colcon_core.package_identification:_identify(turtlebot3_navigation) by extensions ['ros']
[0.335s] Level 1:colcon.colcon_core.package_identification:_identify(turtlebot3_navigation) by extension 'ros'
[0.337s] DEBUG:colcon.colcon_core.package_identification:Package 'turtlebot3_navigation' with type 'ros.ament_cmake' and name 'turtlebot3_navigation'
[0.337s] Level 1:colcon.colcon_core.package_discovery:discover_packages(recursive) using defaults
[0.337s] Level 1:colcon.colcon_core.package_discovery:discover_packages(ignore) discover
[0.337s] Level 1:colcon.colcon_core.package_discovery:discover_packages(ignore) using defaults
[0.337s] Level 1:colcon.colcon_core.package_discovery:discover_packages(path) discover
[0.337s] Level 1:colcon.colcon_core.package_discovery:discover_packages(path) using defaults
[0.365s] Level 1:colcon.colcon_core.package_discovery:discover_packages(prefix_path) check parameters
[0.365s] Level 1:colcon.colcon_core.package_discovery:discover_packages(prefix_path) discover
[0.370s] DEBUG:colcon.colcon_installed_package_information.package_discovery:Found 12 installed packages in /home/lucaslapdoglinux/turtlebot3_ws/install
[0.370s] DEBUG:colcon.colcon_installed_package_information.package_discovery:Found 2 installed packages in /home/lucaslapdoglinux/major_prok_ws/install
[0.371s] DEBUG:colcon.colcon_installed_package_information.package_discovery:Found 6 installed packages in /home/lucaslapdoglinux/ros2_practice_ws/install
[0.371s] DEBUG:colcon.colcon_installed_package_information.package_discovery:Found 6 installed packages in /home/lucaslapdoglinux/ros2_practice_ws/ros2_learners/install
[0.374s] DEBUG:colcon.colcon_installed_package_information.package_discovery:Found 485 installed packages in /opt/ros/humble
[0.380s] Level 1:colcon.colcon_core.package_discovery:discover_packages(prefix_path) using defaults
[0.444s] Level 5:colcon.colcon_core.verb:set package 'turtlebot3_gazebo' build argument 'cmake_args' from command line to 'None'
[0.444s] Level 5:colcon.colcon_core.verb:set package 'turtlebot3_gazebo' build argument 'cmake_target' from command line to 'None'
[0.444s] Level 5:colcon.colcon_core.verb:set package 'turtlebot3_gazebo' build argument 'cmake_target_skip_unavailable' from command line to 'False'
[0.444s] Level 5:colcon.colcon_core.verb:set package 'turtlebot3_gazebo' build argument 'cmake_clean_cache' from command line to 'False'
[0.444s] Level 5:colcon.colcon_core.verb:set package 'turtlebot3_gazebo' build argument 'cmake_clean_first' from command line to 'False'
[0.444s] Level 5:colcon.colcon_core.verb:set package 'turtlebot3_gazebo' build argument 'cmake_force_configure' from command line to 'False'
[0.444s] Level 5:colcon.colcon_core.verb:set package 'turtlebot3_gazebo' build argument 'ament_cmake_args' from command line to 'None'
[0.444s] Level 5:colcon.colcon_core.verb:set package 'turtlebot3_gazebo' build argument 'catkin_cmake_args' from command line to 'None'
[0.444s] Level 5:colcon.colcon_core.verb:set package 'turtlebot3_gazebo' build argument 'catkin_skip_building_tests' from command line to 'False'
[0.444s] DEBUG:colcon.colcon_core.verb:Building package 'turtlebot3_gazebo' with the following arguments: {'ament_cmake_args': None, 'build_base': '/home/lucaslapdoglinux/major_prok_ws/HardCodeHeroesMajorProject/build/turtlebot3_gazebo', 'catkin_cmake_args': None, 'catkin_skip_building_tests': False, 'cmake_args': None, 'cmake_clean_cache': False, 'cmake_clean_first': False, 'cmake_force_configure': False, 'cmake_target': None, 'cmake_target_skip_unavailable': False, 'install_base': '/home/lucaslapdoglinux/major_prok_ws/HardCodeHeroesMajorProject/install/turtlebot3_gazebo', 'merge_install': False, 'path': '/home/lucaslapdoglinux/major_prok_ws/HardCodeHeroesMajorProject/turtlebot3_gazebo', 'symlink_install': False, 'test_result_base': None}
[0.444s] Level 5:colcon.colcon_core.verb:set package 'turtlebot3_navigation' build argument 'cmake_args' from command line to 'None'
[0.444s] Level 5:colcon.colcon_core.verb:set package 'turtlebot3_navigation' build argument 'cmake_target' from command line to 'None'
[0.444s] Level 5:colcon.colcon_core.verb:set package 'turtlebot3_navigation' build argument 'cmake_target_skip_unavailable' from command line to 'False'
[0.445s] Level 5:colcon.colcon_core.verb:set package 'turtlebot3_navigation' build argument 'cmake_clean_cache' from command line to 'False'
[0.445s] Level 5:colcon.colcon_core.verb:set package 'turtlebot3_navigation' build argument 'cmake_clean_first' from command line to 'False'
[0.445s] Level 5:colcon.colcon_core.verb:set package 'turtlebot3_navigation' build argument 'cmake_force_configure' from command line to 'False'
[0.445s] Level 5:colcon.colcon_core.verb:set package 'turtlebot3_navigation' build argument 'ament_cmake_args' from command line to 'None'
[0.445s] Level 5:colcon.colcon_core.verb:set package 'turtlebot3_navigation' build argument 'catkin_cmake_args' from command line to 'None'
[0.445s] Level 5:colcon.colcon_core.verb:set package 'turtlebot3_navigation' build argument 'catkin_skip_building_tests' from command line to 'False'
[0.445s] DEBUG:colcon.colcon_core.verb:Building package 'turtlebot3_navigation' with the following arguments: {'ament_cmake_args': None, 'build_base': '/home/lucaslapdoglinux/major_prok_ws/HardCodeHeroesMajorProject/build/turtlebot3_navigation', 'catkin_cmake_args': None, 'catkin_skip_building_tests': False, 'cmake_args': None, 'cmake_clean_cache': False, 'cmake_clean_first': False, 'cmake_force_configure': False, 'cmake_target': None, 'cmake_target_skip_unavailable': False, 'install_base': '/home/lucaslapdoglinux/major_prok_ws/HardCodeHeroesMajorProject/install/turtlebot3_navigation', 'merge_install': False, 'path': '/home/lucaslapdoglinux/major_prok_ws/HardCodeHeroesMajorProject/turtlebot3_navigation', 'symlink_install': False, 'test_result_base': None}
[0.445s] INFO:colcon.colcon_core.executor:Executing jobs using 'parallel' executor
[0.446s] DEBUG:colcon.colcon_parallel_executor.executor.parallel:run_until_complete
[0.446s] INFO:colcon.colcon_ros.task.ament_cmake.build:Building ROS package in '/home/lucaslapdoglinux/major_prok_ws/HardCodeHeroesMajorProject/turtlebot3_gazebo' with build type 'ament_cmake'
[0.447s] INFO:colcon.colcon_cmake.task.cmake.build:Building CMake package in '/home/lucaslapdoglinux/major_prok_ws/HardCodeHeroesMajorProject/turtlebot3_gazebo'
[0.449s] INFO:colcon.colcon_core.plugin_system:Skipping extension 'colcon_core.shell.bat': Not used on non-Windows systems
[0.449s] INFO:colcon.colcon_core.shell:Skip shell extension 'powershell' for command environment: Not usable outside of PowerShell
[0.449s] DEBUG:colcon.colcon_core.shell:Skip shell extension 'dsv' for command environment
[0.456s] INFO:colcon.colcon_ros.task.ament_cmake.build:Building ROS package in '/home/lucaslapdoglinux/major_prok_ws/HardCodeHeroesMajorProject/turtlebot3_navigation' with build type 'ament_cmake'
[0.456s] INFO:colcon.colcon_cmake.task.cmake.build:Building CMake package in '/home/lucaslapdoglinux/major_prok_ws/HardCodeHeroesMajorProject/turtlebot3_navigation'
[0.456s] INFO:colcon.colcon_core.shell:Skip shell extension 'powershell' for command environment: Not usable outside of PowerShell
[0.456s] DEBUG:colcon.colcon_core.shell:Skip shell extension 'dsv' for command environment
[0.471s] DEBUG:colcon.colcon_core.event_handler.log_command:Invoking command in '/home/lucaslapdoglinux/major_prok_ws/HardCodeHeroesMajorProject/build/turtlebot3_gazebo': CMAKE_PREFIX_PATH=${CMAKE_PREFIX_PATH}:/home/lucaslapdoglinux/turtlebot3_ws/install/turtlebot3_teleop:/home/lucaslapdoglinux/turtlebot3_ws/install/turtlebot3_example:/home/lucaslapdoglinux/ros2_practice_ws/install/robot_math:/home/lucaslapdoglinux/ros2_practice_ws/ros2_learners/install/robot_math:/opt/ros/humble /usr/bin/cmake --build /home/lucaslapdoglinux/major_prok_ws/HardCodeHeroesMajorProject/build/turtlebot3_gazebo -- -j8 -l8
[0.475s] DEBUG:colcon.colcon_core.event_handler.log_command:Invoking command in '/home/lucaslapdoglinux/major_prok_ws/HardCodeHeroesMajorProject/build/turtlebot3_navigation': CMAKE_PREFIX_PATH=${CMAKE_PREFIX_PATH}:/home/lucaslapdoglinux/turtlebot3_ws/install/turtlebot3_teleop:/home/lucaslapdoglinux/turtlebot3_ws/install/turtlebot3_example:/home/lucaslapdoglinux/ros2_practice_ws/install/robot_math:/home/lucaslapdoglinux/ros2_practice_ws/ros2_learners/install/robot_math:/opt/ros/humble /usr/bin/cmake --build /home/lucaslapdoglinux/major_prok_ws/HardCodeHeroesMajorProject/build/turtlebot3_navigation -- -j8 -l8
[0.567s] DEBUG:colcon.colcon_core.event_handler.log_command:Invoked command in '/home/lucaslapdoglinux/major_prok_ws/HardCodeHeroesMajorProject/build/turtlebot3_navigation' returned '0': CMAKE_PREFIX_PATH=${CMAKE_PREFIX_PATH}:/home/lucaslapdoglinux/turtlebot3_ws/install/turtlebot3_teleop:/home/lucaslapdoglinux/turtlebot3_ws/install/turtlebot3_example:/home/lucaslapdoglinux/ros2_practice_ws/install/robot_math:/home/lucaslapdoglinux/ros2_practice_ws/ros2_learners/install/robot_math:/opt/ros/humble /usr/bin/cmake --build /home/lucaslapdoglinux/major_prok_ws/HardCodeHeroesMajorProject/build/turtlebot3_navigation -- -j8 -l8
[0.618s] DEBUG:colcon.colcon_core.event_handler.log_command:Invoking command in '/home/lucaslapdoglinux/major_prok_ws/HardCodeHeroesMajorProject/build/turtlebot3_navigation': CMAKE_PREFIX_PATH=${CMAKE_PREFIX_PATH}:/home/lucaslapdoglinux/turtlebot3_ws/install/turtlebot3_teleop:/home/lucaslapdoglinux/turtlebot3_ws/install/turtlebot3_example:/home/lucaslapdoglinux/ros2_practice_ws/install/robot_math:/home/lucaslapdoglinux/ros2_practice_ws/ros2_learners/install/robot_math:/opt/ros/humble /usr/bin/cmake --install /home/lucaslapdoglinux/major_prok_ws/HardCodeHeroesMajorProject/build/turtlebot3_navigation
[0.628s] Level 1:colcon.colcon_core.environment:create_environment_scripts_only(turtlebot3_navigation)
[0.629s] DEBUG:colcon.colcon_core.event_handler.log_command:Invoked command in '/home/lucaslapdoglinux/major_prok_ws/HardCodeHeroesMajorProject/build/turtlebot3_navigation' returned '0': CMAKE_PREFIX_PATH=${CMAKE_PREFIX_PATH}:/home/lucaslapdoglinux/turtlebot3_ws/install/turtlebot3_teleop:/home/lucaslapdoglinux/turtlebot3_ws/install/turtlebot3_example:/home/lucaslapdoglinux/ros2_practice_ws/install/robot_math:/home/lucaslapdoglinux/ros2_practice_ws/ros2_learners/install/robot_math:/opt/ros/humble /usr/bin/cmake --install /home/lucaslapdoglinux/major_prok_ws/HardCodeHeroesMajorProject/build/turtlebot3_navigation
[0.633s] Level 1:colcon.colcon_core.environment:checking '/home/lucaslapdoglinux/major_prok_ws/HardCodeHeroesMajorProject/install/turtlebot3_navigation' for CMake module files
[0.634s] Level 1:colcon.colcon_core.environment:checking '/home/lucaslapdoglinux/major_prok_ws/HardCodeHeroesMajorProject/install/turtlebot3_navigation' for CMake config files
[0.634s] Level 1:colcon.colcon_core.shell:create_environment_hook('turtlebot3_navigation', 'cmake_prefix_path')
[0.635s] INFO:colcon.colcon_core.shell:Creating environment hook '/home/lucaslapdoglinux/major_prok_ws/HardCodeHeroesMajorProject/install/turtlebot3_navigation/share/turtlebot3_navigation/hook/cmake_prefix_path.ps1'
[0.636s] INFO:colcon.colcon_core.shell:Creating environment descriptor '/home/lucaslapdoglinux/major_prok_ws/HardCodeHeroesMajorProject/install/turtlebot3_navigation/share/turtlebot3_navigation/hook/cmake_prefix_path.dsv'
[0.637s] INFO:colcon.colcon_core.shell:Creating environment hook '/home/lucaslapdoglinux/major_prok_ws/HardCodeHeroesMajorProject/install/turtlebot3_navigation/share/turtlebot3_navigation/hook/cmake_prefix_path.sh'
[0.639s] Level 1:colcon.colcon_core.environment:checking '/home/lucaslapdoglinux/major_prok_ws/HardCodeHeroesMajorProject/install/turtlebot3_navigation/lib'
[0.639s] Level 1:colcon.colcon_core.environment:checking '/home/lucaslapdoglinux/major_prok_ws/HardCodeHeroesMajorProject/install/turtlebot3_navigation/bin'
[0.639s] Level 1:colcon.colcon_core.environment:checking '/home/lucaslapdoglinux/major_prok_ws/HardCodeHeroesMajorProject/install/turtlebot3_navigation/lib/pkgconfig/turtlebot3_navigation.pc'
[0.640s] Level 1:colcon.colcon_core.environment:checking '/home/lucaslapdoglinux/major_prok_ws/HardCodeHeroesMajorProject/install/turtlebot3_navigation/lib/python3.10/site-packages'
[0.640s] Level 1:colcon.colcon_core.environment:checking '/home/lucaslapdoglinux/major_prok_ws/HardCodeHeroesMajorProject/install/turtlebot3_navigation/bin'
[0.641s] INFO:colcon.colcon_core.shell:Creating package script '/home/lucaslapdoglinux/major_prok_ws/HardCodeHeroesMajorProject/install/turtlebot3_navigation/share/turtlebot3_navigation/package.ps1'
[0.642s] INFO:colcon.colcon_core.shell:Creating package descriptor '/home/lucaslapdoglinux/major_prok_ws/HardCodeHeroesMajorProject/install/turtlebot3_navigation/share/turtlebot3_navigation/package.dsv'
[0.643s] INFO:colcon.colcon_core.shell:Creating package script '/home/lucaslapdoglinux/major_prok_ws/HardCodeHeroesMajorProject/install/turtlebot3_navigation/share/turtlebot3_navigation/package.sh'
[0.644s] INFO:colcon.colcon_core.shell:Creating package script '/home/lucaslapdoglinux/major_prok_ws/HardCodeHeroesMajorProject/install/turtlebot3_navigation/share/turtlebot3_navigation/package.bash'
[0.646s] INFO:colcon.colcon_core.shell:Creating package script '/home/lucaslapdoglinux/major_prok_ws/HardCodeHeroesMajorProject/install/turtlebot3_navigation/share/turtlebot3_navigation/package.zsh'
[0.647s] Level 1:colcon.colcon_core.environment:create_file_with_runtime_dependencies(/home/lucaslapdoglinux/major_prok_ws/HardCodeHeroesMajorProject/install/turtlebot3_navigation/share/colcon-core/packages/turtlebot3_navigation)
[0.679s] Level 1:colcon.colcon_core.environment:create_environment_scripts_only(turtlebot3_navigation)
[0.679s] Level 1:colcon.colcon_core.environment:checking '/home/lucaslapdoglinux/major_prok_ws/HardCodeHeroesMajorProject/install/turtlebot3_navigation' for CMake module files
[0.680s] Level 1:colcon.colcon_core.environment:checking '/home/lucaslapdoglinux/major_prok_ws/HardCodeHeroesMajorProject/install/turtlebot3_navigation' for CMake config files
[0.681s] Level 1:colcon.colcon_core.shell:create_environment_hook('turtlebot3_navigation', 'cmake_prefix_path')
[0.681s] INFO:colcon.colcon_core.shell:Creating environment hook '/home/lucaslapdoglinux/major_prok_ws/HardCodeHeroesMajorProject/install/turtlebot3_navigation/share/turtlebot3_navigation/hook/cmake_prefix_path.ps1'
[0.682s] INFO:colcon.colcon_core.shell:Creating environment descriptor '/home/lucaslapdoglinux/major_prok_ws/HardCodeHeroesMajorProject/install/turtlebot3_navigation/share/turtlebot3_navigation/hook/cmake_prefix_path.dsv'
[0.682s] INFO:colcon.colcon_core.shell:Creating environment hook '/home/lucaslapdoglinux/major_prok_ws/HardCodeHeroesMajorProject/install/turtlebot3_navigation/share/turtlebot3_navigation/hook/cmake_prefix_path.sh'
[0.683s] Level 1:colcon.colcon_core.environment:checking '/home/lucaslapdoglinux/major_prok_ws/HardCodeHeroesMajorProject/install/turtlebot3_navigation/lib'
[0.683s] Level 1:colcon.colcon_core.environment:checking '/home/lucaslapdoglinux/major_prok_ws/HardCodeHeroesMajorProject/install/turtlebot3_navigation/bin'
[0.683s] Level 1:colcon.colcon_core.environment:checking '/home/lucaslapdoglinux/major_prok_ws/HardCodeHeroesMajorProject/install/turtlebot3_navigation/lib/pkgconfig/turtlebot3_navigation.pc'
[0.683s] Level 1:colcon.colcon_core.environment:checking '/home/lucaslapdoglinux/major_prok_ws/HardCodeHeroesMajorProject/install/turtlebot3_navigation/lib/python3.10/site-packages'
[0.683s] Level 1:colcon.colcon_core.environment:checking '/home/lucaslapdoglinux/major_prok_ws/HardCodeHeroesMajorProject/install/turtlebot3_navigation/bin'
[0.683s] INFO:colcon.colcon_core.shell:Creating package script '/home/lucaslapdoglinux/major_prok_ws/HardCodeHeroesMajorProject/install/turtlebot3_navigation/share/turtlebot3_navigation/package.ps1'
[0.684s] INFO:colcon.colcon_core.shell:Creating package descriptor '/home/lucaslapdoglinux/major_prok_ws/HardCodeHeroesMajorProject/install/turtlebot3_navigation/share/turtlebot3_navigation/package.dsv'
[0.684s] INFO:colcon.colcon_core.shell:Creating package script '/home/lucaslapdoglinux/major_prok_ws/HardCodeHeroesMajorProject/install/turtlebot3_navigation/share/turtlebot3_navigation/package.sh'
[0.685s] INFO:colcon.colcon_core.shell:Creating package script '/home/lucaslapdoglinux/major_prok_ws/HardCodeHeroesMajorProject/install/turtlebot3_navigation/share/turtlebot3_navigation/package.bash'
[0.685s] INFO:colcon.colcon_core.shell:Creating package script '/home/lucaslapdoglinux/major_prok_ws/HardCodeHeroesMajorProject/install/turtlebot3_navigation/share/turtlebot3_navigation/package.zsh'
[0.686s] Level 1:colcon.colcon_core.environment:create_file_with_runtime_dependencies(/home/lucaslapdoglinux/major_prok_ws/HardCodeHeroesMajorProject/install/turtlebot3_navigation/share/colcon-core/packages/turtlebot3_navigation)
[10.669s] DEBUG:colcon.colcon_core.event_handler.log_command:Invoked command in '/home/lucaslapdoglinux/major_prok_ws/HardCodeHeroesMajorProject/build/turtlebot3_gazebo' returned '2': CMAKE_PREFIX_PATH=${CMAKE_PREFIX_PATH}:/home/lucaslapdoglinux/turtlebot3_ws/install/turtlebot3_teleop:/home/lucaslapdoglinux/turtlebot3_ws/install/turtlebot3_example:/home/lucaslapdoglinux/ros2_practice_ws/install/robot_math:/home/lucaslapdoglinux/ros2_practice_ws/ros2_learners/install/robot_math:/opt/ros/humble /usr/bin/cmake --build /home/lucaslapdoglinux/major_prok_ws/HardCodeHeroesMajorProject/build/turtlebot3_gazebo -- -j8 -l8
[10.718s] Level 1:colcon.colcon_core.environment:create_environment_scripts_only(turtlebot3_gazebo)
[10.718s] Level 1:colcon.colcon_core.environment:checking '/home/lucaslapdoglinux/major_prok_ws/HardCodeHeroesMajorProject/install/turtlebot3_gazebo' for CMake module files
[10.718s] Level 1:colcon.colcon_core.environment:checking '/home/lucaslapdoglinux/major_prok_ws/HardCodeHeroesMajorProject/install/turtlebot3_gazebo' for CMake config files
[10.719s] Level 1:colcon.colcon_core.shell:create_environment_hook('turtlebot3_gazebo', 'cmake_prefix_path')
[10.719s] INFO:colcon.colcon_core.shell:Creating environment hook '/home/lucaslapdoglinux/major_prok_ws/HardCodeHeroesMajorProject/install/turtlebot3_gazebo/share/turtlebot3_gazebo/hook/cmake_prefix_path.ps1'
[10.720s] INFO:colcon.colcon_core.shell:Creating environment descriptor '/home/lucaslapdoglinux/major_prok_ws/HardCodeHeroesMajorProject/install/turtlebot3_gazebo/share/turtlebot3_gazebo/hook/cmake_prefix_path.dsv'
[10.720s] INFO:colcon.colcon_core.shell:Creating environment hook '/home/lucaslapdoglinux/major_prok_ws/HardCodeHeroesMajorProject/install/turtlebot3_gazebo/share/turtlebot3_gazebo/hook/cmake_prefix_path.sh'
[10.721s] Level 1:colcon.colcon_core.environment:checking '/home/lucaslapdoglinux/major_prok_ws/HardCodeHeroesMajorProject/install/turtlebot3_gazebo/lib'
[10.721s] Level 1:colcon.colcon_core.environment:checking '/home/lucaslapdoglinux/major_prok_ws/HardCodeHeroesMajorProject/install/turtlebot3_gazebo/bin'
[10.721s] Level 1:colcon.colcon_core.environment:checking '/home/lucaslapdoglinux/major_prok_ws/HardCodeHeroesMajorProject/install/turtlebot3_gazebo/lib/pkgconfig/turtlebot3_gazebo.pc'
[10.721s] Level 1:colcon.colcon_core.environment:checking '/home/lucaslapdoglinux/major_prok_ws/HardCodeHeroesMajorProject/install/turtlebot3_gazebo/lib/python3.10/site-packages'
[10.721s] Level 1:colcon.colcon_core.environment:checking '/home/lucaslapdoglinux/major_prok_ws/HardCodeHeroesMajorProject/install/turtlebot3_gazebo/bin'
[10.722s] INFO:colcon.colcon_core.shell:Creating package script '/home/lucaslapdoglinux/major_prok_ws/HardCodeHeroesMajorProject/install/turtlebot3_gazebo/share/turtlebot3_gazebo/package.ps1'
[10.722s] INFO:colcon.colcon_core.shell:Creating package descriptor '/home/lucaslapdoglinux/major_prok_ws/HardCodeHeroesMajorProject/install/turtlebot3_gazebo/share/turtlebot3_gazebo/package.dsv'
[10.722s] INFO:colcon.colcon_core.shell:Creating package script '/home/lucaslapdoglinux/major_prok_ws/HardCodeHeroesMajorProject/install/turtlebot3_gazebo/share/turtlebot3_gazebo/package.sh'
[10.723s] INFO:colcon.colcon_core.shell:Creating package script '/home/lucaslapdoglinux/major_prok_ws/HardCodeHeroesMajorProject/install/turtlebot3_gazebo/share/turtlebot3_gazebo/package.bash'
[10.723s] INFO:colcon.colcon_core.shell:Creating package script '/home/lucaslapdoglinux/major_prok_ws/HardCodeHeroesMajorProject/install/turtlebot3_gazebo/share/turtlebot3_gazebo/package.zsh'
[10.724s] Level 1:colcon.colcon_core.environment:create_file_with_runtime_dependencies(/home/lucaslapdoglinux/major_prok_ws/HardCodeHeroesMajorProject/install/turtlebot3_gazebo/share/colcon-core/packages/turtlebot3_gazebo)
[10.734s] DEBUG:colcon.colcon_parallel_executor.executor.parallel:closing loop
[10.734s] DEBUG:colcon.colcon_parallel_executor.executor.parallel:loop closed
[10.734s] DEBUG:colcon.colcon_parallel_executor.executor.parallel:run_until_complete finished with '2'
[10.734s] DEBUG:colcon.colcon_core.event_reactor:joining thread
[10.740s] INFO:colcon.colcon_core.plugin_system:Skipping extension 'colcon_notification.desktop_notification.terminal_notifier': Not used on non-Darwin systems
[10.740s] INFO:colcon.colcon_core.plugin_system:Skipping extension 'colcon_notification.desktop_notification.win32': Not used on non-Windows systems
[10.741s] INFO:colcon.colcon_notification.desktop_notification:Sending desktop notification using 'notify2'
[10.752s] DEBUG:colcon.colcon_core.event_reactor:joined thread
[10.753s] INFO:colcon.colcon_core.shell:Creating prefix script '/home/lucaslapdoglinux/major_prok_ws/HardCodeHeroesMajorProject/install/local_setup.ps1'
[10.754s] INFO:colcon.colcon_core.shell:Creating prefix util module '/home/lucaslapdoglinux/major_prok_ws/HardCodeHeroesMajorProject/install/_local_setup_util_ps1.py'
[10.756s] INFO:colcon.colcon_core.shell:Creating prefix chain script '/home/lucaslapdoglinux/major_prok_ws/HardCodeHeroesMajorProject/install/setup.ps1'
[10.759s] INFO:colcon.colcon_core.shell:Creating prefix script '/home/lucaslapdoglinux/major_prok_ws/HardCodeHeroesMajorProject/install/local_setup.sh'
[10.759s] INFO:colcon.colcon_core.shell:Creating prefix util module '/home/lucaslapdoglinux/major_prok_ws/HardCodeHeroesMajorProject/install/_local_setup_util_sh.py'
[10.760s] INFO:colcon.colcon_core.shell:Creating prefix chain script '/home/lucaslapdoglinux/major_prok_ws/HardCodeHeroesMajorProject/install/setup.sh'
[10.762s] INFO:colcon.colcon_core.shell:Creating prefix script '/home/lucaslapdoglinux/major_prok_ws/HardCodeHeroesMajorProject/install/local_setup.bash'
[10.763s] INFO:colcon.colcon_core.shell:Creating prefix chain script '/home/lucaslapdoglinux/major_prok_ws/HardCodeHeroesMajorProject/install/setup.bash'
[10.767s] INFO:colcon.colcon_core.shell:Creating prefix script '/home/lucaslapdoglinux/major_prok_ws/HardCodeHeroesMajorProject/install/local_setup.zsh'
[10.767s] INFO:colcon.colcon_core.shell:Creating prefix chain script '/home/lucaslapdoglinux/major_prok_ws/HardCodeHeroesMajorProject/install/setup.zsh'
