[0.576s] DEBUG:colcon:Command line arguments: ['/usr/bin/colcon', 'build']
[0.576s] DEBUG:colcon:Parsed command line arguments: Namespace(log_base=None, log_level=None, verb_name='build', build_base='build', install_base='install', merge_install=False, symlink_install=False, test_result_base=None, continue_on_error=False, executor='parallel', parallel_workers=8, event_handlers=None, ignore_user_meta=False, metas=['./colcon.meta'], base_paths=['.'], packages_ignore=None, packages_ignore_regex=None, paths=None, packages_up_to=None, packages_up_to_regex=None, packages_above=None, packages_above_and_dependencies=None, packages_above_depth=None, packages_select_by_dep=None, packages_skip_by_dep=None, packages_skip_up_to=None, packages_select_build_failed=False, packages_skip_build_finished=False, packages_select_test_failures=False, packages_skip_test_passed=False, packages_select=None, packages_skip=None, packages_select_regex=None, packages_skip_regex=None, packages_start=None, packages_end=None, allow_overriding=[], cmake_args=None, cmake_target=None, cmake_target_skip_unavailable=False, cmake_clean_cache=False, cmake_clean_first=False, cmake_force_configure=False, ament_cmake_args=None, catkin_cmake_args=None, catkin_skip_building_tests=False, verb_parser=<colcon_defaults.argument_parser.defaults.DefaultArgumentsDecorator object at 0x70654a94e320>, verb_extension=<colcon_core.verb.build.BuildVerb object at 0x70654aa33550>, main=<bound method BuildVerb.main of <colcon_core.verb.build.BuildVerb object at 0x70654aa33550>>)
[1.637s] Level 1:colcon.colcon_core.package_discovery:discover_packages(colcon_meta) check parameters
[1.638s] Level 1:colcon.colcon_core.package_discovery:discover_packages(recursive) check parameters
[1.638s] Level 1:colcon.colcon_core.package_discovery:discover_packages(ignore) check parameters
[1.638s] Level 1:colcon.colcon_core.package_discovery:discover_packages(path) check parameters
[1.638s] Level 1:colcon.colcon_core.package_discovery:discover_packages(colcon_meta) discover
[1.639s] Level 1:colcon.colcon_core.package_discovery:discover_packages(recursive) discover
[1.639s] INFO:colcon.colcon_core.package_discovery:Crawling recursively for packages in '/home/michael/Desktop/HardCodeHeroesMajorProject/auto_rotate'
[1.639s] Level 1:colcon.colcon_core.package_identification:_identify(.) by extensions ['ignore', 'ignore_ament_install']
[1.640s] Level 1:colcon.colcon_core.package_identification:_identify(.) by extension 'ignore'
[1.640s] Level 1:colcon.colcon_core.package_identification:_identify(.) by extension 'ignore_ament_install'
[1.640s] Level 1:colcon.colcon_core.package_identification:_identify(.) by extensions ['colcon_pkg']
[1.640s] Level 1:colcon.colcon_core.package_identification:_identify(.) by extension 'colcon_pkg'
[1.640s] Level 1:colcon.colcon_core.package_identification:_identify(.) by extensions ['colcon_meta']
[1.641s] Level 1:colcon.colcon_core.package_identification:_identify(.) by extension 'colcon_meta'
[1.641s] Level 1:colcon.colcon_core.package_identification:_identify(.) by extensions ['ros']
[1.641s] Level 1:colcon.colcon_core.package_identification:_identify(.) by extension 'ros'
[1.709s] DEBUG:colcon.colcon_core.package_identification:Package '.' with type 'ros.ament_cmake' and name 'auto_rotate'
[1.709s] Level 1:colcon.colcon_core.package_discovery:discover_packages(recursive) using defaults
[1.710s] Level 1:colcon.colcon_core.package_discovery:discover_packages(ignore) discover
[1.711s] Level 1:colcon.colcon_core.package_discovery:discover_packages(ignore) using defaults
[1.711s] Level 1:colcon.colcon_core.package_discovery:discover_packages(path) discover
[1.712s] Level 1:colcon.colcon_core.package_discovery:discover_packages(path) using defaults
[1.869s] Level 1:colcon.colcon_core.package_discovery:discover_packages(prefix_path) check parameters
[1.869s] Level 1:colcon.colcon_core.package_discovery:discover_packages(prefix_path) discover
[1.881s] DEBUG:colcon.colcon_installed_package_information.package_discovery:Found 1 installed packages in /home/michael/Desktop/HardCodeHeroesMajorProject/auto_rotate/install
[1.883s] DEBUG:colcon.colcon_installed_package_information.package_discovery:Found 15 installed packages in /home/michael/turtlebot3_ws/install
[1.886s] DEBUG:colcon.colcon_installed_package_information.package_discovery:Found 1 installed packages in /home/michael/Desktop/MTRX3670A1/install
[1.896s] DEBUG:colcon.colcon_installed_package_information.package_discovery:Found 450 installed packages in /opt/ros/humble
[1.908s] Level 1:colcon.colcon_core.package_discovery:discover_packages(prefix_path) using defaults
[2.176s] Level 5:colcon.colcon_core.verb:set package 'auto_rotate' build argument 'cmake_args' from command line to 'None'
[2.176s] Level 5:colcon.colcon_core.verb:set package 'auto_rotate' build argument 'cmake_target' from command line to 'None'
[2.176s] Level 5:colcon.colcon_core.verb:set package 'auto_rotate' build argument 'cmake_target_skip_unavailable' from command line to 'False'
[2.176s] Level 5:colcon.colcon_core.verb:set package 'auto_rotate' build argument 'cmake_clean_cache' from command line to 'False'
[2.176s] Level 5:colcon.colcon_core.verb:set package 'auto_rotate' build argument 'cmake_clean_first' from command line to 'False'
[2.176s] Level 5:colcon.colcon_core.verb:set package 'auto_rotate' build argument 'cmake_force_configure' from command line to 'False'
[2.176s] Level 5:colcon.colcon_core.verb:set package 'auto_rotate' build argument 'ament_cmake_args' from command line to 'None'
[2.176s] Level 5:colcon.colcon_core.verb:set package 'auto_rotate' build argument 'catkin_cmake_args' from command line to 'None'
[2.177s] Level 5:colcon.colcon_core.verb:set package 'auto_rotate' build argument 'catkin_skip_building_tests' from command line to 'False'
[2.177s] DEBUG:colcon.colcon_core.verb:Building package 'auto_rotate' with the following arguments: {'ament_cmake_args': None, 'build_base': '/home/michael/Desktop/HardCodeHeroesMajorProject/auto_rotate/build/auto_rotate', 'catkin_cmake_args': None, 'catkin_skip_building_tests': False, 'cmake_args': None, 'cmake_clean_cache': False, 'cmake_clean_first': False, 'cmake_force_configure': False, 'cmake_target': None, 'cmake_target_skip_unavailable': False, 'install_base': '/home/michael/Desktop/HardCodeHeroesMajorProject/auto_rotate/install/auto_rotate', 'merge_install': False, 'path': '/home/michael/Desktop/HardCodeHeroesMajorProject/auto_rotate', 'symlink_install': False, 'test_result_base': None}
[2.177s] INFO:colcon.colcon_core.executor:Executing jobs using 'parallel' executor
[2.184s] DEBUG:colcon.colcon_parallel_executor.executor.parallel:run_until_complete
[2.185s] INFO:colcon.colcon_ros.task.ament_cmake.build:Building ROS package in '/home/michael/Desktop/HardCodeHeroesMajorProject/auto_rotate' with build type 'ament_cmake'
[2.185s] INFO:colcon.colcon_cmake.task.cmake.build:Building CMake package in '/home/michael/Desktop/HardCodeHeroesMajorProject/auto_rotate'
[2.198s] INFO:colcon.colcon_core.plugin_system:Skipping extension 'colcon_core.shell.bat': Not used on non-Windows systems
[2.199s] INFO:colcon.colcon_core.shell:Skip shell extension 'powershell' for command environment: Not usable outside of PowerShell
[2.199s] DEBUG:colcon.colcon_core.shell:Skip shell extension 'dsv' for command environment
[2.245s] DEBUG:colcon.colcon_core.event_handler.log_command:Invoking command in '/home/michael/Desktop/HardCodeHeroesMajorProject/auto_rotate/build/auto_rotate': CMAKE_PREFIX_PATH=${CMAKE_PREFIX_PATH}:/home/michael/turtlebot3_ws/install/turtlebot3_teleop:/home/michael/turtlebot3_ws/install/turtlebot3_example:/opt/ros/humble /usr/bin/cmake --build /home/michael/Desktop/HardCodeHeroesMajorProject/auto_rotate/build/auto_rotate -- -j8 -l8
[56.257s] DEBUG:colcon.colcon_core.event_handler.log_command:Invoked command in '/home/michael/Desktop/HardCodeHeroesMajorProject/auto_rotate/build/auto_rotate' returned '0': CMAKE_PREFIX_PATH=${CMAKE_PREFIX_PATH}:/home/michael/turtlebot3_ws/install/turtlebot3_teleop:/home/michael/turtlebot3_ws/install/turtlebot3_example:/opt/ros/humble /usr/bin/cmake --build /home/michael/Desktop/HardCodeHeroesMajorProject/auto_rotate/build/auto_rotate -- -j8 -l8
[56.483s] DEBUG:colcon.colcon_core.event_handler.log_command:Invoking command in '/home/michael/Desktop/HardCodeHeroesMajorProject/auto_rotate/build/auto_rotate': CMAKE_PREFIX_PATH=${CMAKE_PREFIX_PATH}:/home/michael/turtlebot3_ws/install/turtlebot3_teleop:/home/michael/turtlebot3_ws/install/turtlebot3_example:/opt/ros/humble /usr/bin/cmake --install /home/michael/Desktop/HardCodeHeroesMajorProject/auto_rotate/build/auto_rotate
[56.572s] Level 1:colcon.colcon_core.environment:create_environment_scripts_only(auto_rotate)
[56.577s] DEBUG:colcon.colcon_core.event_handler.log_command:Invoked command in '/home/michael/Desktop/HardCodeHeroesMajorProject/auto_rotate/build/auto_rotate' returned '0': CMAKE_PREFIX_PATH=${CMAKE_PREFIX_PATH}:/home/michael/turtlebot3_ws/install/turtlebot3_teleop:/home/michael/turtlebot3_ws/install/turtlebot3_example:/opt/ros/humble /usr/bin/cmake --install /home/michael/Desktop/HardCodeHeroesMajorProject/auto_rotate/build/auto_rotate
[56.592s] Level 1:colcon.colcon_core.environment:checking '/home/michael/Desktop/HardCodeHeroesMajorProject/auto_rotate/install/auto_rotate' for CMake module files
[56.595s] Level 1:colcon.colcon_core.environment:checking '/home/michael/Desktop/HardCodeHeroesMajorProject/auto_rotate/install/auto_rotate' for CMake config files
[56.596s] Level 1:colcon.colcon_core.shell:create_environment_hook('auto_rotate', 'cmake_prefix_path')
[56.598s] INFO:colcon.colcon_core.shell:Creating environment hook '/home/michael/Desktop/HardCodeHeroesMajorProject/auto_rotate/install/auto_rotate/share/auto_rotate/hook/cmake_prefix_path.ps1'
[56.601s] INFO:colcon.colcon_core.shell:Creating environment descriptor '/home/michael/Desktop/HardCodeHeroesMajorProject/auto_rotate/install/auto_rotate/share/auto_rotate/hook/cmake_prefix_path.dsv'
[56.602s] INFO:colcon.colcon_core.shell:Creating environment hook '/home/michael/Desktop/HardCodeHeroesMajorProject/auto_rotate/install/auto_rotate/share/auto_rotate/hook/cmake_prefix_path.sh'
[56.609s] Level 1:colcon.colcon_core.environment:checking '/home/michael/Desktop/HardCodeHeroesMajorProject/auto_rotate/install/auto_rotate/lib'
[56.610s] Level 1:colcon.colcon_core.environment:checking '/home/michael/Desktop/HardCodeHeroesMajorProject/auto_rotate/install/auto_rotate/bin'
[56.610s] Level 1:colcon.colcon_core.environment:checking '/home/michael/Desktop/HardCodeHeroesMajorProject/auto_rotate/install/auto_rotate/lib/pkgconfig/auto_rotate.pc'
[56.612s] Level 1:colcon.colcon_core.environment:checking '/home/michael/Desktop/HardCodeHeroesMajorProject/auto_rotate/install/auto_rotate/lib/python3.10/site-packages'
[56.614s] Level 1:colcon.colcon_core.environment:checking '/home/michael/Desktop/HardCodeHeroesMajorProject/auto_rotate/install/auto_rotate/bin'
[56.616s] INFO:colcon.colcon_core.shell:Creating package script '/home/michael/Desktop/HardCodeHeroesMajorProject/auto_rotate/install/auto_rotate/share/auto_rotate/package.ps1'
[56.620s] INFO:colcon.colcon_core.shell:Creating package descriptor '/home/michael/Desktop/HardCodeHeroesMajorProject/auto_rotate/install/auto_rotate/share/auto_rotate/package.dsv'
[56.622s] INFO:colcon.colcon_core.shell:Creating package script '/home/michael/Desktop/HardCodeHeroesMajorProject/auto_rotate/install/auto_rotate/share/auto_rotate/package.sh'
[56.625s] INFO:colcon.colcon_core.shell:Creating package script '/home/michael/Desktop/HardCodeHeroesMajorProject/auto_rotate/install/auto_rotate/share/auto_rotate/package.bash'
[56.630s] INFO:colcon.colcon_core.shell:Creating package script '/home/michael/Desktop/HardCodeHeroesMajorProject/auto_rotate/install/auto_rotate/share/auto_rotate/package.zsh'
[56.635s] Level 1:colcon.colcon_core.environment:create_file_with_runtime_dependencies(/home/michael/Desktop/HardCodeHeroesMajorProject/auto_rotate/install/auto_rotate/share/colcon-core/packages/auto_rotate)
[56.757s] Level 1:colcon.colcon_core.environment:create_environment_scripts_only(auto_rotate)
[56.758s] Level 1:colcon.colcon_core.environment:checking '/home/michael/Desktop/HardCodeHeroesMajorProject/auto_rotate/install/auto_rotate' for CMake module files
[56.760s] Level 1:colcon.colcon_core.environment:checking '/home/michael/Desktop/HardCodeHeroesMajorProject/auto_rotate/install/auto_rotate' for CMake config files
[56.760s] Level 1:colcon.colcon_core.shell:create_environment_hook('auto_rotate', 'cmake_prefix_path')
[56.761s] INFO:colcon.colcon_core.shell:Creating environment hook '/home/michael/Desktop/HardCodeHeroesMajorProject/auto_rotate/install/auto_rotate/share/auto_rotate/hook/cmake_prefix_path.ps1'
[56.762s] INFO:colcon.colcon_core.shell:Creating environment descriptor '/home/michael/Desktop/HardCodeHeroesMajorProject/auto_rotate/install/auto_rotate/share/auto_rotate/hook/cmake_prefix_path.dsv'
[56.767s] INFO:colcon.colcon_core.shell:Creating environment hook '/home/michael/Desktop/HardCodeHeroesMajorProject/auto_rotate/install/auto_rotate/share/auto_rotate/hook/cmake_prefix_path.sh'
[56.772s] Level 1:colcon.colcon_core.environment:checking '/home/michael/Desktop/HardCodeHeroesMajorProject/auto_rotate/install/auto_rotate/lib'
[56.773s] Level 1:colcon.colcon_core.environment:checking '/home/michael/Desktop/HardCodeHeroesMajorProject/auto_rotate/install/auto_rotate/bin'
[56.774s] Level 1:colcon.colcon_core.environment:checking '/home/michael/Desktop/HardCodeHeroesMajorProject/auto_rotate/install/auto_rotate/lib/pkgconfig/auto_rotate.pc'
[56.776s] Level 1:colcon.colcon_core.environment:checking '/home/michael/Desktop/HardCodeHeroesMajorProject/auto_rotate/install/auto_rotate/lib/python3.10/site-packages'
[56.777s] Level 1:colcon.colcon_core.environment:checking '/home/michael/Desktop/HardCodeHeroesMajorProject/auto_rotate/install/auto_rotate/bin'
[56.779s] INFO:colcon.colcon_core.shell:Creating package script '/home/michael/Desktop/HardCodeHeroesMajorProject/auto_rotate/install/auto_rotate/share/auto_rotate/package.ps1'
[56.782s] INFO:colcon.colcon_core.shell:Creating package descriptor '/home/michael/Desktop/HardCodeHeroesMajorProject/auto_rotate/install/auto_rotate/share/auto_rotate/package.dsv'
[56.787s] INFO:colcon.colcon_core.shell:Creating package script '/home/michael/Desktop/HardCodeHeroesMajorProject/auto_rotate/install/auto_rotate/share/auto_rotate/package.sh'
[56.789s] INFO:colcon.colcon_core.shell:Creating package script '/home/michael/Desktop/HardCodeHeroesMajorProject/auto_rotate/install/auto_rotate/share/auto_rotate/package.bash'
[56.791s] INFO:colcon.colcon_core.shell:Creating package script '/home/michael/Desktop/HardCodeHeroesMajorProject/auto_rotate/install/auto_rotate/share/auto_rotate/package.zsh'
[56.792s] Level 1:colcon.colcon_core.environment:create_file_with_runtime_dependencies(/home/michael/Desktop/HardCodeHeroesMajorProject/auto_rotate/install/auto_rotate/share/colcon-core/packages/auto_rotate)
[56.793s] DEBUG:colcon.colcon_parallel_executor.executor.parallel:closing loop
[56.795s] DEBUG:colcon.colcon_parallel_executor.executor.parallel:loop closed
[56.796s] DEBUG:colcon.colcon_parallel_executor.executor.parallel:run_until_complete finished with '0'
[56.796s] DEBUG:colcon.colcon_core.event_reactor:joining thread
[56.823s] INFO:colcon.colcon_core.plugin_system:Skipping extension 'colcon_notification.desktop_notification.terminal_notifier': Not used on non-Darwin systems
[56.825s] INFO:colcon.colcon_core.plugin_system:Skipping extension 'colcon_notification.desktop_notification.win32': Not used on non-Windows systems
[56.826s] INFO:colcon.colcon_notification.desktop_notification:Sending desktop notification using 'notify2'
[56.907s] DEBUG:colcon.colcon_core.event_reactor:joined thread
[56.913s] INFO:colcon.colcon_core.shell:Creating prefix script '/home/michael/Desktop/HardCodeHeroesMajorProject/auto_rotate/install/local_setup.ps1'
[56.922s] INFO:colcon.colcon_core.shell:Creating prefix util module '/home/michael/Desktop/HardCodeHeroesMajorProject/auto_rotate/install/_local_setup_util_ps1.py'
[56.935s] INFO:colcon.colcon_core.shell:Creating prefix chain script '/home/michael/Desktop/HardCodeHeroesMajorProject/auto_rotate/install/setup.ps1'
[56.948s] INFO:colcon.colcon_core.shell:Creating prefix script '/home/michael/Desktop/HardCodeHeroesMajorProject/auto_rotate/install/local_setup.sh'
[56.952s] INFO:colcon.colcon_core.shell:Creating prefix util module '/home/michael/Desktop/HardCodeHeroesMajorProject/auto_rotate/install/_local_setup_util_sh.py'
[56.958s] INFO:colcon.colcon_core.shell:Creating prefix chain script '/home/michael/Desktop/HardCodeHeroesMajorProject/auto_rotate/install/setup.sh'
[56.972s] INFO:colcon.colcon_core.shell:Creating prefix script '/home/michael/Desktop/HardCodeHeroesMajorProject/auto_rotate/install/local_setup.bash'
[56.977s] INFO:colcon.colcon_core.shell:Creating prefix chain script '/home/michael/Desktop/HardCodeHeroesMajorProject/auto_rotate/install/setup.bash'
[56.990s] INFO:colcon.colcon_core.shell:Creating prefix script '/home/michael/Desktop/HardCodeHeroesMajorProject/auto_rotate/install/local_setup.zsh'
[56.995s] INFO:colcon.colcon_core.shell:Creating prefix chain script '/home/michael/Desktop/HardCodeHeroesMajorProject/auto_rotate/install/setup.zsh'
