[0.174s] DEBUG:colcon:Command line arguments: ['/usr/bin/colcon', 'build', '--allow-overriding', 'turtlebot3_gazebo']
[0.174s] DEBUG:colcon:Parsed command line arguments: Namespace(log_base=None, log_level=None, verb_name='build', build_base='build', install_base='install', merge_install=False, symlink_install=False, test_result_base=None, continue_on_error=False, executor='parallel', parallel_workers=8, event_handlers=None, ignore_user_meta=False, metas=['./colcon.meta'], base_paths=['.'], packages_ignore=None, packages_ignore_regex=None, paths=None, packages_up_to=None, packages_up_to_regex=None, packages_above=None, packages_above_and_dependencies=None, packages_above_depth=None, packages_select_by_dep=None, packages_skip_by_dep=None, packages_skip_up_to=None, packages_select_build_failed=False, packages_skip_build_finished=False, packages_select_test_failures=False, packages_skip_test_passed=False, packages_select=None, packages_skip=None, packages_select_regex=None, packages_skip_regex=None, packages_start=None, packages_end=None, allow_overriding=['turtlebot3_gazebo'], cmake_args=None, cmake_target=None, cmake_target_skip_unavailable=False, cmake_clean_cache=False, cmake_clean_first=False, cmake_force_configure=False, ament_cmake_args=None, catkin_cmake_args=None, catkin_skip_building_tests=False, mixin_files=None, mixin=None, verb_parser=<colcon_mixin.mixin.mixin_argument.MixinArgumentDecorator object at 0x791ac9343d60>, verb_extension=<colcon_core.verb.build.BuildVerb object at 0x791ac93438b0>, main=<bound method BuildVerb.main of <colcon_core.verb.build.BuildVerb object at 0x791ac93438b0>>, mixin_verb=('build',))
[0.529s] Level 1:colcon.colcon_core.package_discovery:discover_packages(colcon_meta) check parameters
[0.529s] Level 1:colcon.colcon_core.package_discovery:discover_packages(recursive) check parameters
[0.529s] Level 1:colcon.colcon_core.package_discovery:discover_packages(ignore) check parameters
[0.529s] Level 1:colcon.colcon_core.package_discovery:discover_packages(path) check parameters
[0.529s] Level 1:colcon.colcon_core.package_discovery:discover_packages(colcon_meta) discover
[0.529s] Level 1:colcon.colcon_core.package_discovery:discover_packages(recursive) discover
[0.529s] INFO:colcon.colcon_core.package_discovery:Crawling recursively for packages in '/home/lucaslapdoglinux/major_prok_ws/HardCodeHeroesMajorProject'
[0.529s] Level 1:colcon.colcon_core.package_identification:_identify(.) by extensions ['ignore', 'ignore_ament_install']
[0.530s] Level 1:colcon.colcon_core.package_identification:_identify(.) by extension 'ignore'
[0.530s] Level 1:colcon.colcon_core.package_identification:_identify(.) by extension 'ignore_ament_install'
[0.530s] Level 1:colcon.colcon_core.package_identification:_identify(.) by extensions ['colcon_pkg']
[0.530s] Level 1:colcon.colcon_core.package_identification:_identify(.) by extension 'colcon_pkg'
[0.530s] Level 1:colcon.colcon_core.package_identification:_identify(.) by extensions ['colcon_meta']
[0.530s] Level 1:colcon.colcon_core.package_identification:_identify(.) by extension 'colcon_meta'
[0.530s] Level 1:colcon.colcon_core.package_identification:_identify(.) by extensions ['ros']
[0.530s] Level 1:colcon.colcon_core.package_identification:_identify(.) by extension 'ros'
[0.554s] Level 1:colcon.colcon_core.package_identification:_identify(.) by extensions ['cmake', 'python']
[0.555s] Level 1:colcon.colcon_core.package_identification:_identify(.) by extension 'cmake'
[0.555s] Level 1:colcon.colcon_core.package_identification:_identify(.) by extension 'python'
[0.555s] Level 1:colcon.colcon_core.package_identification:_identify(.) by extensions ['python_setup_py']
[0.555s] Level 1:colcon.colcon_core.package_identification:_identify(.) by extension 'python_setup_py'
[0.555s] Level 1:colcon.colcon_core.package_identification:_identify(Meeting_minutes) by extensions ['ignore', 'ignore_ament_install']
[0.556s] Level 1:colcon.colcon_core.package_identification:_identify(Meeting_minutes) by extension 'ignore'
[0.556s] Level 1:colcon.colcon_core.package_identification:_identify(Meeting_minutes) by extension 'ignore_ament_install'
[0.556s] Level 1:colcon.colcon_core.package_identification:_identify(Meeting_minutes) by extensions ['colcon_pkg']
[0.556s] Level 1:colcon.colcon_core.package_identification:_identify(Meeting_minutes) by extension 'colcon_pkg'
[0.556s] Level 1:colcon.colcon_core.package_identification:_identify(Meeting_minutes) by extensions ['colcon_meta']
[0.556s] Level 1:colcon.colcon_core.package_identification:_identify(Meeting_minutes) by extension 'colcon_meta'
[0.556s] Level 1:colcon.colcon_core.package_identification:_identify(Meeting_minutes) by extensions ['ros']
[0.556s] Level 1:colcon.colcon_core.package_identification:_identify(Meeting_minutes) by extension 'ros'
[0.556s] Level 1:colcon.colcon_core.package_identification:_identify(Meeting_minutes) by extensions ['cmake', 'python']
[0.557s] Level 1:colcon.colcon_core.package_identification:_identify(Meeting_minutes) by extension 'cmake'
[0.557s] Level 1:colcon.colcon_core.package_identification:_identify(Meeting_minutes) by extension 'python'
[0.557s] Level 1:colcon.colcon_core.package_identification:_identify(Meeting_minutes) by extensions ['python_setup_py']
[0.557s] Level 1:colcon.colcon_core.package_identification:_identify(Meeting_minutes) by extension 'python_setup_py'
[0.557s] Level 1:colcon.colcon_core.package_identification:_identify(build) by extensions ['ignore', 'ignore_ament_install']
[0.557s] Level 1:colcon.colcon_core.package_identification:_identify(build) by extension 'ignore'
[0.557s] Level 1:colcon.colcon_core.package_identification:_identify(build) ignored
[0.558s] Level 1:colcon.colcon_core.package_identification:_identify(install) by extensions ['ignore', 'ignore_ament_install']
[0.558s] Level 1:colcon.colcon_core.package_identification:_identify(install) by extension 'ignore'
[0.558s] Level 1:colcon.colcon_core.package_identification:_identify(install) ignored
[0.558s] Level 1:colcon.colcon_core.package_identification:_identify(log) by extensions ['ignore', 'ignore_ament_install']
[0.558s] Level 1:colcon.colcon_core.package_identification:_identify(log) by extension 'ignore'
[0.558s] Level 1:colcon.colcon_core.package_identification:_identify(log) ignored
[0.559s] Level 1:colcon.colcon_core.package_identification:_identify(turtlebot3_gazebo) by extensions ['ignore', 'ignore_ament_install']
[0.559s] Level 1:colcon.colcon_core.package_identification:_identify(turtlebot3_gazebo) by extension 'ignore'
[0.559s] Level 1:colcon.colcon_core.package_identification:_identify(turtlebot3_gazebo) by extension 'ignore_ament_install'
[0.559s] Level 1:colcon.colcon_core.package_identification:_identify(turtlebot3_gazebo) by extensions ['colcon_pkg']
[0.559s] Level 1:colcon.colcon_core.package_identification:_identify(turtlebot3_gazebo) by extension 'colcon_pkg'
[0.559s] Level 1:colcon.colcon_core.package_identification:_identify(turtlebot3_gazebo) by extensions ['colcon_meta']
[0.559s] Level 1:colcon.colcon_core.package_identification:_identify(turtlebot3_gazebo) by extension 'colcon_meta'
[0.559s] Level 1:colcon.colcon_core.package_identification:_identify(turtlebot3_gazebo) by extensions ['ros']
[0.559s] Level 1:colcon.colcon_core.package_identification:_identify(turtlebot3_gazebo) by extension 'ros'
[0.585s] DEBUG:colcon.colcon_core.package_identification:Package 'turtlebot3_gazebo' with type 'ros.ament_cmake' and name 'turtlebot3_gazebo'
[0.586s] Level 1:colcon.colcon_core.package_identification:_identify(turtlebot3_navigation) by extensions ['ignore', 'ignore_ament_install']
[0.586s] Level 1:colcon.colcon_core.package_identification:_identify(turtlebot3_navigation) by extension 'ignore'
[0.586s] Level 1:colcon.colcon_core.package_identification:_identify(turtlebot3_navigation) by extension 'ignore_ament_install'
[0.586s] Level 1:colcon.colcon_core.package_identification:_identify(turtlebot3_navigation) by extensions ['colcon_pkg']
[0.586s] Level 1:colcon.colcon_core.package_identification:_identify(turtlebot3_navigation) by extension 'colcon_pkg'
[0.586s] Level 1:colcon.colcon_core.package_identification:_identify(turtlebot3_navigation) by extensions ['colcon_meta']
[0.587s] Level 1:colcon.colcon_core.package_identification:_identify(turtlebot3_navigation) by extension 'colcon_meta'
[0.587s] Level 1:colcon.colcon_core.package_identification:_identify(turtlebot3_navigation) by extensions ['ros']
[0.587s] Level 1:colcon.colcon_core.package_identification:_identify(turtlebot3_navigation) by extension 'ros'
[0.590s] DEBUG:colcon.colcon_core.package_identification:Package 'turtlebot3_navigation' with type 'ros.ament_cmake' and name 'turtlebot3_navigation'
[0.591s] Level 1:colcon.colcon_core.package_discovery:discover_packages(recursive) using defaults
[0.591s] Level 1:colcon.colcon_core.package_discovery:discover_packages(ignore) discover
[0.591s] Level 1:colcon.colcon_core.package_discovery:discover_packages(ignore) using defaults
[0.591s] Level 1:colcon.colcon_core.package_discovery:discover_packages(path) discover
[0.591s] Level 1:colcon.colcon_core.package_discovery:discover_packages(path) using defaults
[0.631s] Level 1:colcon.colcon_core.package_discovery:discover_packages(prefix_path) check parameters
[0.631s] Level 1:colcon.colcon_core.package_discovery:discover_packages(prefix_path) discover
[0.635s] DEBUG:colcon.colcon_installed_package_information.package_discovery:Found 2 installed packages in /home/lucaslapdoglinux/major_prok_ws/install
[0.636s] DEBUG:colcon.colcon_installed_package_information.package_discovery:Found 12 installed packages in /home/lucaslapdoglinux/turtlebot3_ws/install
[0.637s] DEBUG:colcon.colcon_installed_package_information.package_discovery:Found 6 installed packages in /home/lucaslapdoglinux/ros2_practice_ws/install
[0.638s] DEBUG:colcon.colcon_installed_package_information.package_discovery:Found 6 installed packages in /home/lucaslapdoglinux/ros2_practice_ws/ros2_learners/install
[0.641s] DEBUG:colcon.colcon_installed_package_information.package_discovery:Found 485 installed packages in /opt/ros/humble
[0.646s] Level 1:colcon.colcon_core.package_discovery:discover_packages(prefix_path) using defaults
[0.760s] Level 5:colcon.colcon_core.verb:set package 'turtlebot3_gazebo' build argument 'cmake_args' from command line to 'None'
[0.760s] Level 5:colcon.colcon_core.verb:set package 'turtlebot3_gazebo' build argument 'cmake_target' from command line to 'None'
[0.760s] Level 5:colcon.colcon_core.verb:set package 'turtlebot3_gazebo' build argument 'cmake_target_skip_unavailable' from command line to 'False'
[0.760s] Level 5:colcon.colcon_core.verb:set package 'turtlebot3_gazebo' build argument 'cmake_clean_cache' from command line to 'False'
[0.760s] Level 5:colcon.colcon_core.verb:set package 'turtlebot3_gazebo' build argument 'cmake_clean_first' from command line to 'False'
[0.760s] Level 5:colcon.colcon_core.verb:set package 'turtlebot3_gazebo' build argument 'cmake_force_configure' from command line to 'False'
[0.760s] Level 5:colcon.colcon_core.verb:set package 'turtlebot3_gazebo' build argument 'ament_cmake_args' from command line to 'None'
[0.760s] Level 5:colcon.colcon_core.verb:set package 'turtlebot3_gazebo' build argument 'catkin_cmake_args' from command line to 'None'
[0.760s] Level 5:colcon.colcon_core.verb:set package 'turtlebot3_gazebo' build argument 'catkin_skip_building_tests' from command line to 'False'
[0.760s] DEBUG:colcon.colcon_core.verb:Building package 'turtlebot3_gazebo' with the following arguments: {'ament_cmake_args': None, 'build_base': '/home/lucaslapdoglinux/major_prok_ws/HardCodeHeroesMajorProject/build/turtlebot3_gazebo', 'catkin_cmake_args': None, 'catkin_skip_building_tests': False, 'cmake_args': None, 'cmake_clean_cache': False, 'cmake_clean_first': False, 'cmake_force_configure': False, 'cmake_target': None, 'cmake_target_skip_unavailable': False, 'install_base': '/home/lucaslapdoglinux/major_prok_ws/HardCodeHeroesMajorProject/install/turtlebot3_gazebo', 'merge_install': False, 'path': '/home/lucaslapdoglinux/major_prok_ws/HardCodeHeroesMajorProject/turtlebot3_gazebo', 'symlink_install': False, 'test_result_base': None}
[0.761s] Level 5:colcon.colcon_core.verb:set package 'turtlebot3_navigation' build argument 'cmake_args' from command line to 'None'
[0.761s] Level 5:colcon.colcon_core.verb:set package 'turtlebot3_navigation' build argument 'cmake_target' from command line to 'None'
[0.761s] Level 5:colcon.colcon_core.verb:set package 'turtlebot3_navigation' build argument 'cmake_target_skip_unavailable' from command line to 'False'
[0.761s] Level 5:colcon.colcon_core.verb:set package 'turtlebot3_navigation' build argument 'cmake_clean_cache' from command line to 'False'
[0.761s] Level 5:colcon.colcon_core.verb:set package 'turtlebot3_navigation' build argument 'cmake_clean_first' from command line to 'False'
[0.761s] Level 5:colcon.colcon_core.verb:set package 'turtlebot3_navigation' build argument 'cmake_force_configure' from command line to 'False'
[0.761s] Level 5:colcon.colcon_core.verb:set package 'turtlebot3_navigation' build argument 'ament_cmake_args' from command line to 'None'
[0.761s] Level 5:colcon.colcon_core.verb:set package 'turtlebot3_navigation' build argument 'catkin_cmake_args' from command line to 'None'
[0.761s] Level 5:colcon.colcon_core.verb:set package 'turtlebot3_navigation' build argument 'catkin_skip_building_tests' from command line to 'False'
[0.761s] DEBUG:colcon.colcon_core.verb:Building package 'turtlebot3_navigation' with the following arguments: {'ament_cmake_args': None, 'build_base': '/home/lucaslapdoglinux/major_prok_ws/HardCodeHeroesMajorProject/build/turtlebot3_navigation', 'catkin_cmake_args': None, 'catkin_skip_building_tests': False, 'cmake_args': None, 'cmake_clean_cache': False, 'cmake_clean_first': False, 'cmake_force_configure': False, 'cmake_target': None, 'cmake_target_skip_unavailable': False, 'install_base': '/home/lucaslapdoglinux/major_prok_ws/HardCodeHeroesMajorProject/install/turtlebot3_navigation', 'merge_install': False, 'path': '/home/lucaslapdoglinux/major_prok_ws/HardCodeHeroesMajorProject/turtlebot3_navigation', 'symlink_install': False, 'test_result_base': None}
[0.761s] INFO:colcon.colcon_core.executor:Executing jobs using 'parallel' executor
[0.762s] DEBUG:colcon.colcon_parallel_executor.executor.parallel:run_until_complete
[0.763s] INFO:colcon.colcon_ros.task.ament_cmake.build:Building ROS package in '/home/lucaslapdoglinux/major_prok_ws/HardCodeHeroesMajorProject/turtlebot3_gazebo' with build type 'ament_cmake'
[0.763s] INFO:colcon.colcon_cmake.task.cmake.build:Building CMake package in '/home/lucaslapdoglinux/major_prok_ws/HardCodeHeroesMajorProject/turtlebot3_gazebo'
[0.767s] INFO:colcon.colcon_core.plugin_system:Skipping extension 'colcon_core.shell.bat': Not used on non-Windows systems
[0.767s] INFO:colcon.colcon_core.shell:Skip shell extension 'powershell' for command environment: Not usable outside of PowerShell
[0.767s] DEBUG:colcon.colcon_core.shell:Skip shell extension 'dsv' for command environment
[0.781s] INFO:colcon.colcon_ros.task.ament_cmake.build:Building ROS package in '/home/lucaslapdoglinux/major_prok_ws/HardCodeHeroesMajorProject/turtlebot3_navigation' with build type 'ament_cmake'
[0.781s] INFO:colcon.colcon_cmake.task.cmake.build:Building CMake package in '/home/lucaslapdoglinux/major_prok_ws/HardCodeHeroesMajorProject/turtlebot3_navigation'
[0.782s] INFO:colcon.colcon_core.shell:Skip shell extension 'powershell' for command environment: Not usable outside of PowerShell
[0.782s] DEBUG:colcon.colcon_core.shell:Skip shell extension 'dsv' for command environment
[0.800s] DEBUG:colcon.colcon_core.event_handler.log_command:Invoking command in '/home/lucaslapdoglinux/major_prok_ws/HardCodeHeroesMajorProject/build/turtlebot3_gazebo': CMAKE_PREFIX_PATH=${CMAKE_PREFIX_PATH}:/home/lucaslapdoglinux/turtlebot3_ws/install/turtlebot3_teleop:/home/lucaslapdoglinux/turtlebot3_ws/install/turtlebot3_example:/home/lucaslapdoglinux/ros2_practice_ws/install/robot_math:/home/lucaslapdoglinux/ros2_practice_ws/ros2_learners/install/robot_math:/opt/ros/humble /usr/bin/cmake /home/lucaslapdoglinux/major_prok_ws/HardCodeHeroesMajorProject/turtlebot3_gazebo -DCMAKE_INSTALL_PREFIX=/home/lucaslapdoglinux/major_prok_ws/HardCodeHeroesMajorProject/install/turtlebot3_gazebo
[0.818s] DEBUG:colcon.colcon_core.event_handler.log_command:Invoking command in '/home/lucaslapdoglinux/major_prok_ws/HardCodeHeroesMajorProject/build/turtlebot3_navigation': CMAKE_PREFIX_PATH=${CMAKE_PREFIX_PATH}:/home/lucaslapdoglinux/turtlebot3_ws/install/turtlebot3_teleop:/home/lucaslapdoglinux/turtlebot3_ws/install/turtlebot3_example:/home/lucaslapdoglinux/ros2_practice_ws/install/robot_math:/home/lucaslapdoglinux/ros2_practice_ws/ros2_learners/install/robot_math:/opt/ros/humble /usr/bin/cmake /home/lucaslapdoglinux/major_prok_ws/HardCodeHeroesMajorProject/turtlebot3_navigation -DCMAKE_INSTALL_PREFIX=/home/lucaslapdoglinux/major_prok_ws/HardCodeHeroesMajorProject/install/turtlebot3_navigation
[16.053s] DEBUG:colcon.colcon_core.event_handler.log_command:Invoked command in '/home/lucaslapdoglinux/major_prok_ws/HardCodeHeroesMajorProject/build/turtlebot3_navigation' returned '0': CMAKE_PREFIX_PATH=${CMAKE_PREFIX_PATH}:/home/lucaslapdoglinux/turtlebot3_ws/install/turtlebot3_teleop:/home/lucaslapdoglinux/turtlebot3_ws/install/turtlebot3_example:/home/lucaslapdoglinux/ros2_practice_ws/install/robot_math:/home/lucaslapdoglinux/ros2_practice_ws/ros2_learners/install/robot_math:/opt/ros/humble /usr/bin/cmake /home/lucaslapdoglinux/major_prok_ws/HardCodeHeroesMajorProject/turtlebot3_navigation -DCMAKE_INSTALL_PREFIX=/home/lucaslapdoglinux/major_prok_ws/HardCodeHeroesMajorProject/install/turtlebot3_navigation
[16.055s] DEBUG:colcon.colcon_core.event_handler.log_command:Invoking command in '/home/lucaslapdoglinux/major_prok_ws/HardCodeHeroesMajorProject/build/turtlebot3_navigation': CMAKE_PREFIX_PATH=${CMAKE_PREFIX_PATH}:/home/lucaslapdoglinux/turtlebot3_ws/install/turtlebot3_teleop:/home/lucaslapdoglinux/turtlebot3_ws/install/turtlebot3_example:/home/lucaslapdoglinux/ros2_practice_ws/install/robot_math:/home/lucaslapdoglinux/ros2_practice_ws/ros2_learners/install/robot_math:/opt/ros/humble /usr/bin/cmake --build /home/lucaslapdoglinux/major_prok_ws/HardCodeHeroesMajorProject/build/turtlebot3_navigation -- -j8 -l8
[16.349s] DEBUG:colcon.colcon_core.event_handler.log_command:Invoked command in '/home/lucaslapdoglinux/major_prok_ws/HardCodeHeroesMajorProject/build/turtlebot3_gazebo' returned '0': CMAKE_PREFIX_PATH=${CMAKE_PREFIX_PATH}:/home/lucaslapdoglinux/turtlebot3_ws/install/turtlebot3_teleop:/home/lucaslapdoglinux/turtlebot3_ws/install/turtlebot3_example:/home/lucaslapdoglinux/ros2_practice_ws/install/robot_math:/home/lucaslapdoglinux/ros2_practice_ws/ros2_learners/install/robot_math:/opt/ros/humble /usr/bin/cmake /home/lucaslapdoglinux/major_prok_ws/HardCodeHeroesMajorProject/turtlebot3_gazebo -DCMAKE_INSTALL_PREFIX=/home/lucaslapdoglinux/major_prok_ws/HardCodeHeroesMajorProject/install/turtlebot3_gazebo
[16.354s] DEBUG:colcon.colcon_core.event_handler.log_command:Invoking command in '/home/lucaslapdoglinux/major_prok_ws/HardCodeHeroesMajorProject/build/turtlebot3_gazebo': CMAKE_PREFIX_PATH=${CMAKE_PREFIX_PATH}:/home/lucaslapdoglinux/turtlebot3_ws/install/turtlebot3_teleop:/home/lucaslapdoglinux/turtlebot3_ws/install/turtlebot3_example:/home/lucaslapdoglinux/ros2_practice_ws/install/robot_math:/home/lucaslapdoglinux/ros2_practice_ws/ros2_learners/install/robot_math:/opt/ros/humble /usr/bin/cmake --build /home/lucaslapdoglinux/major_prok_ws/HardCodeHeroesMajorProject/build/turtlebot3_gazebo -- -j8 -l8
