[0.036s] Invoking command in '/home/lucaslapdoglinux/major_prok_ws/HardCodeHeroesMajorProject/build/turtlebot3_gazebo': CMAKE_PREFIX_PATH=${CMAKE_PREFIX_PATH}:/home/lucaslapdoglinux/turtlebot3_ws/install/turtlebot3_teleop:/home/lucaslapdoglinux/turtlebot3_ws/install/turtlebot3_example:/home/lucaslapdoglinux/ros2_practice_ws/install/robot_math:/home/lucaslapdoglinux/ros2_practice_ws/ros2_learners/install/robot_math:/opt/ros/humble /usr/bin/cmake /home/lucaslapdoglinux/major_prok_ws/HardCodeHeroesMajorProject/turtlebot3_gazebo -DCMAKE_INSTALL_PREFIX=/home/lucaslapdoglinux/major_prok_ws/HardCodeHeroesMajorProject/install/turtlebot3_gazebo
[0.375s] -- The C compiler identification is GNU 11.4.0
[0.565s] -- The CXX compiler identification is GNU 11.4.0
[0.590s] -- Detecting C compiler ABI info
[0.882s] -- Detecting C compiler ABI info - done
[0.917s] -- Check for working C compiler: /usr/bin/cc - skipped
[0.919s] -- Detecting C compile features
[0.922s] -- Detecting C compile features - done
[0.936s] -- Detecting CXX compiler ABI info
[1.224s] -- Detecting CXX compiler ABI info - done
[1.255s] -- Check for working CXX compiler: /usr/bin/c++ - skipped
[1.256s] -- Detecting CXX compile features
[1.258s] -- Detecting CXX compile features - done
[1.298s] -- Found ament_cmake: 1.3.10 (/opt/ros/humble/share/ament_cmake/cmake)
[1.883s] -- Found Python3: /usr/bin/python3 (found version "3.10.12") found components: Interpreter 
[2.431s] [33mCMake Warning (dev) at /usr/share/cmake-3.22/Modules/FindPackageHandleStandardArgs.cmake:438 (message):
[2.431s]   The package name passed to `find_package_handle_standard_args` (PkgConfig)
[2.432s]   does not match the name of the calling package (gazebo).  This can lead to
[2.432s]   problems in calling code that expects `find_package` result variables
[2.432s]   (e.g., `_FOUND`) to follow a certain pattern.
[2.433s] Call Stack (most recent call first):
[2.433s]   /usr/share/cmake-3.22/Modules/FindPkgConfig.cmake:99 (find_package_handle_standard_args)
[2.433s]   /usr/lib/x86_64-linux-gnu/cmake/gazebo/gazebo-config.cmake:72 (include)
[2.434s]   CMakeLists.txt:23 (find_package)
[2.434s] This warning is for project developers.  Use -Wno-dev to suppress it.
[2.434s] [0m
[2.435s] -- Found PkgConfig: /usr/bin/pkg-config (found version "0.29.2") 
[2.451s] -- Checking for module 'bullet>=2.82'
[2.532s] --   Found bullet, version 3.05
[3.132s] -- Found fcl: /usr/include (found suitable version "0.7.0", minimum required is "0.5.0") 
[3.386s] -- Found assimp: /usr/include (found version "5.2.0") 
[3.553s] -- Found DART: /usr/include (Required is at least version "6.6") found components: dart 
[4.836s] -- Found Boost: /usr/lib/x86_64-linux-gnu/cmake/Boost-1.74.0/BoostConfig.cmake (found suitable version "1.74.0", minimum required is "1.40.0") found components: thread system filesystem program_options regex iostreams date_time 
[5.016s] -- Found Protobuf: /usr/lib/x86_64-linux-gnu/libprotobuf.so (found version "3.12.4") 
[5.089s] -- Looking for ignition-math6 -- found version 6.15.1
[5.147s] -- Searching for dependencies of ignition-math6
[5.154s] -- Looking for OGRE...
[5.158s] -- OGRE_PREFIX_WATCH changed.
[5.216s] -- Checking for module 'OGRE'
[5.358s] --   Found OGRE, version 1.9.0
[5.601s] -- Found Ogre Ghadamon (1.9.0)
[5.701s] -- Found OGRE: optimized;/usr/lib/x86_64-linux-gnu/libOgreMain.so;debug;/usr/lib/x86_64-linux-gnu/libOgreMain.so
[5.764s] -- Looking for OGRE_Paging...
[5.832s] -- Found OGRE_Paging: optimized;/usr/lib/x86_64-linux-gnu/libOgrePaging.so;debug;/usr/lib/x86_64-linux-gnu/libOgrePaging.so
[5.832s] -- Looking for OGRE_Terrain...
[5.900s] -- Found OGRE_Terrain: optimized;/usr/lib/x86_64-linux-gnu/libOgreTerrain.so;debug;/usr/lib/x86_64-linux-gnu/libOgreTerrain.so
[5.901s] -- Looking for OGRE_Property...
[5.965s] -- Found OGRE_Property: optimized;/usr/lib/x86_64-linux-gnu/libOgreProperty.so;debug;/usr/lib/x86_64-linux-gnu/libOgreProperty.so
[5.968s] -- Looking for OGRE_RTShaderSystem...
[6.038s] -- Found OGRE_RTShaderSystem: optimized;/usr/lib/x86_64-linux-gnu/libOgreRTShaderSystem.so;debug;/usr/lib/x86_64-linux-gnu/libOgreRTShaderSystem.so
[6.042s] -- Looking for OGRE_Volume...
[6.106s] -- Found OGRE_Volume: optimized;/usr/lib/x86_64-linux-gnu/libOgreVolume.so;debug;/usr/lib/x86_64-linux-gnu/libOgreVolume.so
[6.110s] -- Looking for OGRE_Overlay...
[6.166s] -- Found OGRE_Overlay: optimized;/usr/lib/x86_64-linux-gnu/libOgreOverlay.so;debug;/usr/lib/x86_64-linux-gnu/libOgreOverlay.so
[7.560s] -- Looking for ignition-math6 -- found version 6.15.1
[7.591s] -- Looking for ignition-transport8 -- found version 8.2.1
[7.595s] -- Searching for dependencies of ignition-transport8
[7.768s] -- Found Protobuf: /usr/lib/x86_64-linux-gnu/libprotobuf.so (found suitable version "3.12.4", minimum required is "3") 
[7.882s] -- Config-file not installed for ZeroMQ -- checking for pkg-config
[7.958s] -- Checking for module 'libzmq >= 4'
[8.096s] --   Found libzmq , version 4.3.4
[8.436s] -- Found ZeroMQ: TRUE (Required is at least version "4") 
[8.488s] -- Checking for module 'uuid'
[8.609s] --   Found uuid, version 2.37.2
[8.864s] -- Found UUID: TRUE  
[8.893s] -- Looking for ignition-msgs5 -- found version 5.8.1
[8.898s] -- Searching for dependencies of ignition-msgs5
[9.041s] -- Looking for ignition-math6 -- found version 6.15.1
[9.076s] -- Checking for module 'tinyxml2'
[9.173s] --   Found tinyxml2, version 9.0.0
[9.393s] -- Looking for ignition-msgs5 -- found version 5.8.1
[9.426s] -- Looking for ignition-common3 -- found version 3.14.0
[9.430s] -- Searching for dependencies of ignition-common3
[9.433s] -- Looking for dlfcn.h - found
[9.442s] -- Looking for libdl - found
[9.451s] -- Found DL: TRUE  
[9.572s] -- Found tinyobjloader: /usr/lib/x86_64-linux-gnu/cmake/tinyobjloader/tinyobjloader-config.cmake (found version "2.0.0") 
[9.578s] -- Searching for <ignition-common3> component [graphics]
[9.604s] -- Looking for ignition-common3-graphics -- found version 3.14.0
[9.605s] -- Searching for dependencies of ignition-common3-graphics
[9.606s] -- Looking for ignition-math6 -- found version 6.15.1
[9.637s] -- Looking for ignition-fuel_tools4 -- found version 4.4.0
[9.638s] -- Searching for dependencies of ignition-fuel_tools4
[10.173s] -- Found CURL: /usr/lib/x86_64-linux-gnu/libcurl.so (found version "7.81.0")  
[10.233s] -- Checking for module 'jsoncpp'
[10.309s] --   Found jsoncpp, version 1.9.5
[10.489s] -- Found JSONCPP: TRUE  
[10.532s] -- Checking for module 'libzip'
[10.617s] --   Found libzip, version 1.7.3
[10.805s] -- Found ZIP: TRUE  
[10.809s] -- Looking for ignition-common3 -- found version 3.14.0
[10.811s] -- Looking for ignition-math6 -- found version 6.15.1
[10.814s] -- Looking for ignition-msgs5 -- found version 5.8.1
[10.872s] -- Found gazebo_ros_pkgs: 3.7.0 (/opt/ros/humble/share/gazebo_ros_pkgs/cmake)
[10.895s] -- Found geometry_msgs: 4.2.4 (/opt/ros/humble/share/geometry_msgs/cmake)
[11.230s] -- Found rosidl_generator_c: 3.1.5 (/opt/ros/humble/share/rosidl_generator_c/cmake)
[11.301s] -- Found rosidl_adapter: 3.1.5 (/opt/ros/humble/share/rosidl_adapter/cmake)
[11.380s] -- Found rosidl_generator_cpp: 3.1.5 (/opt/ros/humble/share/rosidl_generator_cpp/cmake)
[11.498s] -- Using all available rosidl_typesupport_c: rosidl_typesupport_fastrtps_c;rosidl_typesupport_introspection_c
[11.657s] -- Using all available rosidl_typesupport_cpp: rosidl_typesupport_fastrtps_cpp;rosidl_typesupport_introspection_cpp
[11.930s] -- Found nav_msgs: 4.2.4 (/opt/ros/humble/share/nav_msgs/cmake)
[12.044s] -- Found nav2_msgs: 1.1.16 (/opt/ros/humble/share/nav2_msgs/cmake)
[12.345s] -- Found rclcpp: 16.0.10 (/opt/ros/humble/share/rclcpp/cmake)
[12.673s] -- Found rmw_implementation_cmake: 6.1.2 (/opt/ros/humble/share/rmw_implementation_cmake/cmake)
[12.705s] -- Found rmw_fastrtps_cpp: 6.2.7 (/opt/ros/humble/share/rmw_fastrtps_cpp/cmake)
[13.246s] -- Found OpenSSL: /usr/lib/x86_64-linux-gnu/libcrypto.so (found version "3.0.2")  
[13.383s] -- Found FastRTPS: /opt/ros/humble/include  
[13.624s] -- Using RMW implementation 'rmw_fastrtps_cpp' as default
[13.700s] -- Found Threads: TRUE  
[13.941s] -- Found rclcpp_action: 16.0.10 (/opt/ros/humble/share/rclcpp_action/cmake)
[14.020s] -- Found sensor_msgs: 4.2.4 (/opt/ros/humble/share/sensor_msgs/cmake)
[14.140s] -- Found tf2: 0.25.8 (/opt/ros/humble/share/tf2/cmake)
[14.218s] -- Found tf2_ros: 0.25.8 (/opt/ros/humble/share/tf2_ros/cmake)
[14.611s] -- Found tf2_geometry_msgs: 0.25.8 (/opt/ros/humble/share/tf2_geometry_msgs/cmake)
[14.687s] -- Found eigen3_cmake_module: 0.1.1 (/opt/ros/humble/share/eigen3_cmake_module/cmake)
[14.693s] -- Found Eigen3: TRUE (found version "3.4.0") 
[14.693s] -- Ensuring Eigen3 include directory is part of orocos-kdl CMake target
[14.721s] -- Found visualization_msgs: 4.2.4 (/opt/ros/humble/share/visualization_msgs/cmake)
[15.223s] -- Configuring done
[15.467s] -- Generating done
[15.485s] -- Build files have been written to: /home/lucaslapdoglinux/major_prok_ws/HardCodeHeroesMajorProject/build/turtlebot3_gazebo
[15.583s] Invoked command in '/home/lucaslapdoglinux/major_prok_ws/HardCodeHeroesMajorProject/build/turtlebot3_gazebo' returned '0': CMAKE_PREFIX_PATH=${CMAKE_PREFIX_PATH}:/home/lucaslapdoglinux/turtlebot3_ws/install/turtlebot3_teleop:/home/lucaslapdoglinux/turtlebot3_ws/install/turtlebot3_example:/home/lucaslapdoglinux/ros2_practice_ws/install/robot_math:/home/lucaslapdoglinux/ros2_practice_ws/ros2_learners/install/robot_math:/opt/ros/humble /usr/bin/cmake /home/lucaslapdoglinux/major_prok_ws/HardCodeHeroesMajorProject/turtlebot3_gazebo -DCMAKE_INSTALL_PREFIX=/home/lucaslapdoglinux/major_prok_ws/HardCodeHeroesMajorProject/install/turtlebot3_gazebo
[15.590s] Invoking command in '/home/lucaslapdoglinux/major_prok_ws/HardCodeHeroesMajorProject/build/turtlebot3_gazebo': CMAKE_PREFIX_PATH=${CMAKE_PREFIX_PATH}:/home/lucaslapdoglinux/turtlebot3_ws/install/turtlebot3_teleop:/home/lucaslapdoglinux/turtlebot3_ws/install/turtlebot3_example:/home/lucaslapdoglinux/ros2_practice_ws/install/robot_math:/home/lucaslapdoglinux/ros2_practice_ws/ros2_learners/install/robot_math:/opt/ros/humble /usr/bin/cmake --build /home/lucaslapdoglinux/major_prok_ws/HardCodeHeroesMajorProject/build/turtlebot3_gazebo -- -j8 -l8
[16.050s] [  7%] [32mBuilding CXX object CMakeFiles/obstacle2.dir/models/turtlebot3_dqn_world/obstacle_plugin/obstacle2.cc.o[0m
[16.118s] [ 15%] [32mBuilding CXX object CMakeFiles/turtlebot3_shop_keeper.dir/src/InventoryWaypointsNode.cpp.o[0m
[16.119s] [ 30%] [32mBuilding CXX object CMakeFiles/turtlebot3_shop_keeper.dir/src/main.cpp.o[0m
[16.119s] [ 30%] [32mBuilding CXX object CMakeFiles/obstacle1.dir/models/turtlebot3_dqn_world/obstacle_plugin/obstacle1.cc.o[0m
[16.174s] [ 38%] [32mBuilding CXX object CMakeFiles/turtlebot3_shop_keeper.dir/src/SensorProcessor.cpp.o[0m
[17.378s] [ 46%] [32mBuilding CXX object CMakeFiles/turtlebot3_shop_keeper.dir/src/WaypointGenerator.cpp.o[0m
[17.387s] [ 53%] [32mBuilding CXX object CMakeFiles/turtlebot3_shop_keeper.dir/src/WaypointManager.cpp.o[0m
[91.281s] [01m[K/home/lucaslapdoglinux/major_prok_ws/HardCodeHeroesMajorProject/turtlebot3_gazebo/src/InventoryWaypointsNode.cpp:[m[K In member function ‘[01m[Kvoid InventoryWaypointsNode::waypoint_callback()[m[K’:
[93.731s] [01m[K/home/lucaslapdoglinux/major_prok_ws/HardCodeHeroesMajorProject/turtlebot3_gazebo/src/InventoryWaypointsNode.cpp:89:61:[m[K [01;31m[Kerror: [m[Kno matching function for call to ‘[01m[Kmake_pair(std::pair<double, double>)[m[K’
[93.951s]    89 |   std::pair<double,double> closest_frontier = [01;31m[Kstd::make_pair(map_manager_->get_closest_frontier())[m[K;
[99.229s]       |                                               [01;31m[K~~~~~~~~~~~~~~^~~~~~~~~~~~~~~~~~~~~~~~~~~~~~~~~~~~~~[m[K
[155.939s] In file included from [01m[K/usr/include/c++/11/bits/stl_algobase.h:64[m[K,
[158.218s]                  from [01m[K/usr/include/c++/11/memory:63[m[K,
[161.545s]                  from [01m[K/opt/ros/humble/include/rclcpp/rclcpp/rclcpp.hpp:153[m[K,
[167.126s]                  from [01m[K/home/lucaslapdoglinux/major_prok_ws/HardCodeHeroesMajorProject/turtlebot3_gazebo/include/InventoryWaypointsNode.hpp:6[m[K,
[175.112s]                  from [01m[K/home/lucaslapdoglinux/major_prok_ws/HardCodeHeroesMajorProject/turtlebot3_gazebo/src/InventoryWaypointsNode.cpp:4[m[K:
[206.349s] [01m[K/usr/include/c++/11/bits/stl_pair.h:567:5:[m[K [01;36m[Knote: [m[Kcandidate: ‘[01m[Ktemplate<class _T1, class _T2> constexpr std::pair<typename std::__strip_reference_wrapper<typename std::decay<_Tp>::type>::__type, typename std::__strip_reference_wrapper<typename std::decay<_Tp2>::type>::__type> std::make_pair(_T1&&, _T2&&)[m[K’
[218.445s]   567 |     [01;36m[Kmake_pair[m[K(_T1&& __x, _T2&& __y)
[218.456s]       |     [01;36m[K^~~~~~~~~[m[K
[218.456s] [01m[K/usr/include/c++/11/bits/stl_pair.h:567:5:[m[K [01;36m[Knote: [m[K  template argument deduction/substitution failed:
[218.460s] [01m[K/home/lucaslapdoglinux/major_prok_ws/HardCodeHeroesMajorProject/turtlebot3_gazebo/src/InventoryWaypointsNode.cpp:89:61:[m[K [01;36m[Knote: [m[K  candidate expects 2 arguments, 1 provided
[218.460s]    89 |   std::pair<double,double> closest_frontier = [01;36m[Kstd::make_pair(map_manager_->get_closest_frontier())[m[K;
[218.460s]       |                                               [01;36m[K~~~~~~~~~~~~~~^~~~~~~~~~~~~~~~~~~~~~~~~~~~~~~~~~~~~~[m[K
